{"total": {"lines":{"total":2899,"covered":2095,"skipped":0,"pct":72.26},"statements":{"total":2899,"covered":2095,"skipped":0,"pct":72.26},"functions":{"total":178,"covered":144,"skipped":0,"pct":80.89},"branches":{"total":625,"covered":426,"skipped":0,"pct":68.16},"branchesTrue":{"total":0,"covered":0,"skipped":0,"pct":100}}
,"/sessions/charming-peaceful-fermi/mnt/Advanced-Messaging-App-clone/src/hooks/useActiveChatRoom.ts": {"lines":{"total":16,"covered":5,"skipped":0,"pct":31.25},"functions":{"total":1,"covered":0,"skipped":0,"pct":0},"statements":{"total":16,"covered":5,"skipped":0,"pct":31.25},"branches":{"total":0,"covered":0,"skipped":0,"pct":100}}
,"/sessions/charming-peaceful-fermi/mnt/Advanced-Messaging-App-clone/src/hooks/useAiAssistant.ts": {"lines":{"total":42,"covered":4,"skipped":0,"pct":9.52},"functions":{"total":1,"covered":0,"skipped":0,"pct":0},"statements":{"total":42,"covered":4,"skipped":0,"pct":9.52},"branches":{"total":0,"covered":0,"skipped":0,"pct":100}}
,"/sessions/charming-peaceful-fermi/mnt/Advanced-Messaging-App-clone/src/hooks/useChatRooms.ts": {"lines":{"total":23,"covered":18,"skipped":0,"pct":78.26},"functions":{"total":3,"covered":2,"skipped":0,"pct":66.66},"statements":{"total":23,"covered":18,"skipped":0,"pct":78.26},"branches":{"total":4,"covered":4,"skipped":0,"pct":100}}
,"/sessions/charming-peaceful-fermi/mnt/Advanced-Messaging-App-clone/src/hooks/useChatUserAvatars.ts": {"lines":{"total":60,"covered":0,"skipped":0,"pct":0},"functions":{"total":1,"covered":0,"skipped":0,"pct":0},"statements":{"total":60,"covered":0,"skipped":0,"pct":0},"branches":{"total":1,"covered":0,"skipped":0,"pct":0}}
,"/sessions/charming-peaceful-fermi/mnt/Advanced-Messaging-App-clone/src/hooks/useEvents.ts": {"lines":{"total":10,"covered":10,"skipped":0,"pct":100},"functions":{"total":1,"covered":1,"skipped":0,"pct":100},"statements":{"total":10,"covered":10,"skipped":0,"pct":100},"branches":{"total":1,"covered":1,"skipped":0,"pct":100}}
,"/sessions/charming-peaceful-fermi/mnt/Advanced-Messaging-App-clone/src/hooks/useFeaturedEvents.ts": {"lines":{"total":10,"covered":10,"skipped":0,"pct":100},"functions":{"total":2,"covered":1,"skipped":0,"pct":50},"statements":{"total":10,"covered":10,"skipped":0,"pct":100},"branches":{"total":1,"covered":1,"skipped":0,"pct":100}}
,"/sessions/charming-peaceful-fermi/mnt/Advanced-Messaging-App-clone/src/hooks/useLatestNews.ts": {"lines":{"total":10,"covered":10,"skipped":0,"pct":100},"functions":{"total":1,"covered":1,"skipped":0,"pct":100},"statements":{"total":10,"covered":10,"skipped":0,"pct":100},"branches":{"total":1,"covered":1,"skipped":0,"pct":100}}
,"/sessions/charming-peaceful-fermi/mnt/Advanced-Messaging-App-clone/src/hooks/useMyEvents.ts": {"lines":{"total":10,"covered":10,"skipped":0,"pct":100},"functions":{"total":1,"covered":1,"skipped":0,"pct":100},"statements":{"total":10,"covered":10,"skipped":0,"pct":100},"branches":{"total":1,"covered":1,"skipped":0,"pct":100}}
,"/sessions/charming-peaceful-fermi/mnt/Advanced-Messaging-App-clone/src/hooks/useNewsSlides.ts": {"lines":{"total":10,"covered":10,"skipped":0,"pct":100},"functions":{"total":1,"covered":1,"skipped":0,"pct":100},"statements":{"total":10,"covered":10,"skipped":0,"pct":100},"branches":{"total":1,"covered":1,"skipped":0,"pct":100}}
,"/sessions/charming-peaceful-fermi/mnt/Advanced-Messaging-App-clone/src/hooks/useNotifications.ts": {"lines":{"total":105,"covered":12,"skipped":0,"pct":11.42},"functions":{"total":5,"covered":0,"skipped":0,"pct":0},"statements":{"total":105,"covered":12,"skipped":0,"pct":11.42},"branches":{"total":0,"covered":0,"skipped":0,"pct":100}}
,"/sessions/charming-peaceful-fermi/mnt/Advanced-Messaging-App-clone/src/hooks/useSponsors.ts": {"lines":{"total":10,"covered":10,"skipped":0,"pct":100},"functions":{"total":1,"covered":1,"skipped":0,"pct":100},"statements":{"total":10,"covered":10,"skipped":0,"pct":100},"branches":{"total":1,"covered":1,"skipped":0,"pct":100}}
,"/sessions/charming-peaceful-fermi/mnt/Advanced-Messaging-App-clone/src/hooks/useUserProfile.ts": {"lines":{"total":35,"covered":11,"skipped":0,"pct":31.42},"functions":{"total":1,"covered":0,"skipped":0,"pct":0},"statements":{"total":35,"covered":11,"skipped":0,"pct":31.42},"branches":{"total":0,"covered":0,"skipped":0,"pct":100}}
,"/sessions/charming-peaceful-fermi/mnt/Advanced-Messaging-App-clone/src/services/authService.ts": {"lines":{"total":313,"covered":141,"skipped":0,"pct":45.04},"functions":{"total":12,"covered":9,"skipped":0,"pct":75},"statements":{"total":313,"covered":141,"skipped":0,"pct":45.04},"branches":{"total":45,"covered":17,"skipped":0,"pct":37.77}}
,"/sessions/charming-peaceful-fermi/mnt/Advanced-Messaging-App-clone/src/services/businessService.ts": {"lines":{"total":12,"covered":12,"skipped":0,"pct":100},"functions":{"total":1,"covered":1,"skipped":0,"pct":100},"statements":{"total":12,"covered":12,"skipped":0,"pct":100},"branches":{"total":2,"covered":2,"skipped":0,"pct":100}}
,"/sessions/charming-peaceful-fermi/mnt/Advanced-Messaging-App-clone/src/services/chatAvatarService.ts": {"lines":{"total":55,"covered":49,"skipped":0,"pct":89.09},"functions":{"total":4,"covered":4,"skipped":0,"pct":100},"statements":{"total":55,"covered":49,"skipped":0,"pct":89.09},"branches":{"total":21,"covered":18,"skipped":0,"pct":85.71}}
,"/sessions/charming-peaceful-fermi/mnt/Advanced-Messaging-App-clone/src/services/chatService.ts": {"lines":{"total":64,"covered":55,"skipped":0,"pct":85.93},"functions":{"total":5,"covered":3,"skipped":0,"pct":60},"statements":{"total":64,"covered":55,"skipped":0,"pct":85.93},"branches":{"total":12,"covered":10,"skipped":0,"pct":83.33}}
,"/sessions/charming-peaceful-fermi/mnt/Advanced-Messaging-App-clone/src/services/contentNotificationService.ts": {"lines":{"total":125,"covered":113,"skipped":0,"pct":90.4},"functions":{"total":5,"covered":4,"skipped":0,"pct":80},"statements":{"total":125,"covered":113,"skipped":0,"pct":90.4},"branches":{"total":25,"covered":19,"skipped":0,"pct":76}}
,"/sessions/charming-peaceful-fermi/mnt/Advanced-Messaging-App-clone/src/services/eventService.ts": {"lines":{"total":192,"covered":139,"skipped":0,"pct":72.39},"functions":{"total":17,"covered":13,"skipped":0,"pct":76.47},"statements":{"total":192,"covered":139,"skipped":0,"pct":72.39},"branches":{"total":27,"covered":16,"skipped":0,"pct":59.25}}
,"/sessions/charming-peaceful-fermi/mnt/Advanced-Messaging-App-clone/src/services/geocodeService.ts": {"lines":{"total":62,"covered":60,"skipped":0,"pct":96.77},"functions":{"total":3,"covered":3,"skipped":0,"pct":100},"statements":{"total":62,"covered":60,"skipped":0,"pct":96.77},"branches":{"total":16,"covered":14,"skipped":0,"pct":87.5}}
,"/sessions/charming-peaceful-fermi/mnt/Advanced-Messaging-App-clone/src/services/groqService.ts": {"lines":{"total":77,"covered":48,"skipped":0,"pct":62.33},"functions":{"total":2,"covered":1,"skipped":0,"pct":50},"statements":{"total":77,"covered":48,"skipped":0,"pct":62.33},"branches":{"total":5,"covered":5,"skipped":0,"pct":100}}
,"/sessions/charming-peaceful-fermi/mnt/Advanced-Messaging-App-clone/src/services/newsService.ts": {"lines":{"total":125,"covered":94,"skipped":0,"pct":75.2},"functions":{"total":11,"covered":11,"skipped":0,"pct":100},"statements":{"total":125,"covered":94,"skipped":0,"pct":75.2},"branches":{"total":29,"covered":15,"skipped":0,"pct":51.72}}
,"/sessions/charming-peaceful-fermi/mnt/Advanced-Messaging-App-clone/src/services/placeTypesService.ts": {"lines":{"total":87,"covered":67,"skipped":0,"pct":77.01},"functions":{"total":6,"covered":5,"skipped":0,"pct":83.33},"statements":{"total":87,"covered":67,"skipped":0,"pct":77.01},"branches":{"total":13,"covered":6,"skipped":0,"pct":46.15}}
,"/sessions/charming-peaceful-fermi/mnt/Advanced-Messaging-App-clone/src/services/placesService.ts": {"lines":{"total":168,"covered":133,"skipped":0,"pct":79.16},"functions":{"total":13,"covered":12,"skipped":0,"pct":92.3},"statements":{"total":168,"covered":133,"skipped":0,"pct":79.16},"branches":{"total":33,"covered":18,"skipped":0,"pct":54.54}}
,"/sessions/charming-peaceful-fermi/mnt/Advanced-Messaging-App-clone/src/services/profilePhotoCache.ts": {"lines":{"total":27,"covered":26,"skipped":0,"pct":96.29},"functions":{"total":3,"covered":3,"skipped":0,"pct":100},"statements":{"total":27,"covered":26,"skipped":0,"pct":96.29},"branches":{"total":12,"covered":8,"skipped":0,"pct":66.66}}
,"/sessions/charming-peaceful-fermi/mnt/Advanced-Messaging-App-clone/src/services/qaasService.ts": {"lines":{"total":74,"covered":60,"skipped":0,"pct":81.08},"functions":{"total":5,"covered":5,"skipped":0,"pct":100},"statements":{"total":74,"covered":60,"skipped":0,"pct":81.08},"branches":{"total":14,"covered":7,"skipped":0,"pct":50}}
,"/sessions/charming-peaceful-fermi/mnt/Advanced-Messaging-App-clone/src/services/realEstateService.ts": {"lines":{"total":167,"covered":137,"skipped":0,"pct":82.03},"functions":{"total":12,"covered":11,"skipped":0,"pct":91.66},"statements":{"total":167,"covered":137,"skipped":0,"pct":82.03},"branches":{"total":29,"covered":17,"skipped":0,"pct":58.62}}
,"/sessions/charming-peaceful-fermi/mnt/Advanced-Messaging-App-clone/src/services/rolesService.ts": {"lines":{"total":81,"covered":58,"skipped":0,"pct":71.6},"functions":{"total":6,"covered":5,"skipped":0,"pct":83.33},"statements":{"total":81,"covered":58,"skipped":0,"pct":71.6},"branches":{"total":13,"covered":5,"skipped":0,"pct":38.46}}
,"/sessions/charming-peaceful-fermi/mnt/Advanced-Messaging-App-clone/src/services/serviceTypesService.ts": {"lines":{"total":84,"covered":64,"skipped":0,"pct":76.19},"functions":{"total":6,"covered":5,"skipped":0,"pct":83.33},"statements":{"total":84,"covered":64,"skipped":0,"pct":76.19},"branches":{"total":14,"covered":7,"skipped":0,"pct":50}}
,"/sessions/charming-peaceful-fermi/mnt/Advanced-Messaging-App-clone/src/services/servicesService.ts": {"lines":{"total":121,"covered":83,"skipped":0,"pct":68.59},"functions":{"total":9,"covered":5,"skipped":0,"pct":55.55},"statements":{"total":121,"covered":83,"skipped":0,"pct":68.59},"branches":{"total":15,"covered":7,"skipped":0,"pct":46.66}}
,"/sessions/charming-peaceful-fermi/mnt/Advanced-Messaging-App-clone/src/services/sponsorsService.ts": {"lines":{"total":76,"covered":62,"skipped":0,"pct":81.57},"functions":{"total":5,"covered":5,"skipped":0,"pct":100},"statements":{"total":76,"covered":62,"skipped":0,"pct":81.57},"branches":{"total":14,"covered":7,"skipped":0,"pct":50}}
,"/sessions/charming-peaceful-fermi/mnt/Advanced-Messaging-App-clone/src/services/tripsService.ts": {"lines":{"total":129,"covered":103,"skipped":0,"pct":79.84},"functions":{"total":9,"covered":8,"skipped":0,"pct":88.88},"statements":{"total":129,"covered":103,"skipped":0,"pct":79.84},"branches":{"total":21,"covered":11,"skipped":0,"pct":52.38}}
,"/sessions/charming-peaceful-fermi/mnt/Advanced-Messaging-App-clone/src/services/usersService.ts": {"lines":{"total":98,"covered":96,"skipped":0,"pct":97.95},"functions":{"total":5,"covered":5,"skipped":0,"pct":100},"statements":{"total":98,"covered":96,"skipped":0,"pct":97.95},"branches":{"total":31,"covered":13,"skipped":0,"pct":41.93}}
,"/sessions/charming-peaceful-fermi/mnt/Advanced-Messaging-App-clone/src/utils/apiUnwrap.ts": {"lines":{"total":37,"covered":37,"skipped":0,"pct":100},"functions":{"total":2,"covered":2,"skipped":0,"pct":100},"statements":{"total":37,"covered":37,"skipped":0,"pct":100},"branches":{"total":30,"covered":30,"skipped":0,"pct":100}}
,"/sessions/charming-peaceful-fermi/mnt/Advanced-Messaging-App-clone/src/utils/eventPresentation.ts": {"lines":{"total":48,"covered":48,"skipped":0,"pct":100},"functions":{"total":4,"covered":4,"skipped":0,"pct":100},"statements":{"total":48,"covered":48,"skipped":0,"pct":100},"branches":{"total":25,"covered":24,"skipped":0,"pct":96}}
,"/sessions/charming-peaceful-fermi/mnt/Advanced-Messaging-App-clone/src/utils/formatChatMessage.ts": {"lines":{"total":79,"covered":79,"skipped":0,"pct":100},"functions":{"total":3,"covered":3,"skipped":0,"pct":100},"statements":{"total":79,"covered":79,"skipped":0,"pct":100},"branches":{"total":49,"covered":44,"skipped":0,"pct":89.79}}
,"/sessions/charming-peaceful-fermi/mnt/Advanced-Messaging-App-clone/src/utils/mapCoordinates.ts": {"lines":{"total":161,"covered":125,"skipped":0,"pct":77.63},"functions":{"total":6,"covered":4,"skipped":0,"pct":66.66},"statements":{"total":161,"covered":125,"skipped":0,"pct":77.63},"branches":{"total":69,"covered":53,"skipped":0,"pct":76.81}}
,"/sessions/charming-peaceful-fermi/mnt/Advanced-Messaging-App-clone/src/utils/mapPins.ts": {"lines":{"total":62,"covered":62,"skipped":0,"pct":100},"functions":{"total":2,"covered":2,"skipped":0,"pct":100},"statements":{"total":62,"covered":62,"skipped":0,"pct":100},"branches":{"total":12,"covered":6,"skipped":0,"pct":50}}
,"/sessions/charming-peaceful-fermi/mnt/Advanced-Messaging-App-clone/src/utils/notificationTime.ts": {"lines":{"total":7,"covered":7,"skipped":0,"pct":100},"functions":{"total":1,"covered":1,"skipped":0,"pct":100},"statements":{"total":7,"covered":7,"skipped":0,"pct":100},"branches":{"total":2,"covered":2,"skipped":0,"pct":100}}
,"/sessions/charming-peaceful-fermi/mnt/Advanced-Messaging-App-clone/src/utils/userRole.ts": {"lines":{"total":5,"covered":5,"skipped":0,"pct":100},"functions":{"total":1,"covered":1,"skipped":0,"pct":100},"statements":{"total":5,"covered":5,"skipped":0,"pct":100},"branches":{"total":3,"covered":3,"skipped":0,"pct":100}}
,"/sessions/charming-peaceful-fermi/mnt/Advanced-Messaging-App-clone/src/utils/weatherUtils.ts": {"lines":{"total":22,"covered":22,"skipped":0,"pct":100},"functions":{"total":1,"covered":1,"skipped":0,"pct":100},"statements":{"total":22,"covered":22,"skipped":0,"pct":100},"branches":{"total":33,"covered":32,"skipped":0,"pct":96.96}}
}
