{"/Users/bahadirkarakus/Advanced-Messaging-App-clone/src/hooks/useActiveChatRoom.ts": {"path":"/Users/bahadirkarakus/Advanced-Messaging-App-clone/src/hooks/useActiveChatRoom.ts","all":false,"statementMap":{"0":{"start":{"line":1,"column":0},"end":{"line":1,"column":36}},"1":{"start":{"line":2,"column":0},"end":{"line":2,"column":58}},"2":{"start":{"line":3,"column":0},"end":{"line":3,"column":67}},"3":{"start":{"line":4,"column":0},"end":{"line":4,"column":0}},"4":{"start":{"line":5,"column":0},"end":{"line":5,"column":85}},"5":{"start":{"line":6,"column":0},"end":{"line":6,"column":70}},"6":{"start":{"line":7,"column":0},"end":{"line":7,"column":51}},"7":{"start":{"line":8,"column":0},"end":{"line":8,"column":0}},"8":{"start":{"line":9,"column":0},"end":{"line":9,"column":17}},"9":{"start":{"line":10,"column":0},"end":{"line":10,"column":23}},"10":{"start":{"line":11,"column":0},"end":{"line":11,"column":40}},"11":{"start":{"line":12,"column":0},"end":{"line":12,"column":28}},"12":{"start":{"line":13,"column":0},"end":{"line":13,"column":43}},"13":{"start":{"line":14,"column":0},"end":{"line":14,"column":36}},"14":{"start":{"line":15,"column":0},"end":{"line":15,"column":4}},"15":{"start":{"line":16,"column":0},"end":{"line":16,"column":1}}},"s":{"0":1,"1":1,"2":1,"3":1,"4":1,"5":0,"6":0,"7":0,"8":0,"9":0,"10":0,"11":0,"12":0,"13":0,"14":0,"15":0},"branchMap":{},"b":{},"fnMap":{"0":{"name":"useActiveChatRoom","decl":{"start":{"line":6,"column":0},"end":{"line":16,"column":1}},"loc":{"start":{"line":6,"column":0},"end":{"line":16,"column":1}},"line":6}},"f":{"0":0}}
,"/Users/bahadirkarakus/Advanced-Messaging-App-clone/src/hooks/useAiAssistant.ts": {"path":"/Users/bahadirkarakus/Advanced-Messaging-App-clone/src/hooks/useAiAssistant.ts","all":false,"statementMap":{"0":{"start":{"line":1,"column":0},"end":{"line":1,"column":54}},"1":{"start":{"line":2,"column":0},"end":{"line":2,"column":45}},"2":{"start":{"line":3,"column":0},"end":{"line":3,"column":80}},"3":{"start":{"line":4,"column":0},"end":{"line":4,"column":0}},"4":{"start":{"line":5,"column":0},"end":{"line":5,"column":34}},"5":{"start":{"line":6,"column":0},"end":{"line":6,"column":46}},"6":{"start":{"line":7,"column":0},"end":{"line":7,"column":68}},"7":{"start":{"line":8,"column":0},"end":{"line":8,"column":45}},"8":{"start":{"line":9,"column":0},"end":{"line":9,"column":52}},"9":{"start":{"line":10,"column":0},"end":{"line":10,"column":43}},"10":{"start":{"line":11,"column":0},"end":{"line":11,"column":0}},"11":{"start":{"line":12,"column":0},"end":{"line":12,"column":49}},"12":{"start":{"line":13,"column":0},"end":{"line":13,"column":32}},"13":{"start":{"line":14,"column":0},"end":{"line":14,"column":35}},"14":{"start":{"line":15,"column":0},"end":{"line":15,"column":19}},"15":{"start":{"line":16,"column":0},"end":{"line":16,"column":58}},"16":{"start":{"line":17,"column":0},"end":{"line":17,"column":48}},"17":{"start":{"line":18,"column":0},"end":{"line":18,"column":23}},"18":{"start":{"line":19,"column":0},"end":{"line":19,"column":9}},"19":{"start":{"line":20,"column":0},"end":{"line":20,"column":62}},"20":{"start":{"line":21,"column":0},"end":{"line":21,"column":73}},"21":{"start":{"line":22,"column":0},"end":{"line":22,"column":13}},"22":{"start":{"line":23,"column":0},"end":{"line":23,"column":31}},"23":{"start":{"line":24,"column":0},"end":{"line":24,"column":16}},"24":{"start":{"line":25,"column":0},"end":{"line":25,"column":82}},"25":{"start":{"line":26,"column":0},"end":{"line":26,"column":9}},"26":{"start":{"line":27,"column":0},"end":{"line":27,"column":15}},"27":{"start":{"line":28,"column":0},"end":{"line":28,"column":26}},"28":{"start":{"line":29,"column":0},"end":{"line":29,"column":5}},"29":{"start":{"line":30,"column":0},"end":{"line":30,"column":39}},"30":{"start":{"line":31,"column":0},"end":{"line":31,"column":0}},"31":{"start":{"line":32,"column":0},"end":{"line":32,"column":10}},"32":{"start":{"line":33,"column":0},"end":{"line":33,"column":11}},"33":{"start":{"line":34,"column":0},"end":{"line":34,"column":14}},"34":{"start":{"line":35,"column":0},"end":{"line":35,"column":15}},"35":{"start":{"line":36,"column":0},"end":{"line":36,"column":12}},"36":{"start":{"line":37,"column":0},"end":{"line":37,"column":15}},"37":{"start":{"line":38,"column":0},"end":{"line":38,"column":14}},"38":{"start":{"line":39,"column":0},"end":{"line":39,"column":14}},"39":{"start":{"line":40,"column":0},"end":{"line":40,"column":18}},"40":{"start":{"line":41,"column":0},"end":{"line":41,"column":4}},"41":{"start":{"line":42,"column":0},"end":{"line":42,"column":1}}},"s":{"0":1,"1":1,"2":1,"3":1,"4":0,"5":0,"6":0,"7":0,"8":0,"9":0,"10":0,"11":0,"12":0,"13":0,"14":0,"15":0,"16":0,"17":0,"18":0,"19":0,"20":0,"21":0,"22":0,"23":0,"24":0,"25":0,"26":0,"27":0,"28":0,"29":0,"30":0,"31":0,"32":0,"33":0,"34":0,"35":0,"36":0,"37":0,"38":0,"39":0,"40":0,"41":0},"branchMap":{},"b":{},"fnMap":{"0":{"name":"useAiAssistant","decl":{"start":{"line":5,"column":0},"end":{"line":42,"column":1}},"loc":{"start":{"line":5,"column":0},"end":{"line":42,"column":1}},"line":5}},"f":{"0":0}}
,"/Users/bahadirkarakus/Advanced-Messaging-App-clone/src/hooks/useChatRooms.ts": {"path":"/Users/bahadirkarakus/Advanced-Messaging-App-clone/src/hooks/useChatRooms.ts","all":false,"statementMap":{"0":{"start":{"line":1,"column":0},"end":{"line":1,"column":49}},"1":{"start":{"line":2,"column":0},"end":{"line":2,"column":60}},"2":{"start":{"line":3,"column":0},"end":{"line":3,"column":0}},"3":{"start":{"line":4,"column":0},"end":{"line":4,"column":33}},"4":{"start":{"line":5,"column":0},"end":{"line":5,"column":20}},"5":{"start":{"line":6,"column":0},"end":{"line":6,"column":28}},"6":{"start":{"line":7,"column":0},"end":{"line":7,"column":34}},"7":{"start":{"line":8,"column":0},"end":{"line":8,"column":29}},"8":{"start":{"line":9,"column":0},"end":{"line":9,"column":5}},"9":{"start":{"line":10,"column":0},"end":{"line":10,"column":0}},"10":{"start":{"line":11,"column":0},"end":{"line":11,"column":36}},"11":{"start":{"line":12,"column":0},"end":{"line":12,"column":31}},"12":{"start":{"line":13,"column":0},"end":{"line":13,"column":74}},"13":{"start":{"line":14,"column":0},"end":{"line":14,"column":34}},"14":{"start":{"line":15,"column":0},"end":{"line":15,"column":2}},"15":{"start":{"line":16,"column":0},"end":{"line":16,"column":0}},"16":{"start":{"line":17,"column":0},"end":{"line":17,"column":54}},"17":{"start":{"line":18,"column":0},"end":{"line":18,"column":20}},"18":{"start":{"line":19,"column":0},"end":{"line":19,"column":36}},"19":{"start":{"line":20,"column":0},"end":{"line":20,"column":53}},"20":{"start":{"line":21,"column":0},"end":{"line":21,"column":24}},"21":{"start":{"line":22,"column":0},"end":{"line":22,"column":25}},"22":{"start":{"line":23,"column":0},"end":{"line":23,"column":5}}},"s":{"0":1,"1":1,"2":1,"3":1,"4":3,"5":3,"6":3,"7":3,"8":1,"9":1,"10":1,"11":2,"12":2,"13":2,"14":2,"15":1,"16":1,"17":0,"18":0,"19":0,"20":0,"21":0,"22":1},"branchMap":{"0":{"type":"branch","line":4,"loc":{"start":{"line":4,"column":28},"end":{"line":9,"column":4}},"locations":[{"start":{"line":4,"column":28},"end":{"line":9,"column":4}}]},"1":{"type":"branch","line":11,"loc":{"start":{"line":11,"column":29},"end":{"line":15,"column":2}},"locations":[{"start":{"line":11,"column":29},"end":{"line":15,"column":2}}]},"2":{"type":"branch","line":13,"loc":{"start":{"line":13,"column":65},"end":{"line":13,"column":73}},"locations":[{"start":{"line":13,"column":65},"end":{"line":13,"column":73}}]},"3":{"type":"branch","line":13,"loc":{"start":{"line":13,"column":38},"end":{"line":13,"column":64}},"locations":[{"start":{"line":13,"column":38},"end":{"line":13,"column":64}}]}},"b":{"0":[3],"1":[2],"2":[1],"3":[1]},"fnMap":{"0":{"name":"useChatRooms","decl":{"start":{"line":4,"column":28},"end":{"line":9,"column":4}},"loc":{"start":{"line":4,"column":28},"end":{"line":9,"column":4}},"line":4},"1":{"name":"useGlobalRoom","decl":{"start":{"line":11,"column":29},"end":{"line":15,"column":2}},"loc":{"start":{"line":11,"column":29},"end":{"line":15,"column":2}},"line":11},"2":{"name":"useDmRooms","decl":{"start":{"line":17,"column":26},"end":{"line":23,"column":4}},"loc":{"start":{"line":17,"column":26},"end":{"line":23,"column":4}},"line":17}},"f":{"0":3,"1":2,"2":0}}
,"/Users/bahadirkarakus/Advanced-Messaging-App-clone/src/hooks/useChatUserAvatars.ts": {"path":"/Users/bahadirkarakus/Advanced-Messaging-App-clone/src/hooks/useChatUserAvatars.ts","all":true,"statementMap":{"0":{"start":{"line":1,"column":0},"end":{"line":1,"column":46}},"1":{"start":{"line":2,"column":0},"end":{"line":2,"column":8}},"2":{"start":{"line":3,"column":0},"end":{"line":3,"column":23}},"3":{"start":{"line":4,"column":0},"end":{"line":4,"column":24}},"4":{"start":{"line":5,"column":0},"end":{"line":5,"column":26}},"5":{"start":{"line":6,"column":0},"end":{"line":6,"column":21}},"6":{"start":{"line":7,"column":0},"end":{"line":7,"column":39}},"7":{"start":{"line":8,"column":0},"end":{"line":8,"column":0}},"8":{"start":{"line":9,"column":0},"end":{"line":9,"column":82}},"9":{"start":{"line":10,"column":0},"end":{"line":10,"column":38}},"10":{"start":{"line":11,"column":0},"end":{"line":11,"column":38}},"11":{"start":{"line":12,"column":0},"end":{"line":12,"column":60}},"12":{"start":{"line":13,"column":0},"end":{"line":13,"column":0}},"13":{"start":{"line":14,"column":0},"end":{"line":14,"column":39}},"14":{"start":{"line":15,"column":0},"end":{"line":15,"column":66}},"15":{"start":{"line":16,"column":0},"end":{"line":16,"column":26}},"16":{"start":{"line":17,"column":0},"end":{"line":17,"column":31}},"17":{"start":{"line":18,"column":0},"end":{"line":18,"column":55}},"18":{"start":{"line":19,"column":0},"end":{"line":19,"column":69}},"19":{"start":{"line":20,"column":0},"end":{"line":20,"column":59}},"20":{"start":{"line":21,"column":0},"end":{"line":21,"column":25}},"21":{"start":{"line":22,"column":0},"end":{"line":22,"column":9}},"22":{"start":{"line":23,"column":0},"end":{"line":23,"column":7}},"23":{"start":{"line":24,"column":0},"end":{"line":24,"column":26}},"24":{"start":{"line":25,"column":0},"end":{"line":25,"column":6}},"25":{"start":{"line":26,"column":0},"end":{"line":26,"column":11}},"26":{"start":{"line":27,"column":0},"end":{"line":27,"column":4}},"27":{"start":{"line":28,"column":0},"end":{"line":28,"column":0}},"28":{"start":{"line":29,"column":0},"end":{"line":29,"column":42}},"29":{"start":{"line":30,"column":0},"end":{"line":30,"column":72}},"30":{"start":{"line":31,"column":0},"end":{"line":31,"column":29}},"31":{"start":{"line":32,"column":0},"end":{"line":32,"column":74}},"32":{"start":{"line":33,"column":0},"end":{"line":33,"column":41}},"33":{"start":{"line":34,"column":0},"end":{"line":34,"column":13}},"34":{"start":{"line":35,"column":0},"end":{"line":35,"column":6}},"35":{"start":{"line":36,"column":0},"end":{"line":36,"column":29}},"36":{"start":{"line":37,"column":0},"end":{"line":37,"column":4}},"37":{"start":{"line":38,"column":0},"end":{"line":38,"column":0}},"38":{"start":{"line":39,"column":0},"end":{"line":39,"column":35}},"39":{"start":{"line":40,"column":0},"end":{"line":40,"column":46}},"40":{"start":{"line":41,"column":0},"end":{"line":41,"column":38}},"41":{"start":{"line":42,"column":0},"end":{"line":42,"column":36}},"42":{"start":{"line":43,"column":0},"end":{"line":43,"column":43}},"43":{"start":{"line":44,"column":0},"end":{"line":44,"column":6}},"44":{"start":{"line":45,"column":0},"end":{"line":45,"column":11}},"45":{"start":{"line":46,"column":0},"end":{"line":46,"column":4}},"46":{"start":{"line":47,"column":0},"end":{"line":47,"column":0}},"47":{"start":{"line":48,"column":0},"end":{"line":48,"column":66}},"48":{"start":{"line":49,"column":0},"end":{"line":49,"column":51}},"49":{"start":{"line":50,"column":0},"end":{"line":50,"column":11}},"50":{"start":{"line":51,"column":0},"end":{"line":51,"column":15}},"51":{"start":{"line":52,"column":0},"end":{"line":52,"column":13}},"52":{"start":{"line":53,"column":0},"end":{"line":53,"column":0}},"53":{"start":{"line":54,"column":0},"end":{"line":54,"column":10}},"54":{"start":{"line":55,"column":0},"end":{"line":55,"column":17}},"55":{"start":{"line":56,"column":0},"end":{"line":56,"column":21}},"56":{"start":{"line":57,"column":0},"end":{"line":57,"column":24}},"57":{"start":{"line":58,"column":0},"end":{"line":58,"column":21}},"58":{"start":{"line":59,"column":0},"end":{"line":59,"column":4}},"59":{"start":{"line":60,"column":0},"end":{"line":60,"column":2}}},"s":{"0":0,"1":0,"2":0,"3":0,"4":0,"5":0,"6":0,"7":0,"8":0,"9":0,"10":0,"11":0,"12":0,"13":0,"14":0,"15":0,"16":0,"17":0,"18":0,"19":0,"20":0,"21":0,"22":0,"23":0,"24":0,"25":0,"26":0,"27":0,"28":0,"29":0,"30":0,"31":0,"32":0,"33":0,"34":0,"35":0,"36":0,"37":0,"38":0,"39":0,"40":0,"41":0,"42":0,"43":0,"44":0,"45":0,"46":0,"47":0,"48":0,"49":0,"50":0,"51":0,"52":0,"53":0,"54":0,"55":0,"56":0,"57":0,"58":0,"59":0},"branchMap":{"0":{"type":"branch","line":1,"loc":{"start":{"line":1,"column":0},"end":{"line":60,"column":2}},"locations":[{"start":{"line":1,"column":0},"end":{"line":60,"column":2}}]}},"b":{"0":[0]},"fnMap":{"0":{"name":"(empty-report)","decl":{"start":{"line":1,"column":0},"end":{"line":60,"column":2}},"loc":{"start":{"line":1,"column":0},"end":{"line":60,"column":2}},"line":1}},"f":{"0":0}}
,"/Users/bahadirkarakus/Advanced-Messaging-App-clone/src/hooks/useEvents.ts": {"path":"/Users/bahadirkarakus/Advanced-Messaging-App-clone/src/hooks/useEvents.ts","all":false,"statementMap":{"0":{"start":{"line":1,"column":0},"end":{"line":1,"column":49}},"1":{"start":{"line":2,"column":0},"end":{"line":2,"column":56}},"2":{"start":{"line":3,"column":0},"end":{"line":3,"column":0}},"3":{"start":{"line":4,"column":0},"end":{"line":4,"column":29}},"4":{"start":{"line":5,"column":0},"end":{"line":5,"column":19}},"5":{"start":{"line":6,"column":0},"end":{"line":6,"column":32}},"6":{"start":{"line":7,"column":0},"end":{"line":7,"column":33}},"7":{"start":{"line":8,"column":0},"end":{"line":8,"column":29}},"8":{"start":{"line":9,"column":0},"end":{"line":9,"column":5}},"9":{"start":{"line":10,"column":0},"end":{"line":10,"column":1}}},"s":{"0":1,"1":1,"2":1,"3":2,"4":2,"5":2,"6":2,"7":2,"8":2,"9":2},"branchMap":{"0":{"type":"branch","line":4,"loc":{"start":{"line":4,"column":0},"end":{"line":10,"column":1}},"locations":[{"start":{"line":4,"column":0},"end":{"line":10,"column":1}}]}},"b":{"0":[2]},"fnMap":{"0":{"name":"useEvents","decl":{"start":{"line":4,"column":0},"end":{"line":10,"column":1}},"loc":{"start":{"line":4,"column":0},"end":{"line":10,"column":1}},"line":4}},"f":{"0":2}}
,"/Users/bahadirkarakus/Advanced-Messaging-App-clone/src/hooks/useFeaturedEvents.ts": {"path":"/Users/bahadirkarakus/Advanced-Messaging-App-clone/src/hooks/useFeaturedEvents.ts","all":false,"statementMap":{"0":{"start":{"line":1,"column":0},"end":{"line":1,"column":49}},"1":{"start":{"line":2,"column":0},"end":{"line":2,"column":56}},"2":{"start":{"line":3,"column":0},"end":{"line":3,"column":0}},"3":{"start":{"line":4,"column":0},"end":{"line":4,"column":37}},"4":{"start":{"line":5,"column":0},"end":{"line":5,"column":19}},"5":{"start":{"line":6,"column":0},"end":{"line":6,"column":37}},"6":{"start":{"line":7,"column":0},"end":{"line":7,"column":81}},"7":{"start":{"line":8,"column":0},"end":{"line":8,"column":29}},"8":{"start":{"line":9,"column":0},"end":{"line":9,"column":5}},"9":{"start":{"line":10,"column":0},"end":{"line":10,"column":1}}},"s":{"0":1,"1":1,"2":1,"3":1,"4":1,"5":1,"6":1,"7":1,"8":1,"9":1},"branchMap":{"0":{"type":"branch","line":4,"loc":{"start":{"line":4,"column":0},"end":{"line":10,"column":1}},"locations":[{"start":{"line":4,"column":0},"end":{"line":10,"column":1}}]}},"b":{"0":[1]},"fnMap":{"0":{"name":"useFeaturedEvents","decl":{"start":{"line":4,"column":0},"end":{"line":10,"column":1}},"loc":{"start":{"line":4,"column":0},"end":{"line":10,"column":1}},"line":4},"1":{"name":"queryFn","decl":{"start":{"line":7,"column":13},"end":{"line":7,"column":80}},"loc":{"start":{"line":7,"column":13},"end":{"line":7,"column":80}},"line":7}},"f":{"0":1,"1":0}}
,"/Users/bahadirkarakus/Advanced-Messaging-App-clone/src/hooks/useLatestNews.ts": {"path":"/Users/bahadirkarakus/Advanced-Messaging-App-clone/src/hooks/useLatestNews.ts","all":false,"statementMap":{"0":{"start":{"line":1,"column":0},"end":{"line":1,"column":49}},"1":{"start":{"line":2,"column":0},"end":{"line":2,"column":42}},"2":{"start":{"line":3,"column":0},"end":{"line":3,"column":0}},"3":{"start":{"line":4,"column":0},"end":{"line":4,"column":33}},"4":{"start":{"line":5,"column":0},"end":{"line":5,"column":19}},"5":{"start":{"line":6,"column":0},"end":{"line":6,"column":33}},"6":{"start":{"line":7,"column":0},"end":{"line":7,"column":35}},"7":{"start":{"line":8,"column":0},"end":{"line":8,"column":30}},"8":{"start":{"line":9,"column":0},"end":{"line":9,"column":5}},"9":{"start":{"line":10,"column":0},"end":{"line":10,"column":1}}},"s":{"0":1,"1":1,"2":1,"3":1,"4":1,"5":1,"6":1,"7":1,"8":1,"9":1},"branchMap":{"0":{"type":"branch","line":4,"loc":{"start":{"line":4,"column":0},"end":{"line":10,"column":1}},"locations":[{"start":{"line":4,"column":0},"end":{"line":10,"column":1}}]}},"b":{"0":[1]},"fnMap":{"0":{"name":"useLatestNews","decl":{"start":{"line":4,"column":0},"end":{"line":10,"column":1}},"loc":{"start":{"line":4,"column":0},"end":{"line":10,"column":1}},"line":4}},"f":{"0":1}}
,"/Users/bahadirkarakus/Advanced-Messaging-App-clone/src/hooks/useMyEvents.ts": {"path":"/Users/bahadirkarakus/Advanced-Messaging-App-clone/src/hooks/useMyEvents.ts","all":false,"statementMap":{"0":{"start":{"line":1,"column":0},"end":{"line":1,"column":49}},"1":{"start":{"line":2,"column":0},"end":{"line":2,"column":56}},"2":{"start":{"line":3,"column":0},"end":{"line":3,"column":0}},"3":{"start":{"line":4,"column":0},"end":{"line":4,"column":31}},"4":{"start":{"line":5,"column":0},"end":{"line":5,"column":19}},"5":{"start":{"line":6,"column":0},"end":{"line":6,"column":31}},"6":{"start":{"line":7,"column":0},"end":{"line":7,"column":42}},"7":{"start":{"line":8,"column":0},"end":{"line":8,"column":29}},"8":{"start":{"line":9,"column":0},"end":{"line":9,"column":5}},"9":{"start":{"line":10,"column":0},"end":{"line":10,"column":1}}},"s":{"0":1,"1":1,"2":1,"3":1,"4":1,"5":1,"6":1,"7":1,"8":1,"9":1},"branchMap":{"0":{"type":"branch","line":4,"loc":{"start":{"line":4,"column":0},"end":{"line":10,"column":1}},"locations":[{"start":{"line":4,"column":0},"end":{"line":10,"column":1}}]}},"b":{"0":[1]},"fnMap":{"0":{"name":"useMyEvents","decl":{"start":{"line":4,"column":0},"end":{"line":10,"column":1}},"loc":{"start":{"line":4,"column":0},"end":{"line":10,"column":1}},"line":4}},"f":{"0":1}}
,"/Users/bahadirkarakus/Advanced-Messaging-App-clone/src/hooks/useNewsSlides.ts": {"path":"/Users/bahadirkarakus/Advanced-Messaging-App-clone/src/hooks/useNewsSlides.ts","all":false,"statementMap":{"0":{"start":{"line":1,"column":0},"end":{"line":1,"column":49}},"1":{"start":{"line":2,"column":0},"end":{"line":2,"column":42}},"2":{"start":{"line":3,"column":0},"end":{"line":3,"column":0}},"3":{"start":{"line":4,"column":0},"end":{"line":4,"column":33}},"4":{"start":{"line":5,"column":0},"end":{"line":5,"column":19}},"5":{"start":{"line":6,"column":0},"end":{"line":6,"column":33}},"6":{"start":{"line":7,"column":0},"end":{"line":7,"column":35}},"7":{"start":{"line":8,"column":0},"end":{"line":8,"column":30}},"8":{"start":{"line":9,"column":0},"end":{"line":9,"column":5}},"9":{"start":{"line":10,"column":0},"end":{"line":10,"column":1}}},"s":{"0":1,"1":1,"2":1,"3":1,"4":1,"5":1,"6":1,"7":1,"8":1,"9":1},"branchMap":{"0":{"type":"branch","line":4,"loc":{"start":{"line":4,"column":0},"end":{"line":10,"column":1}},"locations":[{"start":{"line":4,"column":0},"end":{"line":10,"column":1}}]}},"b":{"0":[1]},"fnMap":{"0":{"name":"useNewsSlides","decl":{"start":{"line":4,"column":0},"end":{"line":10,"column":1}},"loc":{"start":{"line":4,"column":0},"end":{"line":10,"column":1}},"line":4}},"f":{"0":1}}
,"/Users/bahadirkarakus/Advanced-Messaging-App-clone/src/hooks/useNotifications.ts": {"path":"/Users/bahadirkarakus/Advanced-Messaging-App-clone/src/hooks/useNotifications.ts","all":false,"statementMap":{"0":{"start":{"line":1,"column":0},"end":{"line":1,"column":66}},"1":{"start":{"line":2,"column":0},"end":{"line":2,"column":69}},"2":{"start":{"line":3,"column":0},"end":{"line":3,"column":81}},"3":{"start":{"line":4,"column":0},"end":{"line":4,"column":0}},"4":{"start":{"line":5,"column":0},"end":{"line":5,"column":46}},"5":{"start":{"line":6,"column":0},"end":{"line":6,"column":22}},"6":{"start":{"line":7,"column":0},"end":{"line":7,"column":0}},"7":{"start":{"line":8,"column":0},"end":{"line":8,"column":27}},"8":{"start":{"line":9,"column":0},"end":{"line":9,"column":67}},"9":{"start":{"line":10,"column":0},"end":{"line":10,"column":1}},"10":{"start":{"line":11,"column":0},"end":{"line":11,"column":0}},"11":{"start":{"line":12,"column":0},"end":{"line":12,"column":70}},"12":{"start":{"line":13,"column":0},"end":{"line":13,"column":10}},"13":{"start":{"line":14,"column":0},"end":{"line":14,"column":29}},"14":{"start":{"line":15,"column":0},"end":{"line":15,"column":23}},"15":{"start":{"line":16,"column":0},"end":{"line":16,"column":21}},"16":{"start":{"line":17,"column":0},"end":{"line":17,"column":31}},"17":{"start":{"line":18,"column":0},"end":{"line":18,"column":34}},"18":{"start":{"line":19,"column":0},"end":{"line":19,"column":59}},"19":{"start":{"line":20,"column":0},"end":{"line":20,"column":25}},"20":{"start":{"line":21,"column":0},"end":{"line":21,"column":21}},"21":{"start":{"line":22,"column":0},"end":{"line":22,"column":4}},"22":{"start":{"line":23,"column":0},"end":{"line":23,"column":1}},"23":{"start":{"line":24,"column":0},"end":{"line":24,"column":0}},"24":{"start":{"line":25,"column":0},"end":{"line":25,"column":54}},"25":{"start":{"line":26,"column":0},"end":{"line":26,"column":7}},"26":{"start":{"line":27,"column":0},"end":{"line":27,"column":56}},"27":{"start":{"line":28,"column":0},"end":{"line":28,"column":24}},"28":{"start":{"line":29,"column":0},"end":{"line":29,"column":46}},"29":{"start":{"line":30,"column":0},"end":{"line":30,"column":42}},"30":{"start":{"line":31,"column":0},"end":{"line":31,"column":25}},"31":{"start":{"line":32,"column":0},"end":{"line":32,"column":31}},"32":{"start":{"line":33,"column":0},"end":{"line":33,"column":14}},"33":{"start":{"line":34,"column":0},"end":{"line":34,"column":32}},"34":{"start":{"line":35,"column":0},"end":{"line":35,"column":53}},"35":{"start":{"line":36,"column":0},"end":{"line":36,"column":54}},"36":{"start":{"line":37,"column":0},"end":{"line":37,"column":6}},"37":{"start":{"line":38,"column":0},"end":{"line":38,"column":11}},"38":{"start":{"line":39,"column":0},"end":{"line":39,"column":14}},"39":{"start":{"line":40,"column":0},"end":{"line":40,"column":3}},"40":{"start":{"line":41,"column":0},"end":{"line":41,"column":1}},"41":{"start":{"line":42,"column":0},"end":{"line":42,"column":0}},"42":{"start":{"line":43,"column":0},"end":{"line":43,"column":65}},"43":{"start":{"line":44,"column":0},"end":{"line":44,"column":85}},"44":{"start":{"line":45,"column":0},"end":{"line":45,"column":1}},"45":{"start":{"line":46,"column":0},"end":{"line":46,"column":0}},"46":{"start":{"line":47,"column":0},"end":{"line":47,"column":79}},"47":{"start":{"line":48,"column":0},"end":{"line":48,"column":41}},"48":{"start":{"line":49,"column":0},"end":{"line":49,"column":73}},"49":{"start":{"line":50,"column":0},"end":{"line":50,"column":46}},"50":{"start":{"line":51,"column":0},"end":{"line":51,"column":0}},"51":{"start":{"line":52,"column":0},"end":{"line":52,"column":53}},"52":{"start":{"line":53,"column":0},"end":{"line":53,"column":36}},"53":{"start":{"line":54,"column":0},"end":{"line":54,"column":27}},"54":{"start":{"line":55,"column":0},"end":{"line":55,"column":20}},"55":{"start":{"line":56,"column":0},"end":{"line":56,"column":16}},"56":{"start":{"line":57,"column":0},"end":{"line":57,"column":9}},"57":{"start":{"line":58,"column":0},"end":{"line":58,"column":0}},"58":{"start":{"line":59,"column":0},"end":{"line":59,"column":19}},"59":{"start":{"line":60,"column":0},"end":{"line":60,"column":29}},"60":{"start":{"line":61,"column":0},"end":{"line":61,"column":26}},"61":{"start":{"line":62,"column":0},"end":{"line":62,"column":0}},"62":{"start":{"line":63,"column":0},"end":{"line":63,"column":63}},"63":{"start":{"line":64,"column":0},"end":{"line":64,"column":27}},"64":{"start":{"line":65,"column":0},"end":{"line":65,"column":28}},"65":{"start":{"line":66,"column":0},"end":{"line":66,"column":9}},"66":{"start":{"line":67,"column":0},"end":{"line":67,"column":0}},"67":{"start":{"line":68,"column":0},"end":{"line":68,"column":38}},"68":{"start":{"line":69,"column":0},"end":{"line":69,"column":39}},"69":{"start":{"line":70,"column":0},"end":{"line":70,"column":48}},"70":{"start":{"line":71,"column":0},"end":{"line":71,"column":34}},"71":{"start":{"line":72,"column":0},"end":{"line":72,"column":90}},"72":{"start":{"line":73,"column":0},"end":{"line":73,"column":31}},"73":{"start":{"line":74,"column":0},"end":{"line":74,"column":20}},"74":{"start":{"line":75,"column":0},"end":{"line":75,"column":9}},"75":{"start":{"line":76,"column":0},"end":{"line":76,"column":18}},"76":{"start":{"line":77,"column":0},"end":{"line":77,"column":6}},"77":{"start":{"line":78,"column":0},"end":{"line":78,"column":7}},"78":{"start":{"line":79,"column":0},"end":{"line":79,"column":4}},"79":{"start":{"line":80,"column":0},"end":{"line":80,"column":0}},"80":{"start":{"line":81,"column":0},"end":{"line":81,"column":33}},"81":{"start":{"line":82,"column":0},"end":{"line":82,"column":27}},"82":{"start":{"line":83,"column":0},"end":{"line":83,"column":34}},"83":{"start":{"line":84,"column":0},"end":{"line":84,"column":81}},"84":{"start":{"line":85,"column":0},"end":{"line":85,"column":31}},"85":{"start":{"line":86,"column":0},"end":{"line":86,"column":20}},"86":{"start":{"line":87,"column":0},"end":{"line":87,"column":9}},"87":{"start":{"line":88,"column":0},"end":{"line":88,"column":6}},"88":{"start":{"line":89,"column":0},"end":{"line":89,"column":7}},"89":{"start":{"line":90,"column":0},"end":{"line":90,"column":4}},"90":{"start":{"line":91,"column":0},"end":{"line":91,"column":0}},"91":{"start":{"line":92,"column":0},"end":{"line":92,"column":30}},"92":{"start":{"line":93,"column":0},"end":{"line":93,"column":56}},"93":{"start":{"line":94,"column":0},"end":{"line":94,"column":20}},"94":{"start":{"line":95,"column":0},"end":{"line":95,"column":4}},"95":{"start":{"line":96,"column":0},"end":{"line":96,"column":0}},"96":{"start":{"line":97,"column":0},"end":{"line":97,"column":10}},"97":{"start":{"line":98,"column":0},"end":{"line":98,"column":18}},"98":{"start":{"line":99,"column":0},"end":{"line":99,"column":16}},"99":{"start":{"line":100,"column":0},"end":{"line":100,"column":11}},"100":{"start":{"line":101,"column":0},"end":{"line":101,"column":22}},"101":{"start":{"line":102,"column":0},"end":{"line":102,"column":20}},"102":{"start":{"line":103,"column":0},"end":{"line":103,"column":15}},"103":{"start":{"line":104,"column":0},"end":{"line":104,"column":4}},"104":{"start":{"line":105,"column":0},"end":{"line":105,"column":1}}},"s":{"0":1,"1":1,"2":1,"3":1,"4":1,"5":1,"6":1,"7":0,"8":0,"9":0,"10":1,"11":0,"12":0,"13":0,"14":0,"15":0,"16":0,"17":0,"18":0,"19":0,"20":0,"21":0,"22":0,"23":1,"24":0,"25":0,"26":0,"27":0,"28":0,"29":0,"30":0,"31":0,"32":0,"33":0,"34":0,"35":0,"36":0,"37":0,"38":0,"39":0,"40":0,"41":1,"42":0,"43":0,"44":0,"45":1,"46":1,"47":0,"48":0,"49":0,"50":0,"51":0,"52":0,"53":0,"54":0,"55":0,"56":0,"57":0,"58":0,"59":0,"60":0,"61":0,"62":0,"63":0,"64":0,"65":0,"66":0,"67":0,"68":0,"69":0,"70":0,"71":0,"72":0,"73":0,"74":0,"75":0,"76":0,"77":0,"78":0,"79":0,"80":0,"81":0,"82":0,"83":0,"84":0,"85":0,"86":0,"87":0,"88":0,"89":0,"90":0,"91":0,"92":0,"93":0,"94":0,"95":0,"96":0,"97":0,"98":0,"99":0,"100":0,"101":0,"102":0,"103":0,"104":0},"branchMap":{},"b":{},"fnMap":{"0":{"name":"makeId","decl":{"start":{"line":8,"column":0},"end":{"line":10,"column":1}},"loc":{"start":{"line":8,"column":0},"end":{"line":10,"column":1}},"line":8},"1":{"name":"normalizeNotification","decl":{"start":{"line":12,"column":0},"end":{"line":23,"column":1}},"loc":{"start":{"line":12,"column":0},"end":{"line":23,"column":1}},"line":12},"2":{"name":"readStored","decl":{"start":{"line":25,"column":0},"end":{"line":41,"column":1}},"loc":{"start":{"line":25,"column":0},"end":{"line":41,"column":1}},"line":25},"3":{"name":"writeStored","decl":{"start":{"line":43,"column":0},"end":{"line":45,"column":1}},"loc":{"start":{"line":43,"column":0},"end":{"line":45,"column":1}},"line":43},"4":{"name":"useNotificationsState","decl":{"start":{"line":48,"column":0},"end":{"line":105,"column":1}},"loc":{"start":{"line":48,"column":0},"end":{"line":105,"column":1}},"line":48}},"f":{"0":0,"1":0,"2":0,"3":0,"4":0}}
,"/Users/bahadirkarakus/Advanced-Messaging-App-clone/src/hooks/useSponsors.ts": {"path":"/Users/bahadirkarakus/Advanced-Messaging-App-clone/src/hooks/useSponsors.ts","all":false,"statementMap":{"0":{"start":{"line":1,"column":0},"end":{"line":1,"column":49}},"1":{"start":{"line":2,"column":0},"end":{"line":2,"column":46}},"2":{"start":{"line":3,"column":0},"end":{"line":3,"column":0}},"3":{"start":{"line":4,"column":0},"end":{"line":4,"column":31}},"4":{"start":{"line":5,"column":0},"end":{"line":5,"column":19}},"5":{"start":{"line":6,"column":0},"end":{"line":6,"column":27}},"6":{"start":{"line":7,"column":0},"end":{"line":7,"column":36}},"7":{"start":{"line":8,"column":0},"end":{"line":8,"column":30}},"8":{"start":{"line":9,"column":0},"end":{"line":9,"column":5}},"9":{"start":{"line":10,"column":0},"end":{"line":10,"column":1}}},"s":{"0":1,"1":1,"2":1,"3":1,"4":1,"5":1,"6":1,"7":1,"8":1,"9":1},"branchMap":{"0":{"type":"branch","line":4,"loc":{"start":{"line":4,"column":0},"end":{"line":10,"column":1}},"locations":[{"start":{"line":4,"column":0},"end":{"line":10,"column":1}}]}},"b":{"0":[1]},"fnMap":{"0":{"name":"useSponsors","decl":{"start":{"line":4,"column":0},"end":{"line":10,"column":1}},"loc":{"start":{"line":4,"column":0},"end":{"line":10,"column":1}},"line":4}},"f":{"0":1}}
,"/Users/bahadirkarakus/Advanced-Messaging-App-clone/src/hooks/useUserProfile.ts": {"path":"/Users/bahadirkarakus/Advanced-Messaging-App-clone/src/hooks/useUserProfile.ts","all":false,"statementMap":{"0":{"start":{"line":1,"column":0},"end":{"line":1,"column":33}},"1":{"start":{"line":2,"column":0},"end":{"line":2,"column":56}},"2":{"start":{"line":3,"column":0},"end":{"line":3,"column":48}},"3":{"start":{"line":4,"column":0},"end":{"line":4,"column":0}},"4":{"start":{"line":5,"column":0},"end":{"line":5,"column":33}},"5":{"start":{"line":6,"column":0},"end":{"line":6,"column":19}},"6":{"start":{"line":7,"column":0},"end":{"line":7,"column":21}},"7":{"start":{"line":8,"column":0},"end":{"line":8,"column":19}},"8":{"start":{"line":9,"column":0},"end":{"line":9,"column":14}},"9":{"start":{"line":10,"column":0},"end":{"line":10,"column":1}},"10":{"start":{"line":11,"column":0},"end":{"line":11,"column":0}},"11":{"start":{"line":12,"column":0},"end":{"line":12,"column":34}},"12":{"start":{"line":13,"column":0},"end":{"line":13,"column":84}},"13":{"start":{"line":14,"column":0},"end":{"line":14,"column":62}},"14":{"start":{"line":15,"column":0},"end":{"line":15,"column":56}},"15":{"start":{"line":16,"column":0},"end":{"line":16,"column":0}},"16":{"start":{"line":17,"column":0},"end":{"line":17,"column":89}},"17":{"start":{"line":18,"column":0},"end":{"line":18,"column":26}},"18":{"start":{"line":19,"column":0},"end":{"line":19,"column":58}},"19":{"start":{"line":20,"column":0},"end":{"line":20,"column":25}},"20":{"start":{"line":21,"column":0},"end":{"line":21,"column":28}},"21":{"start":{"line":22,"column":0},"end":{"line":22,"column":9}},"22":{"start":{"line":23,"column":0},"end":{"line":23,"column":56}},"23":{"start":{"line":24,"column":0},"end":{"line":24,"column":69}},"24":{"start":{"line":25,"column":0},"end":{"line":25,"column":13}},"25":{"start":{"line":26,"column":0},"end":{"line":26,"column":66}},"26":{"start":{"line":27,"column":0},"end":{"line":27,"column":15}},"27":{"start":{"line":28,"column":0},"end":{"line":28,"column":31}},"28":{"start":{"line":29,"column":0},"end":{"line":29,"column":5}},"29":{"start":{"line":30,"column":0},"end":{"line":30,"column":4}},"30":{"start":{"line":31,"column":0},"end":{"line":31,"column":0}},"31":{"start":{"line":32,"column":0},"end":{"line":32,"column":51}},"32":{"start":{"line":33,"column":0},"end":{"line":33,"column":0}},"33":{"start":{"line":34,"column":0},"end":{"line":34,"column":84}},"34":{"start":{"line":35,"column":0},"end":{"line":35,"column":1}}},"s":{"0":1,"1":1,"2":1,"3":1,"4":1,"5":1,"6":1,"7":1,"8":1,"9":1,"10":1,"11":0,"12":0,"13":0,"14":0,"15":0,"16":0,"17":0,"18":0,"19":0,"20":0,"21":0,"22":0,"23":0,"24":0,"25":0,"26":0,"27":0,"28":0,"29":0,"30":0,"31":0,"32":0,"33":0,"34":0},"branchMap":{},"b":{},"fnMap":{"0":{"name":"useUserProfile","decl":{"start":{"line":12,"column":0},"end":{"line":35,"column":1}},"loc":{"start":{"line":12,"column":0},"end":{"line":35,"column":1}},"line":12}},"f":{"0":0}}
,"/Users/bahadirkarakus/Advanced-Messaging-App-clone/src/services/authService.ts": {"path":"/Users/bahadirkarakus/Advanced-Messaging-App-clone/src/services/authService.ts","all":false,"statementMap":{"0":{"start":{"line":1,"column":0},"end":{"line":1,"column":69}},"1":{"start":{"line":2,"column":0},"end":{"line":2,"column":39}},"2":{"start":{"line":3,"column":0},"end":{"line":3,"column":35}},"3":{"start":{"line":4,"column":0},"end":{"line":4,"column":51}},"4":{"start":{"line":5,"column":0},"end":{"line":5,"column":8}},"5":{"start":{"line":6,"column":0},"end":{"line":6,"column":15}},"6":{"start":{"line":7,"column":0},"end":{"line":7,"column":16}},"7":{"start":{"line":8,"column":0},"end":{"line":8,"column":18}},"8":{"start":{"line":9,"column":0},"end":{"line":9,"column":7}},"9":{"start":{"line":10,"column":0},"end":{"line":10,"column":13}},"10":{"start":{"line":11,"column":0},"end":{"line":11,"column":29}},"11":{"start":{"line":12,"column":0},"end":{"line":12,"column":53}},"12":{"start":{"line":13,"column":0},"end":{"line":13,"column":8}},"13":{"start":{"line":14,"column":0},"end":{"line":14,"column":29}},"14":{"start":{"line":15,"column":0},"end":{"line":15,"column":24}},"15":{"start":{"line":16,"column":0},"end":{"line":16,"column":29}},"16":{"start":{"line":17,"column":0},"end":{"line":17,"column":0}},"17":{"start":{"line":18,"column":0},"end":{"line":18,"column":73}},"18":{"start":{"line":19,"column":0},"end":{"line":19,"column":57}},"19":{"start":{"line":20,"column":0},"end":{"line":20,"column":51}},"20":{"start":{"line":21,"column":0},"end":{"line":21,"column":43}},"21":{"start":{"line":22,"column":0},"end":{"line":22,"column":48}},"22":{"start":{"line":23,"column":0},"end":{"line":23,"column":23}},"23":{"start":{"line":24,"column":0},"end":{"line":24,"column":45}},"24":{"start":{"line":25,"column":0},"end":{"line":25,"column":54}},"25":{"start":{"line":26,"column":0},"end":{"line":26,"column":18}},"26":{"start":{"line":27,"column":0},"end":{"line":27,"column":81}},"27":{"start":{"line":28,"column":0},"end":{"line":28,"column":35}},"28":{"start":{"line":29,"column":0},"end":{"line":29,"column":18}},"29":{"start":{"line":30,"column":0},"end":{"line":30,"column":77}},"30":{"start":{"line":31,"column":0},"end":{"line":31,"column":20}},"31":{"start":{"line":32,"column":0},"end":{"line":32,"column":62}},"32":{"start":{"line":33,"column":0},"end":{"line":33,"column":23}},"33":{"start":{"line":34,"column":0},"end":{"line":34,"column":18}},"34":{"start":{"line":35,"column":0},"end":{"line":35,"column":10}},"35":{"start":{"line":36,"column":0},"end":{"line":36,"column":12}},"36":{"start":{"line":37,"column":0},"end":{"line":37,"column":13}},"37":{"start":{"line":38,"column":0},"end":{"line":38,"column":10}},"38":{"start":{"line":39,"column":0},"end":{"line":39,"column":47}},"39":{"start":{"line":40,"column":0},"end":{"line":40,"column":54}},"40":{"start":{"line":41,"column":0},"end":{"line":41,"column":57}},"41":{"start":{"line":42,"column":0},"end":{"line":42,"column":42}},"42":{"start":{"line":43,"column":0},"end":{"line":43,"column":42}},"43":{"start":{"line":44,"column":0},"end":{"line":44,"column":18}},"44":{"start":{"line":45,"column":0},"end":{"line":45,"column":15}},"45":{"start":{"line":46,"column":0},"end":{"line":46,"column":4}},"46":{"start":{"line":47,"column":0},"end":{"line":47,"column":1}},"47":{"start":{"line":48,"column":0},"end":{"line":48,"column":0}},"48":{"start":{"line":49,"column":0},"end":{"line":49,"column":25}},"49":{"start":{"line":50,"column":0},"end":{"line":50,"column":20}},"50":{"start":{"line":51,"column":0},"end":{"line":51,"column":13}},"51":{"start":{"line":52,"column":0},"end":{"line":52,"column":10}},"52":{"start":{"line":53,"column":0},"end":{"line":53,"column":0}},"53":{"start":{"line":54,"column":0},"end":{"line":54,"column":85}},"54":{"start":{"line":55,"column":0},"end":{"line":55,"column":0}},"55":{"start":{"line":56,"column":0},"end":{"line":56,"column":28}},"56":{"start":{"line":57,"column":0},"end":{"line":57,"column":0}},"57":{"start":{"line":58,"column":0},"end":{"line":58,"column":26}},"58":{"start":{"line":59,"column":0},"end":{"line":59,"column":62}},"59":{"start":{"line":60,"column":0},"end":{"line":60,"column":19}},"60":{"start":{"line":61,"column":0},"end":{"line":61,"column":10}},"61":{"start":{"line":62,"column":0},"end":{"line":62,"column":55}},"62":{"start":{"line":63,"column":0},"end":{"line":63,"column":58}},"63":{"start":{"line":64,"column":0},"end":{"line":64,"column":9}},"64":{"start":{"line":65,"column":0},"end":{"line":65,"column":75}},"65":{"start":{"line":66,"column":0},"end":{"line":66,"column":63}},"66":{"start":{"line":67,"column":0},"end":{"line":67,"column":25}},"67":{"start":{"line":68,"column":0},"end":{"line":68,"column":7}},"68":{"start":{"line":69,"column":0},"end":{"line":69,"column":52}},"69":{"start":{"line":70,"column":0},"end":{"line":70,"column":5}},"70":{"start":{"line":71,"column":0},"end":{"line":71,"column":0}},"71":{"start":{"line":72,"column":0},"end":{"line":72,"column":9}},"72":{"start":{"line":73,"column":0},"end":{"line":73,"column":60}},"73":{"start":{"line":74,"column":0},"end":{"line":74,"column":61}},"74":{"start":{"line":75,"column":0},"end":{"line":75,"column":31}},"75":{"start":{"line":76,"column":0},"end":{"line":76,"column":70}},"76":{"start":{"line":77,"column":0},"end":{"line":77,"column":73}},"77":{"start":{"line":78,"column":0},"end":{"line":78,"column":80}},"78":{"start":{"line":79,"column":0},"end":{"line":79,"column":8}},"79":{"start":{"line":80,"column":0},"end":{"line":80,"column":0}},"80":{"start":{"line":81,"column":0},"end":{"line":81,"column":80}},"81":{"start":{"line":82,"column":0},"end":{"line":82,"column":79}},"82":{"start":{"line":83,"column":0},"end":{"line":83,"column":43}},"83":{"start":{"line":84,"column":0},"end":{"line":84,"column":36}},"84":{"start":{"line":85,"column":0},"end":{"line":85,"column":0}},"85":{"start":{"line":86,"column":0},"end":{"line":86,"column":46}},"86":{"start":{"line":87,"column":0},"end":{"line":87,"column":13}},"87":{"start":{"line":88,"column":0},"end":{"line":88,"column":75}},"88":{"start":{"line":89,"column":0},"end":{"line":89,"column":16}},"89":{"start":{"line":90,"column":0},"end":{"line":90,"column":21}},"90":{"start":{"line":91,"column":0},"end":{"line":91,"column":24}},"91":{"start":{"line":92,"column":0},"end":{"line":92,"column":51}},"92":{"start":{"line":93,"column":0},"end":{"line":93,"column":62}},"93":{"start":{"line":94,"column":0},"end":{"line":94,"column":56}},"94":{"start":{"line":95,"column":0},"end":{"line":95,"column":75}},"95":{"start":{"line":96,"column":0},"end":{"line":96,"column":9}},"96":{"start":{"line":97,"column":0},"end":{"line":97,"column":7}},"97":{"start":{"line":98,"column":0},"end":{"line":98,"column":0}},"98":{"start":{"line":99,"column":0},"end":{"line":99,"column":32}},"99":{"start":{"line":100,"column":0},"end":{"line":100,"column":0}},"100":{"start":{"line":101,"column":0},"end":{"line":101,"column":54}},"101":{"start":{"line":102,"column":0},"end":{"line":102,"column":40}},"102":{"start":{"line":103,"column":0},"end":{"line":103,"column":38}},"103":{"start":{"line":104,"column":0},"end":{"line":104,"column":0}},"104":{"start":{"line":105,"column":0},"end":{"line":105,"column":19}},"105":{"start":{"line":106,"column":0},"end":{"line":106,"column":66}},"106":{"start":{"line":107,"column":0},"end":{"line":107,"column":7}},"107":{"start":{"line":108,"column":0},"end":{"line":108,"column":0}},"108":{"start":{"line":109,"column":0},"end":{"line":109,"column":30}},"109":{"start":{"line":110,"column":0},"end":{"line":110,"column":54}},"110":{"start":{"line":111,"column":0},"end":{"line":111,"column":0}},"111":{"start":{"line":112,"column":0},"end":{"line":112,"column":11}},"112":{"start":{"line":113,"column":0},"end":{"line":113,"column":45}},"113":{"start":{"line":114,"column":0},"end":{"line":114,"column":17}},"114":{"start":{"line":115,"column":0},"end":{"line":115,"column":64}},"115":{"start":{"line":116,"column":0},"end":{"line":116,"column":76}},"116":{"start":{"line":117,"column":0},"end":{"line":117,"column":26}},"117":{"start":{"line":118,"column":0},"end":{"line":118,"column":9}},"118":{"start":{"line":119,"column":0},"end":{"line":119,"column":15}},"119":{"start":{"line":120,"column":0},"end":{"line":120,"column":26}},"120":{"start":{"line":121,"column":0},"end":{"line":121,"column":7}},"121":{"start":{"line":122,"column":0},"end":{"line":122,"column":0}},"122":{"start":{"line":123,"column":0},"end":{"line":123,"column":107}},"123":{"start":{"line":124,"column":0},"end":{"line":124,"column":11}},"124":{"start":{"line":125,"column":0},"end":{"line":125,"column":53}},"125":{"start":{"line":126,"column":0},"end":{"line":126,"column":61}},"126":{"start":{"line":127,"column":0},"end":{"line":127,"column":63}},"127":{"start":{"line":128,"column":0},"end":{"line":128,"column":69}},"128":{"start":{"line":129,"column":0},"end":{"line":129,"column":74}},"129":{"start":{"line":130,"column":0},"end":{"line":130,"column":24}},"130":{"start":{"line":131,"column":0},"end":{"line":131,"column":15}},"131":{"start":{"line":132,"column":0},"end":{"line":132,"column":69}},"132":{"start":{"line":133,"column":0},"end":{"line":133,"column":34}},"133":{"start":{"line":134,"column":0},"end":{"line":134,"column":42}},"134":{"start":{"line":135,"column":0},"end":{"line":135,"column":12}},"135":{"start":{"line":136,"column":0},"end":{"line":136,"column":72}},"136":{"start":{"line":137,"column":0},"end":{"line":137,"column":70}},"137":{"start":{"line":138,"column":0},"end":{"line":138,"column":40}},"138":{"start":{"line":139,"column":0},"end":{"line":139,"column":37}},"139":{"start":{"line":140,"column":0},"end":{"line":140,"column":21}},"140":{"start":{"line":141,"column":0},"end":{"line":141,"column":72}},"141":{"start":{"line":142,"column":0},"end":{"line":142,"column":74}},"142":{"start":{"line":143,"column":0},"end":{"line":143,"column":24}},"143":{"start":{"line":144,"column":0},"end":{"line":144,"column":7}},"144":{"start":{"line":145,"column":0},"end":{"line":145,"column":17}},"145":{"start":{"line":146,"column":0},"end":{"line":146,"column":27}},"146":{"start":{"line":147,"column":0},"end":{"line":147,"column":5}},"147":{"start":{"line":148,"column":0},"end":{"line":148,"column":4}},"148":{"start":{"line":149,"column":0},"end":{"line":149,"column":0}},"149":{"start":{"line":150,"column":0},"end":{"line":150,"column":20}},"150":{"start":{"line":151,"column":0},"end":{"line":151,"column":61}},"151":{"start":{"line":152,"column":0},"end":{"line":152,"column":9}},"152":{"start":{"line":153,"column":0},"end":{"line":153,"column":41}},"153":{"start":{"line":154,"column":0},"end":{"line":154,"column":17}},"154":{"start":{"line":155,"column":0},"end":{"line":155,"column":27}},"155":{"start":{"line":156,"column":0},"end":{"line":156,"column":5}},"156":{"start":{"line":157,"column":0},"end":{"line":157,"column":4}},"157":{"start":{"line":158,"column":0},"end":{"line":158,"column":0}},"158":{"start":{"line":159,"column":0},"end":{"line":159,"column":18}},"159":{"start":{"line":160,"column":0},"end":{"line":160,"column":38}},"160":{"start":{"line":161,"column":0},"end":{"line":161,"column":64}},"161":{"start":{"line":162,"column":0},"end":{"line":162,"column":4}},"162":{"start":{"line":163,"column":0},"end":{"line":163,"column":0}},"163":{"start":{"line":164,"column":0},"end":{"line":164,"column":38}},"164":{"start":{"line":165,"column":0},"end":{"line":165,"column":52}},"165":{"start":{"line":166,"column":0},"end":{"line":166,"column":9}},"166":{"start":{"line":167,"column":0},"end":{"line":167,"column":58}},"167":{"start":{"line":168,"column":0},"end":{"line":168,"column":28}},"168":{"start":{"line":169,"column":0},"end":{"line":169,"column":0}},"169":{"start":{"line":170,"column":0},"end":{"line":170,"column":61}},"170":{"start":{"line":171,"column":0},"end":{"line":171,"column":30}},"171":{"start":{"line":172,"column":0},"end":{"line":172,"column":0}},"172":{"start":{"line":173,"column":0},"end":{"line":173,"column":45}},"173":{"start":{"line":174,"column":0},"end":{"line":174,"column":47}},"174":{"start":{"line":175,"column":0},"end":{"line":175,"column":47}},"175":{"start":{"line":176,"column":0},"end":{"line":176,"column":50}},"176":{"start":{"line":177,"column":0},"end":{"line":177,"column":7}},"177":{"start":{"line":178,"column":0},"end":{"line":178,"column":0}},"178":{"start":{"line":179,"column":0},"end":{"line":179,"column":34}},"179":{"start":{"line":180,"column":0},"end":{"line":180,"column":51}},"180":{"start":{"line":181,"column":0},"end":{"line":181,"column":56}},"181":{"start":{"line":182,"column":0},"end":{"line":182,"column":0}},"182":{"start":{"line":183,"column":0},"end":{"line":183,"column":22}},"183":{"start":{"line":184,"column":0},"end":{"line":184,"column":35}},"184":{"start":{"line":185,"column":0},"end":{"line":185,"column":20}},"185":{"start":{"line":186,"column":0},"end":{"line":186,"column":7}},"186":{"start":{"line":187,"column":0},"end":{"line":187,"column":0}},"187":{"start":{"line":188,"column":0},"end":{"line":188,"column":45}},"188":{"start":{"line":189,"column":0},"end":{"line":189,"column":48}},"189":{"start":{"line":190,"column":0},"end":{"line":190,"column":13}},"190":{"start":{"line":191,"column":0},"end":{"line":191,"column":18}},"191":{"start":{"line":192,"column":0},"end":{"line":192,"column":5}},"192":{"start":{"line":193,"column":0},"end":{"line":193,"column":4}},"193":{"start":{"line":194,"column":0},"end":{"line":194,"column":0}},"194":{"start":{"line":195,"column":0},"end":{"line":195,"column":50}},"195":{"start":{"line":196,"column":0},"end":{"line":196,"column":51}},"196":{"start":{"line":197,"column":0},"end":{"line":197,"column":25}},"197":{"start":{"line":198,"column":0},"end":{"line":198,"column":4}},"198":{"start":{"line":199,"column":0},"end":{"line":199,"column":0}},"199":{"start":{"line":200,"column":0},"end":{"line":200,"column":56}},"200":{"start":{"line":201,"column":0},"end":{"line":201,"column":44}},"201":{"start":{"line":202,"column":0},"end":{"line":202,"column":9}},"202":{"start":{"line":203,"column":0},"end":{"line":203,"column":58}},"203":{"start":{"line":204,"column":0},"end":{"line":204,"column":53}},"204":{"start":{"line":205,"column":0},"end":{"line":205,"column":44}},"205":{"start":{"line":206,"column":0},"end":{"line":206,"column":29}},"206":{"start":{"line":207,"column":0},"end":{"line":207,"column":46}},"207":{"start":{"line":208,"column":0},"end":{"line":208,"column":13}},"208":{"start":{"line":209,"column":0},"end":{"line":209,"column":18}},"209":{"start":{"line":210,"column":0},"end":{"line":210,"column":5}},"210":{"start":{"line":211,"column":0},"end":{"line":211,"column":4}},"211":{"start":{"line":212,"column":0},"end":{"line":212,"column":0}},"212":{"start":{"line":213,"column":0},"end":{"line":213,"column":83}},"213":{"start":{"line":214,"column":0},"end":{"line":214,"column":78}},"214":{"start":{"line":215,"column":0},"end":{"line":215,"column":15}},"215":{"start":{"line":216,"column":0},"end":{"line":216,"column":31}},"216":{"start":{"line":217,"column":0},"end":{"line":217,"column":23}},"217":{"start":{"line":218,"column":0},"end":{"line":218,"column":24}},"218":{"start":{"line":219,"column":0},"end":{"line":219,"column":28}},"219":{"start":{"line":220,"column":0},"end":{"line":220,"column":32}},"220":{"start":{"line":221,"column":0},"end":{"line":221,"column":5}},"221":{"start":{"line":222,"column":0},"end":{"line":222,"column":0}},"222":{"start":{"line":223,"column":0},"end":{"line":223,"column":80}},"223":{"start":{"line":224,"column":0},"end":{"line":224,"column":76}},"224":{"start":{"line":225,"column":0},"end":{"line":225,"column":53}},"225":{"start":{"line":226,"column":0},"end":{"line":226,"column":29}},"226":{"start":{"line":227,"column":0},"end":{"line":227,"column":45}},"227":{"start":{"line":228,"column":0},"end":{"line":228,"column":68}},"228":{"start":{"line":229,"column":0},"end":{"line":229,"column":18}},"229":{"start":{"line":230,"column":0},"end":{"line":230,"column":4}},"230":{"start":{"line":231,"column":0},"end":{"line":231,"column":0}},"231":{"start":{"line":232,"column":0},"end":{"line":232,"column":5}},"232":{"start":{"line":233,"column":0},"end":{"line":233,"column":85}},"233":{"start":{"line":234,"column":0},"end":{"line":234,"column":5}},"234":{"start":{"line":235,"column":0},"end":{"line":235,"column":19}},"235":{"start":{"line":236,"column":0},"end":{"line":236,"column":80}},"236":{"start":{"line":237,"column":0},"end":{"line":237,"column":30}},"237":{"start":{"line":238,"column":0},"end":{"line":238,"column":30}},"238":{"start":{"line":239,"column":0},"end":{"line":239,"column":62}},"239":{"start":{"line":240,"column":0},"end":{"line":240,"column":0}},"240":{"start":{"line":241,"column":0},"end":{"line":241,"column":53}},"241":{"start":{"line":242,"column":0},"end":{"line":242,"column":27}},"242":{"start":{"line":243,"column":0},"end":{"line":243,"column":93}},"243":{"start":{"line":244,"column":0},"end":{"line":244,"column":19}},"244":{"start":{"line":245,"column":0},"end":{"line":245,"column":22}},"245":{"start":{"line":246,"column":0},"end":{"line":246,"column":75}},"246":{"start":{"line":247,"column":0},"end":{"line":247,"column":18}},"247":{"start":{"line":248,"column":0},"end":{"line":248,"column":0}},"248":{"start":{"line":249,"column":0},"end":{"line":249,"column":9}},"249":{"start":{"line":250,"column":0},"end":{"line":250,"column":48}},"250":{"start":{"line":251,"column":0},"end":{"line":251,"column":24}},"251":{"start":{"line":252,"column":0},"end":{"line":252,"column":24}},"252":{"start":{"line":253,"column":0},"end":{"line":253,"column":92}},"253":{"start":{"line":254,"column":0},"end":{"line":254,"column":98}},"254":{"start":{"line":255,"column":0},"end":{"line":255,"column":13}},"255":{"start":{"line":256,"column":0},"end":{"line":256,"column":81}},"256":{"start":{"line":257,"column":0},"end":{"line":257,"column":28}},"257":{"start":{"line":258,"column":0},"end":{"line":258,"column":17}},"258":{"start":{"line":259,"column":0},"end":{"line":259,"column":40}},"259":{"start":{"line":260,"column":0},"end":{"line":260,"column":9}},"260":{"start":{"line":261,"column":0},"end":{"line":261,"column":7}},"261":{"start":{"line":262,"column":0},"end":{"line":262,"column":46}},"262":{"start":{"line":263,"column":0},"end":{"line":263,"column":58}},"263":{"start":{"line":264,"column":0},"end":{"line":264,"column":69}},"264":{"start":{"line":265,"column":0},"end":{"line":265,"column":7}},"265":{"start":{"line":266,"column":0},"end":{"line":266,"column":51}},"266":{"start":{"line":267,"column":0},"end":{"line":267,"column":5}},"267":{"start":{"line":268,"column":0},"end":{"line":268,"column":0}},"268":{"start":{"line":269,"column":0},"end":{"line":269,"column":45}},"269":{"start":{"line":270,"column":0},"end":{"line":270,"column":17}},"270":{"start":{"line":271,"column":0},"end":{"line":271,"column":32}},"271":{"start":{"line":272,"column":0},"end":{"line":272,"column":44}},"272":{"start":{"line":273,"column":0},"end":{"line":273,"column":22}},"273":{"start":{"line":274,"column":0},"end":{"line":274,"column":54}},"274":{"start":{"line":275,"column":0},"end":{"line":275,"column":12}},"275":{"start":{"line":276,"column":0},"end":{"line":276,"column":17}},"276":{"start":{"line":277,"column":0},"end":{"line":277,"column":73}},"277":{"start":{"line":278,"column":0},"end":{"line":278,"column":73}},"278":{"start":{"line":279,"column":0},"end":{"line":279,"column":23}},"279":{"start":{"line":280,"column":0},"end":{"line":280,"column":5}},"280":{"start":{"line":281,"column":0},"end":{"line":281,"column":17}},"281":{"start":{"line":282,"column":0},"end":{"line":282,"column":70}},"282":{"start":{"line":283,"column":0},"end":{"line":283,"column":41}},"283":{"start":{"line":284,"column":0},"end":{"line":284,"column":54}},"284":{"start":{"line":285,"column":0},"end":{"line":285,"column":8}},"285":{"start":{"line":286,"column":0},"end":{"line":286,"column":5}},"286":{"start":{"line":287,"column":0},"end":{"line":287,"column":16}},"287":{"start":{"line":288,"column":0},"end":{"line":288,"column":4}},"288":{"start":{"line":289,"column":0},"end":{"line":289,"column":0}},"289":{"start":{"line":290,"column":0},"end":{"line":290,"column":78}},"290":{"start":{"line":291,"column":0},"end":{"line":291,"column":73}},"291":{"start":{"line":292,"column":0},"end":{"line":292,"column":53}},"292":{"start":{"line":293,"column":0},"end":{"line":293,"column":73}},"293":{"start":{"line":294,"column":0},"end":{"line":294,"column":63}},"294":{"start":{"line":295,"column":0},"end":{"line":295,"column":32}},"295":{"start":{"line":296,"column":0},"end":{"line":296,"column":55}},"296":{"start":{"line":297,"column":0},"end":{"line":297,"column":4}},"297":{"start":{"line":298,"column":0},"end":{"line":298,"column":0}},"298":{"start":{"line":299,"column":0},"end":{"line":299,"column":64}},"299":{"start":{"line":300,"column":0},"end":{"line":300,"column":68}},"300":{"start":{"line":301,"column":0},"end":{"line":301,"column":25}},"301":{"start":{"line":302,"column":0},"end":{"line":302,"column":0}},"302":{"start":{"line":303,"column":0},"end":{"line":303,"column":9}},"303":{"start":{"line":304,"column":0},"end":{"line":304,"column":63}},"304":{"start":{"line":305,"column":0},"end":{"line":305,"column":47}},"305":{"start":{"line":306,"column":0},"end":{"line":306,"column":19}},"306":{"start":{"line":307,"column":0},"end":{"line":307,"column":72}},"307":{"start":{"line":308,"column":0},"end":{"line":308,"column":7}},"308":{"start":{"line":309,"column":0},"end":{"line":309,"column":17}},"309":{"start":{"line":310,"column":0},"end":{"line":310,"column":27}},"310":{"start":{"line":311,"column":0},"end":{"line":311,"column":5}},"311":{"start":{"line":312,"column":0},"end":{"line":312,"column":4}},"312":{"start":{"line":313,"column":0},"end":{"line":313,"column":2}}},"s":{"0":1,"1":1,"2":1,"3":1,"4":1,"5":1,"6":1,"7":1,"8":1,"9":1,"10":1,"11":1,"12":1,"13":1,"14":1,"15":1,"16":1,"17":1,"18":1,"19":1,"20":0,"21":1,"22":1,"23":1,"24":1,"25":1,"26":1,"27":1,"28":1,"29":1,"30":1,"31":1,"32":1,"33":1,"34":1,"35":1,"36":1,"37":1,"38":1,"39":1,"40":1,"41":1,"42":1,"43":1,"44":1,"45":1,"46":1,"47":1,"48":1,"49":1,"50":1,"51":1,"52":1,"53":1,"54":1,"55":1,"56":1,"57":1,"58":1,"59":0,"60":0,"61":0,"62":0,"63":0,"64":0,"65":0,"66":0,"67":0,"68":0,"69":0,"70":0,"71":0,"72":0,"73":0,"74":0,"75":0,"76":0,"77":0,"78":0,"79":0,"80":0,"81":0,"82":0,"83":0,"84":0,"85":0,"86":0,"87":0,"88":0,"89":0,"90":0,"91":0,"92":0,"93":0,"94":0,"95":0,"96":0,"97":0,"98":0,"99":0,"100":0,"101":0,"102":0,"103":0,"104":0,"105":0,"106":0,"107":0,"108":0,"109":0,"110":0,"111":0,"112":0,"113":0,"114":0,"115":0,"116":0,"117":0,"118":0,"119":0,"120":0,"121":0,"122":0,"123":0,"124":0,"125":0,"126":0,"127":0,"128":0,"129":0,"130":0,"131":0,"132":0,"133":0,"134":0,"135":0,"136":0,"137":0,"138":0,"139":0,"140":0,"141":0,"142":0,"143":0,"144":0,"145":0,"146":0,"147":1,"148":1,"149":1,"150":1,"151":2,"152":2,"153":1,"154":1,"155":1,"156":1,"157":1,"158":1,"159":1,"160":1,"161":1,"162":1,"163":1,"164":1,"165":4,"166":4,"167":4,"168":3,"169":3,"170":3,"171":0,"172":0,"173":4,"174":0,"175":0,"176":0,"177":0,"178":0,"179":0,"180":0,"181":0,"182":0,"183":0,"184":0,"185":0,"186":0,"187":0,"188":0,"189":0,"190":0,"191":0,"192":1,"193":1,"194":1,"195":1,"196":1,"197":1,"198":1,"199":1,"200":1,"201":3,"202":3,"203":2,"204":2,"205":3,"206":0,"207":3,"208":2,"209":2,"210":1,"211":1,"212":1,"213":1,"214":1,"215":1,"216":1,"217":1,"218":1,"219":1,"220":1,"221":1,"222":1,"223":1,"224":1,"225":1,"226":0,"227":0,"228":0,"229":1,"230":1,"231":1,"232":1,"233":1,"234":1,"235":0,"236":0,"237":0,"238":0,"239":0,"240":0,"241":0,"242":0,"243":0,"244":0,"245":0,"246":0,"247":0,"248":0,"249":0,"250":0,"251":0,"252":0,"253":0,"254":0,"255":0,"256":0,"257":0,"258":0,"259":0,"260":0,"261":0,"262":0,"263":0,"264":0,"265":0,"266":0,"267":0,"268":0,"269":0,"270":0,"271":0,"272":0,"273":0,"274":0,"275":0,"276":0,"277":0,"278":0,"279":0,"280":0,"281":0,"282":0,"283":0,"284":0,"285":0,"286":0,"287":1,"288":1,"289":1,"290":1,"291":0,"292":0,"293":0,"294":0,"295":0,"296":1,"297":1,"298":1,"299":1,"300":2,"301":2,"302":2,"303":2,"304":1,"305":2,"306":0,"307":0,"308":2,"309":1,"310":1,"311":1,"312":1},"branchMap":{"0":{"type":"branch","line":19,"loc":{"start":{"line":19,"column":0},"end":{"line":47,"column":1}},"locations":[{"start":{"line":19,"column":0},"end":{"line":47,"column":1}}]},"1":{"type":"branch","line":20,"loc":{"start":{"line":20,"column":10},"end":{"line":20,"column":37}},"locations":[{"start":{"line":20,"column":10},"end":{"line":20,"column":37}}]},"2":{"type":"branch","line":21,"loc":{"start":{"line":21,"column":-1},"end":{"line":22,"column":33}},"locations":[{"start":{"line":21,"column":-1},"end":{"line":22,"column":33}}]},"3":{"type":"branch","line":22,"loc":{"start":{"line":22,"column":33},"end":{"line":22,"column":39}},"locations":[{"start":{"line":22,"column":33},"end":{"line":22,"column":39}}]},"4":{"type":"branch","line":23,"loc":{"start":{"line":23,"column":11},"end":{"line":24,"column":36}},"locations":[{"start":{"line":23,"column":11},"end":{"line":24,"column":36}}]},"5":{"type":"branch","line":25,"loc":{"start":{"line":25,"column":39},"end":{"line":25,"column":45}},"locations":[{"start":{"line":25,"column":39},"end":{"line":25,"column":45}}]},"6":{"type":"branch","line":27,"loc":{"start":{"line":27,"column":15},"end":{"line":27,"column":70}},"locations":[{"start":{"line":27,"column":15},"end":{"line":27,"column":70}}]},"7":{"type":"branch","line":27,"loc":{"start":{"line":27,"column":70},"end":{"line":27,"column":80}},"locations":[{"start":{"line":27,"column":70},"end":{"line":27,"column":80}}]},"8":{"type":"branch","line":30,"loc":{"start":{"line":30,"column":16},"end":{"line":30,"column":36}},"locations":[{"start":{"line":30,"column":16},"end":{"line":30,"column":36}}]},"9":{"type":"branch","line":30,"loc":{"start":{"line":30,"column":36},"end":{"line":30,"column":48}},"locations":[{"start":{"line":30,"column":36},"end":{"line":30,"column":48}}]},"10":{"type":"branch","line":30,"loc":{"start":{"line":30,"column":48},"end":{"line":30,"column":63}},"locations":[{"start":{"line":30,"column":48},"end":{"line":30,"column":63}}]},"11":{"type":"branch","line":30,"loc":{"start":{"line":30,"column":63},"end":{"line":30,"column":76}},"locations":[{"start":{"line":30,"column":63},"end":{"line":30,"column":76}}]},"12":{"type":"branch","line":32,"loc":{"start":{"line":32,"column":32},"end":{"line":32,"column":62}},"locations":[{"start":{"line":32,"column":32},"end":{"line":32,"column":62}}]},"13":{"type":"branch","line":33,"loc":{"start":{"line":33,"column":6},"end":{"line":33,"column":23}},"locations":[{"start":{"line":33,"column":6},"end":{"line":33,"column":23}}]},"14":{"type":"branch","line":34,"loc":{"start":{"line":34,"column":6},"end":{"line":34,"column":17}},"locations":[{"start":{"line":34,"column":6},"end":{"line":34,"column":17}}]},"15":{"type":"branch","line":39,"loc":{"start":{"line":39,"column":23},"end":{"line":39,"column":33}},"locations":[{"start":{"line":39,"column":23},"end":{"line":39,"column":33}}]},"16":{"type":"branch","line":39,"loc":{"start":{"line":39,"column":33},"end":{"line":39,"column":45}},"locations":[{"start":{"line":39,"column":33},"end":{"line":39,"column":45}}]},"17":{"type":"branch","line":40,"loc":{"start":{"line":40,"column":25},"end":{"line":40,"column":41}},"locations":[{"start":{"line":40,"column":25},"end":{"line":40,"column":41}}]},"18":{"type":"branch","line":40,"loc":{"start":{"line":40,"column":42},"end":{"line":40,"column":53}},"locations":[{"start":{"line":40,"column":42},"end":{"line":40,"column":53}}]},"19":{"type":"branch","line":41,"loc":{"start":{"line":41,"column":27},"end":{"line":41,"column":44}},"locations":[{"start":{"line":41,"column":27},"end":{"line":41,"column":44}}]},"20":{"type":"branch","line":41,"loc":{"start":{"line":41,"column":45},"end":{"line":41,"column":56}},"locations":[{"start":{"line":41,"column":45},"end":{"line":41,"column":56}}]},"21":{"type":"branch","line":43,"loc":{"start":{"line":43,"column":6},"end":{"line":43,"column":42}},"locations":[{"start":{"line":43,"column":6},"end":{"line":43,"column":42}}]},"22":{"type":"branch","line":44,"loc":{"start":{"line":44,"column":6},"end":{"line":44,"column":17}},"locations":[{"start":{"line":44,"column":6},"end":{"line":44,"column":17}}]},"23":{"type":"branch","line":151,"loc":{"start":{"line":151,"column":12},"end":{"line":157,"column":3}},"locations":[{"start":{"line":151,"column":12},"end":{"line":157,"column":3}}]},"24":{"type":"branch","line":154,"loc":{"start":{"line":154,"column":-1},"end":{"line":156,"column":5}},"locations":[{"start":{"line":154,"column":-1},"end":{"line":156,"column":5}}]},"25":{"type":"branch","line":160,"loc":{"start":{"line":160,"column":10},"end":{"line":162,"column":3}},"locations":[{"start":{"line":160,"column":10},"end":{"line":162,"column":3}}]},"26":{"type":"branch","line":165,"loc":{"start":{"line":165,"column":17},"end":{"line":193,"column":3}},"locations":[{"start":{"line":165,"column":17},"end":{"line":193,"column":3}}]},"27":{"type":"branch","line":168,"loc":{"start":{"line":168,"column":16},"end":{"line":168,"column":28}},"locations":[{"start":{"line":168,"column":16},"end":{"line":168,"column":28}}]},"28":{"type":"branch","line":169,"loc":{"start":{"line":169,"column":-1},"end":{"line":171,"column":30}},"locations":[{"start":{"line":169,"column":-1},"end":{"line":171,"column":30}}]},"29":{"type":"branch","line":172,"loc":{"start":{"line":172,"column":-1},"end":{"line":174,"column":44}},"locations":[{"start":{"line":172,"column":-1},"end":{"line":174,"column":44}}]},"30":{"type":"branch","line":174,"loc":{"start":{"line":174,"column":46},"end":{"line":192,"column":5}},"locations":[{"start":{"line":174,"column":46},"end":{"line":192,"column":5}}]},"31":{"type":"branch","line":195,"loc":{"start":{"line":195,"column":19},"end":{"line":198,"column":3}},"locations":[{"start":{"line":195,"column":19},"end":{"line":198,"column":3}}]},"32":{"type":"branch","line":201,"loc":{"start":{"line":201,"column":9},"end":{"line":211,"column":3}},"locations":[{"start":{"line":201,"column":9},"end":{"line":211,"column":3}}]},"33":{"type":"branch","line":204,"loc":{"start":{"line":204,"column":-1},"end":{"line":206,"column":24}},"locations":[{"start":{"line":204,"column":-1},"end":{"line":206,"column":24}}]},"34":{"type":"branch","line":206,"loc":{"start":{"line":206,"column":17},"end":{"line":206,"column":29}},"locations":[{"start":{"line":206,"column":17},"end":{"line":206,"column":29}}]},"35":{"type":"branch","line":207,"loc":{"start":{"line":207,"column":-1},"end":{"line":208,"column":12}},"locations":[{"start":{"line":207,"column":-1},"end":{"line":208,"column":12}}]},"36":{"type":"branch","line":208,"loc":{"start":{"line":208,"column":6},"end":{"line":210,"column":5}},"locations":[{"start":{"line":208,"column":6},"end":{"line":210,"column":5}}]},"37":{"type":"branch","line":214,"loc":{"start":{"line":214,"column":28},"end":{"line":221,"column":4}},"locations":[{"start":{"line":214,"column":28},"end":{"line":221,"column":4}}]},"38":{"type":"branch","line":224,"loc":{"start":{"line":224,"column":19},"end":{"line":230,"column":3}},"locations":[{"start":{"line":224,"column":19},"end":{"line":230,"column":3}}]},"39":{"type":"branch","line":227,"loc":{"start":{"line":227,"column":-1},"end":{"line":230,"column":3}},"locations":[{"start":{"line":227,"column":-1},"end":{"line":230,"column":3}}]},"40":{"type":"branch","line":300,"loc":{"start":{"line":300,"column":21},"end":{"line":312,"column":3}},"locations":[{"start":{"line":300,"column":21},"end":{"line":312,"column":3}}]},"41":{"type":"branch","line":301,"loc":{"start":{"line":301,"column":18},"end":{"line":301,"column":25}},"locations":[{"start":{"line":301,"column":18},"end":{"line":301,"column":25}}]},"42":{"type":"branch","line":305,"loc":{"start":{"line":305,"column":-1},"end":{"line":306,"column":18}},"locations":[{"start":{"line":305,"column":-1},"end":{"line":306,"column":18}}]},"43":{"type":"branch","line":306,"loc":{"start":{"line":306,"column":18},"end":{"line":308,"column":7}},"locations":[{"start":{"line":306,"column":18},"end":{"line":308,"column":7}}]},"44":{"type":"branch","line":309,"loc":{"start":{"line":309,"column":6},"end":{"line":311,"column":5}},"locations":[{"start":{"line":309,"column":6},"end":{"line":311,"column":5}}]}},"b":{"0":[1],"1":[0],"2":[0],"3":[0],"4":[0],"5":[0],"6":[0],"7":[0],"8":[0],"9":[0],"10":[0],"11":[0],"12":[0],"13":[0],"14":[0],"15":[0],"16":[0],"17":[0],"18":[0],"19":[0],"20":[0],"21":[0],"22":[0],"23":[2],"24":[1],"25":[1],"26":[4],"27":[1],"28":[3],"29":[0],"30":[0],"31":[1],"32":[3],"33":[2],"34":[1],"35":[0],"36":[2],"37":[1],"38":[1],"39":[0],"40":[2],"41":[0],"42":[1],"43":[0],"44":[1]},"fnMap":{"0":{"name":"normalizeUserFromMe","decl":{"start":{"line":19,"column":0},"end":{"line":47,"column":1}},"loc":{"start":{"line":19,"column":0},"end":{"line":47,"column":1}},"line":19},"1":{"name":"login","decl":{"start":{"line":59,"column":9},"end":{"line":148,"column":3}},"loc":{"start":{"line":59,"column":9},"end":{"line":148,"column":3}},"line":59},"2":{"name":"register","decl":{"start":{"line":151,"column":12},"end":{"line":157,"column":3}},"loc":{"start":{"line":151,"column":12},"end":{"line":157,"column":3}},"line":151},"3":{"name":"logout","decl":{"start":{"line":160,"column":10},"end":{"line":162,"column":3}},"loc":{"start":{"line":160,"column":10},"end":{"line":162,"column":3}},"line":160},"4":{"name":"getStoredUser","decl":{"start":{"line":165,"column":17},"end":{"line":193,"column":3}},"loc":{"start":{"line":165,"column":17},"end":{"line":193,"column":3}},"line":165},"5":{"name":"isAuthenticated","decl":{"start":{"line":195,"column":19},"end":{"line":198,"column":3}},"loc":{"start":{"line":195,"column":19},"end":{"line":198,"column":3}},"line":195},"6":{"name":"getMe","decl":{"start":{"line":201,"column":9},"end":{"line":211,"column":3}},"loc":{"start":{"line":201,"column":9},"end":{"line":211,"column":3}},"line":201},"7":{"name":"buildProfilePhotoPayload","decl":{"start":{"line":214,"column":28},"end":{"line":221,"column":4}},"loc":{"start":{"line":214,"column":28},"end":{"line":221,"column":4}},"line":214},"8":{"name":"mergeStoredUser","decl":{"start":{"line":224,"column":19},"end":{"line":230,"column":3}},"loc":{"start":{"line":224,"column":19},"end":{"line":230,"column":3}},"line":224},"9":{"name":"updateMe","decl":{"start":{"line":235,"column":12},"end":{"line":288,"column":3}},"loc":{"start":{"line":235,"column":12},"end":{"line":288,"column":3}},"line":235},"10":{"name":"saveProfilePhoto","decl":{"start":{"line":291,"column":20},"end":{"line":297,"column":3}},"loc":{"start":{"line":291,"column":20},"end":{"line":297,"column":3}},"line":291},"11":{"name":"updateMyInterests","decl":{"start":{"line":300,"column":21},"end":{"line":312,"column":3}},"loc":{"start":{"line":300,"column":21},"end":{"line":312,"column":3}},"line":300}},"f":{"0":1,"1":0,"2":2,"3":1,"4":4,"5":1,"6":3,"7":1,"8":1,"9":0,"10":0,"11":2}}
,"/Users/bahadirkarakus/Advanced-Messaging-App-clone/src/services/businessService.ts": {"path":"/Users/bahadirkarakus/Advanced-Messaging-App-clone/src/services/businessService.ts","all":false,"statementMap":{"0":{"start":{"line":1,"column":0},"end":{"line":1,"column":41}},"1":{"start":{"line":2,"column":0},"end":{"line":2,"column":0}},"2":{"start":{"line":3,"column":0},"end":{"line":3,"column":134}},"3":{"start":{"line":4,"column":0},"end":{"line":4,"column":32}},"4":{"start":{"line":5,"column":0},"end":{"line":5,"column":62}},"5":{"start":{"line":6,"column":0},"end":{"line":6,"column":9}},"6":{"start":{"line":7,"column":0},"end":{"line":7,"column":53}},"7":{"start":{"line":8,"column":0},"end":{"line":8,"column":17}},"8":{"start":{"line":9,"column":0},"end":{"line":9,"column":27}},"9":{"start":{"line":10,"column":0},"end":{"line":10,"column":5}},"10":{"start":{"line":11,"column":0},"end":{"line":11,"column":4}},"11":{"start":{"line":12,"column":0},"end":{"line":12,"column":2}}},"s":{"0":1,"1":1,"2":1,"3":1,"4":1,"5":2,"6":2,"7":1,"8":1,"9":1,"10":1,"11":1},"branchMap":{"0":{"type":"branch","line":5,"loc":{"start":{"line":5,"column":2},"end":{"line":11,"column":3}},"locations":[{"start":{"line":5,"column":2},"end":{"line":11,"column":3}}]},"1":{"type":"branch","line":8,"loc":{"start":{"line":8,"column":-1},"end":{"line":10,"column":5}},"locations":[{"start":{"line":8,"column":-1},"end":{"line":10,"column":5}}]}},"b":{"0":[2],"1":[1]},"fnMap":{"0":{"name":"submit","decl":{"start":{"line":5,"column":2},"end":{"line":11,"column":3}},"loc":{"start":{"line":5,"column":2},"end":{"line":11,"column":3}},"line":5}},"f":{"0":2}}
,"/Users/bahadirkarakus/Advanced-Messaging-App-clone/src/services/chatAvatarService.ts": {"path":"/Users/bahadirkarakus/Advanced-Messaging-App-clone/src/services/chatAvatarService.ts","all":false,"statementMap":{"0":{"start":{"line":1,"column":0},"end":{"line":1,"column":83}},"1":{"start":{"line":2,"column":0},"end":{"line":2,"column":46}},"2":{"start":{"line":3,"column":0},"end":{"line":3,"column":0}},"3":{"start":{"line":4,"column":0},"end":{"line":4,"column":53}},"4":{"start":{"line":5,"column":0},"end":{"line":5,"column":64}},"5":{"start":{"line":6,"column":0},"end":{"line":6,"column":0}},"6":{"start":{"line":7,"column":0},"end":{"line":7,"column":75}},"7":{"start":{"line":8,"column":0},"end":{"line":8,"column":32}},"8":{"start":{"line":9,"column":0},"end":{"line":9,"column":28}},"9":{"start":{"line":10,"column":0},"end":{"line":10,"column":1}},"10":{"start":{"line":11,"column":0},"end":{"line":11,"column":0}},"11":{"start":{"line":12,"column":0},"end":{"line":12,"column":79}},"12":{"start":{"line":13,"column":0},"end":{"line":13,"column":22}},"13":{"start":{"line":14,"column":0},"end":{"line":14,"column":33}},"14":{"start":{"line":15,"column":0},"end":{"line":15,"column":1}},"15":{"start":{"line":16,"column":0},"end":{"line":16,"column":0}},"16":{"start":{"line":17,"column":0},"end":{"line":17,"column":78}},"17":{"start":{"line":18,"column":0},"end":{"line":18,"column":89}},"18":{"start":{"line":19,"column":0},"end":{"line":19,"column":32}},"19":{"start":{"line":20,"column":0},"end":{"line":20,"column":52}},"20":{"start":{"line":21,"column":0},"end":{"line":21,"column":0}},"21":{"start":{"line":22,"column":0},"end":{"line":22,"column":40}},"22":{"start":{"line":23,"column":0},"end":{"line":23,"column":32}},"23":{"start":{"line":24,"column":0},"end":{"line":24,"column":0}},"24":{"start":{"line":25,"column":0},"end":{"line":25,"column":29}},"25":{"start":{"line":26,"column":0},"end":{"line":26,"column":54}},"26":{"start":{"line":27,"column":0},"end":{"line":27,"column":16}},"27":{"start":{"line":28,"column":0},"end":{"line":28,"column":32}},"28":{"start":{"line":29,"column":0},"end":{"line":29,"column":19}},"29":{"start":{"line":30,"column":0},"end":{"line":30,"column":5}},"30":{"start":{"line":31,"column":0},"end":{"line":31,"column":0}},"31":{"start":{"line":32,"column":0},"end":{"line":32,"column":9}},"32":{"start":{"line":33,"column":0},"end":{"line":33,"column":54}},"33":{"start":{"line":34,"column":0},"end":{"line":34,"column":42}},"34":{"start":{"line":35,"column":0},"end":{"line":35,"column":80}},"35":{"start":{"line":36,"column":0},"end":{"line":36,"column":29}},"36":{"start":{"line":37,"column":0},"end":{"line":37,"column":13}},"37":{"start":{"line":38,"column":0},"end":{"line":38,"column":36}},"38":{"start":{"line":39,"column":0},"end":{"line":39,"column":23}},"39":{"start":{"line":40,"column":0},"end":{"line":40,"column":15}},"40":{"start":{"line":41,"column":0},"end":{"line":41,"column":30}},"41":{"start":{"line":42,"column":0},"end":{"line":42,"column":5}},"42":{"start":{"line":43,"column":0},"end":{"line":43,"column":7}},"43":{"start":{"line":44,"column":0},"end":{"line":44,"column":0}},"44":{"start":{"line":45,"column":0},"end":{"line":45,"column":29}},"45":{"start":{"line":46,"column":0},"end":{"line":46,"column":14}},"46":{"start":{"line":47,"column":0},"end":{"line":47,"column":1}},"47":{"start":{"line":48,"column":0},"end":{"line":48,"column":0}},"48":{"start":{"line":49,"column":0},"end":{"line":49,"column":81}},"49":{"start":{"line":50,"column":0},"end":{"line":50,"column":85}},"50":{"start":{"line":51,"column":0},"end":{"line":51,"column":28}},"51":{"start":{"line":52,"column":0},"end":{"line":52,"column":4}},"52":{"start":{"line":53,"column":0},"end":{"line":53,"column":34}},"53":{"start":{"line":54,"column":0},"end":{"line":54,"column":66}},"54":{"start":{"line":55,"column":0},"end":{"line":55,"column":1}}},"s":{"0":1,"1":1,"2":1,"3":1,"4":1,"5":1,"6":4,"7":4,"8":2,"9":2,"10":1,"11":4,"12":4,"13":3,"14":3,"15":1,"16":1,"17":1,"18":5,"19":5,"20":3,"21":3,"22":5,"23":3,"24":3,"25":3,"26":3,"27":0,"28":0,"29":0,"30":3,"31":3,"32":3,"33":3,"34":3,"35":3,"36":3,"37":0,"38":0,"39":0,"40":3,"41":3,"42":3,"43":3,"44":3,"45":3,"46":3,"47":1,"48":1,"49":3,"50":3,"51":3,"52":3,"53":2,"54":2},"branchMap":{"0":{"type":"branch","line":7,"loc":{"start":{"line":7,"column":0},"end":{"line":10,"column":1}},"locations":[{"start":{"line":7,"column":0},"end":{"line":10,"column":1}}]},"1":{"type":"branch","line":8,"loc":{"start":{"line":8,"column":15},"end":{"line":10,"column":1}},"locations":[{"start":{"line":8,"column":15},"end":{"line":10,"column":1}}]},"2":{"type":"branch","line":12,"loc":{"start":{"line":12,"column":0},"end":{"line":15,"column":1}},"locations":[{"start":{"line":12,"column":0},"end":{"line":15,"column":1}}]},"3":{"type":"branch","line":13,"loc":{"start":{"line":13,"column":15},"end":{"line":13,"column":22}},"locations":[{"start":{"line":13,"column":15},"end":{"line":13,"column":22}}]},"4":{"type":"branch","line":14,"loc":{"start":{"line":14,"column":-1},"end":{"line":15,"column":1}},"locations":[{"start":{"line":14,"column":-1},"end":{"line":15,"column":1}}]},"5":{"type":"branch","line":18,"loc":{"start":{"line":18,"column":7},"end":{"line":47,"column":1}},"locations":[{"start":{"line":18,"column":7},"end":{"line":47,"column":1}}]},"6":{"type":"branch","line":19,"loc":{"start":{"line":19,"column":15},"end":{"line":19,"column":32}},"locations":[{"start":{"line":19,"column":15},"end":{"line":19,"column":32}}]},"7":{"type":"branch","line":20,"loc":{"start":{"line":20,"column":-1},"end":{"line":20,"column":33}},"locations":[{"start":{"line":20,"column":-1},"end":{"line":20,"column":33}}]},"8":{"type":"branch","line":20,"loc":{"start":{"line":20,"column":26},"end":{"line":20,"column":52}},"locations":[{"start":{"line":20,"column":26},"end":{"line":20,"column":52}}]},"9":{"type":"branch","line":21,"loc":{"start":{"line":21,"column":-1},"end":{"line":23,"column":23}},"locations":[{"start":{"line":21,"column":-1},"end":{"line":23,"column":23}}]},"10":{"type":"branch","line":23,"loc":{"start":{"line":23,"column":16},"end":{"line":23,"column":32}},"locations":[{"start":{"line":23,"column":16},"end":{"line":23,"column":32}}]},"11":{"type":"branch","line":24,"loc":{"start":{"line":24,"column":-1},"end":{"line":47,"column":1}},"locations":[{"start":{"line":24,"column":-1},"end":{"line":47,"column":1}}]},"12":{"type":"branch","line":25,"loc":{"start":{"line":25,"column":16},"end":{"line":43,"column":3}},"locations":[{"start":{"line":25,"column":16},"end":{"line":43,"column":3}}]},"13":{"type":"branch","line":27,"loc":{"start":{"line":27,"column":15},"end":{"line":30,"column":5}},"locations":[{"start":{"line":27,"column":15},"end":{"line":30,"column":5}}]},"14":{"type":"branch","line":37,"loc":{"start":{"line":37,"column":6},"end":{"line":40,"column":15}},"locations":[{"start":{"line":37,"column":6},"end":{"line":40,"column":15}}]},"15":{"type":"branch","line":49,"loc":{"start":{"line":49,"column":7},"end":{"line":55,"column":1}},"locations":[{"start":{"line":49,"column":7},"end":{"line":55,"column":1}}]},"16":{"type":"branch","line":53,"loc":{"start":{"line":53,"column":27},"end":{"line":53,"column":34}},"locations":[{"start":{"line":53,"column":27},"end":{"line":53,"column":34}}]},"17":{"type":"branch","line":54,"loc":{"start":{"line":54,"column":-1},"end":{"line":55,"column":1}},"locations":[{"start":{"line":54,"column":-1},"end":{"line":55,"column":1}}]},"18":{"type":"branch","line":50,"loc":{"start":{"line":50,"column":41},"end":{"line":50,"column":58}},"locations":[{"start":{"line":50,"column":41},"end":{"line":50,"column":58}}]},"19":{"type":"branch","line":51,"loc":{"start":{"line":51,"column":4},"end":{"line":51,"column":27}},"locations":[{"start":{"line":51,"column":4},"end":{"line":51,"column":27}}]},"20":{"type":"branch","line":54,"loc":{"start":{"line":54,"column":31},"end":{"line":54,"column":63}},"locations":[{"start":{"line":54,"column":31},"end":{"line":54,"column":63}}]}},"b":{"0":[4],"1":[2],"2":[4],"3":[1],"4":[3],"5":[5],"6":[1],"7":[4],"8":[1],"9":[3],"10":[0],"11":[3],"12":[3],"13":[0],"14":[0],"15":[3],"16":[1],"17":[2],"18":[3],"19":[2],"20":[2]},"fnMap":{"0":{"name":"peekChatUserAvatarUrl","decl":{"start":{"line":7,"column":0},"end":{"line":10,"column":1}},"loc":{"start":{"line":7,"column":0},"end":{"line":10,"column":1}},"line":7},"1":{"name":"seedChatUserAvatar","decl":{"start":{"line":12,"column":0},"end":{"line":15,"column":1}},"loc":{"start":{"line":12,"column":0},"end":{"line":15,"column":1}},"line":12},"2":{"name":"getChatUserAvatarUrl","decl":{"start":{"line":18,"column":7},"end":{"line":47,"column":1}},"loc":{"start":{"line":18,"column":7},"end":{"line":47,"column":1}},"line":18},"3":{"name":"prefetchChatUserAvatars","decl":{"start":{"line":49,"column":7},"end":{"line":55,"column":1}},"loc":{"start":{"line":49,"column":7},"end":{"line":55,"column":1}},"line":49}},"f":{"0":4,"1":4,"2":5,"3":3}}
[...]
,"/Users/bahadirkarakus/Advanced-Messaging-App-clone/src/utils/mapPins.ts": {"path":"/Users/bahadirkarakus/Advanced-Messaging-App-clone/src/utils/mapPins.ts","all":false,"statementMap":{"0":{"start":{"line":1,"column":0},"end":{"line":1,"column":80}},"1":{"start":{"line":2,"column":0},"end":{"line":2,"column":0}},"2":{"start":{"line":3,"column":0},"end":{"line":3,"column":25}},"3":{"start":{"line":4,"column":0},"end":{"line":4,"column":12}},"4":{"start":{"line":5,"column":0},"end":{"line":5,"column":15}},"5":{"start":{"line":6,"column":0},"end":{"line":6,"column":17}},"6":{"start":{"line":7,"column":0},"end":{"line":7,"column":15}},"7":{"start":{"line":8,"column":0},"end":{"line":8,"column":15}},"8":{"start":{"line":9,"column":0},"end":{"line":9,"column":13}},"9":{"start":{"line":10,"column":0},"end":{"line":10,"column":13}},"10":{"start":{"line":11,"column":0},"end":{"line":11,"column":16}},"11":{"start":{"line":12,"column":0},"end":{"line":12,"column":62}},"12":{"start":{"line":13,"column":0},"end":{"line":13,"column":22}},"13":{"start":{"line":14,"column":0},"end":{"line":14,"column":1}},"14":{"start":{"line":15,"column":0},"end":{"line":15,"column":0}},"15":{"start":{"line":16,"column":0},"end":{"line":16,"column":59}},"16":{"start":{"line":17,"column":0},"end":{"line":17,"column":88}},"17":{"start":{"line":18,"column":0},"end":{"line":18,"column":31}},"18":{"start":{"line":19,"column":0},"end":{"line":19,"column":38}},"19":{"start":{"line":20,"column":0},"end":{"line":20,"column":9}},"20":{"start":{"line":21,"column":0},"end":{"line":21,"column":42}},"21":{"start":{"line":22,"column":0},"end":{"line":22,"column":43}},"22":{"start":{"line":23,"column":0},"end":{"line":23,"column":3}},"23":{"start":{"line":24,"column":0},"end":{"line":24,"column":1}},"24":{"start":{"line":25,"column":0},"end":{"line":25,"column":0}},"25":{"start":{"line":26,"column":0},"end":{"line":26,"column":33}},"26":{"start":{"line":27,"column":0},"end":{"line":27,"column":31}},"27":{"start":{"line":28,"column":0},"end":{"line":28,"column":15}},"28":{"start":{"line":29,"column":0},"end":{"line":29,"column":31}},"29":{"start":{"line":30,"column":0},"end":{"line":30,"column":11}},"30":{"start":{"line":31,"column":0},"end":{"line":31,"column":57}},"31":{"start":{"line":32,"column":0},"end":{"line":32,"column":46}},"32":{"start":{"line":33,"column":0},"end":{"line":33,"column":81}},"33":{"start":{"line":34,"column":0},"end":{"line":34,"column":14}},"34":{"start":{"line":35,"column":0},"end":{"line":35,"column":19}},"35":{"start":{"line":36,"column":0},"end":{"line":36,"column":12}},"36":{"start":{"line":37,"column":0},"end":{"line":37,"column":39}},"37":{"start":{"line":38,"column":0},"end":{"line":38,"column":51}},"38":{"start":{"line":39,"column":0},"end":{"line":39,"column":42}},"39":{"start":{"line":40,"column":0},"end":{"line":40,"column":5}},"40":{"start":{"line":41,"column":0},"end":{"line":41,"column":12}},"41":{"start":{"line":42,"column":0},"end":{"line":42,"column":44}},"42":{"start":{"line":43,"column":0},"end":{"line":43,"column":56}},"43":{"start":{"line":44,"column":0},"end":{"line":44,"column":47}},"44":{"start":{"line":45,"column":0},"end":{"line":45,"column":6}},"45":{"start":{"line":46,"column":0},"end":{"line":46,"column":0}},"46":{"start":{"line":47,"column":0},"end":{"line":47,"column":43}},"47":{"start":{"line":48,"column":0},"end":{"line":48,"column":48}},"48":{"start":{"line":49,"column":0},"end":{"line":49,"column":42}},"49":{"start":{"line":50,"column":0},"end":{"line":50,"column":0}},"50":{"start":{"line":51,"column":0},"end":{"line":51,"column":9}},"51":{"start":{"line":52,"column":0},"end":{"line":52,"column":27}},"52":{"start":{"line":53,"column":0},"end":{"line":53,"column":8}},"53":{"start":{"line":54,"column":0},"end":{"line":54,"column":33}},"54":{"start":{"line":55,"column":0},"end":{"line":55,"column":8}},"55":{"start":{"line":56,"column":0},"end":{"line":56,"column":8}},"56":{"start":{"line":57,"column":0},"end":{"line":57,"column":23}},"57":{"start":{"line":58,"column":0},"end":{"line":58,"column":24}},"58":{"start":{"line":59,"column":0},"end":{"line":59,"column":9}},"59":{"start":{"line":60,"column":0},"end":{"line":60,"column":23}},"60":{"start":{"line":61,"column":0},"end":{"line":61,"column":3}},"61":{"start":{"line":62,"column":0},"end":{"line":62,"column":1}}},"s":{"0":1,"1":1,"2":1,"3":1,"4":1,"5":1,"6":1,"7":1,"8":1,"9":1,"10":1,"11":1,"12":1,"13":1,"14":1,"15":1,"16":4,"17":4,"18":4,"19":4,"20":4,"21":4,"22":4,"23":4,"24":1,"25":3,"26":3,"27":3,"28":3,"29":3,"30":3,"31":3,"32":3,"33":3,"34":3,"35":3,"36":2,"37":2,"38":2,"39":3,"40":3,"41":1,"42":1,"43":1,"44":3,"45":3,"46":3,"47":3,"48":3,"49":3,"50":3,"51":3,"52":3,"53":3,"54":3,"55":3,"56":3,"57":3,"58":3,"59":3,"60":3,"61":3},"branchMap":{"0":{"type":"branch","line":17,"loc":{"start":{"line":17,"column":0},"end":{"line":24,"column":1}},"locations":[{"start":{"line":17,"column":0},"end":{"line":24,"column":1}}]},"1":{"type":"branch","line":26,"loc":{"start":{"line":26,"column":0},"end":{"line":62,"column":1}},"locations":[{"start":{"line":26,"column":0},"end":{"line":62,"column":1}}]},"2":{"type":"branch","line":31,"loc":{"start":{"line":31,"column":31},"end":{"line":31,"column":45}},"locations":[{"start":{"line":31,"column":31},"end":{"line":31,"column":45}}]},"3":{"type":"branch","line":31,"loc":{"start":{"line":31,"column":45},"end":{"line":31,"column":55}},"locations":[{"start":{"line":31,"column":45},"end":{"line":31,"column":55}}]},"4":{"type":"branch","line":33,"loc":{"start":{"line":33,"column":68},"end":{"line":33,"column":73}},"locations":[{"start":{"line":33,"column":68},"end":{"line":33,"column":73}}]},"5":{"type":"branch","line":36,"loc":{"start":{"line":36,"column":3},"end":{"line":39,"column":42}},"locations":[{"start":{"line":36,"column":3},"end":{"line":39,"column":42}}]},"6":{"type":"branch","line":38,"loc":{"start":{"line":38,"column":6},"end":{"line":38,"column":51}},"locations":[{"start":{"line":38,"column":6},"end":{"line":38,"column":51}}]},"7":{"type":"branch","line":41,"loc":{"start":{"line":41,"column":3},"end":{"line":44,"column":47}},"locations":[{"start":{"line":41,"column":3},"end":{"line":44,"column":47}}]},"8":{"type":"branch","line":43,"loc":{"start":{"line":43,"column":6},"end":{"line":43,"column":56}},"locations":[{"start":{"line":43,"column":6},"end":{"line":43,"column":56}}]},"9":{"type":"branch","line":48,"loc":{"start":{"line":48,"column":22},"end":{"line":48,"column":47}},"locations":[{"start":{"line":48,"column":22},"end":{"line":48,"column":47}}]},"10":{"type":"branch","line":49,"loc":{"start":{"line":49,"column":31},"end":{"line":49,"column":40}},"locations":[{"start":{"line":49,"column":31},"end":{"line":49,"column":40}}]},"11":{"type":"branch","line":54,"loc":{"start":{"line":54,"column":18},"end":{"line":54,"column":32}},"locations":[{"start":{"line":54,"column":18},"end":{"line":54,"column":32}}]}},"b":{"0":[4],"1":[3],"2":[1],"3":[0],"4":[0],"5":[2],"6":[0],"7":[1],"8":[0],"9":[1],"10":[0],"11":[0]},"fnMap":{"0":{"name":"fallbackLatLng","decl":{"start":{"line":17,"column":0},"end":{"line":24,"column":1}},"loc":{"start":{"line":17,"column":0},"end":{"line":24,"column":1}},"line":17},"1":{"name":"buildPinFromItem","decl":{"start":{"line":26,"column":0},"end":{"line":62,"column":1}},"loc":{"start":{"line":26,"column":0},"end":{"line":62,"column":1}},"line":26}},"f":{"0":4,"1":3}}
,"/Users/bahadirkarakus/Advanced-Messaging-App-clone/src/utils/notificationTime.ts": {"path":"/Users/bahadirkarakus/Advanced-Messaging-App-clone/src/utils/notificationTime.ts","all":false,"statementMap":{"0":{"start":{"line":1,"column":0},"end":{"line":1,"column":47}},"1":{"start":{"line":2,"column":0},"end":{"line":2,"column":0}},"2":{"start":{"line":3,"column":0},"end":{"line":3,"column":67}},"3":{"start":{"line":4,"column":0},"end":{"line":4,"column":35}},"4":{"start":{"line":5,"column":0},"end":{"line":5,"column":46}},"5":{"start":{"line":6,"column":0},"end":{"line":6,"column":56}},"6":{"start":{"line":7,"column":0},"end":{"line":7,"column":1}}},"s":{"0":1,"1":1,"2":2,"3":2,"4":2,"5":1,"6":1},"branchMap":{"0":{"type":"branch","line":3,"loc":{"start":{"line":3,"column":0},"end":{"line":7,"column":1}},"locations":[{"start":{"line":3,"column":0},"end":{"line":7,"column":1}}]},"1":{"type":"branch","line":5,"loc":{"start":{"line":5,"column":36},"end":{"line":7,"column":1}},"locations":[{"start":{"line":5,"column":36},"end":{"line":7,"column":1}}]}},"b":{"0":[2],"1":[1]},"fnMap":{"0":{"name":"formatNotificationTime","decl":{"start":{"line":3,"column":0},"end":{"line":7,"column":1}},"loc":{"start":{"line":3,"column":0},"end":{"line":7,"column":1}},"line":3}},"f":{"0":2}}
,"/Users/bahadirkarakus/Advanced-Messaging-App-clone/src/utils/userRole.ts": {"path":"/Users/bahadirkarakus/Advanced-Messaging-App-clone/src/utils/userRole.ts","all":false,"statementMap":{"0":{"start":{"line":1,"column":0},"end":{"line":1,"column":75}},"1":{"start":{"line":2,"column":0},"end":{"line":2,"column":64}},"2":{"start":{"line":3,"column":0},"end":{"line":3,"column":55}},"3":{"start":{"line":4,"column":0},"end":{"line":4,"column":55}},"4":{"start":{"line":5,"column":0},"end":{"line":5,"column":1}}},"s":{"0":1,"1":6,"2":6,"3":6,"4":6},"branchMap":{"0":{"type":"branch","line":2,"loc":{"start":{"line":2,"column":0},"end":{"line":5,"column":1}},"locations":[{"start":{"line":2,"column":0},"end":{"line":5,"column":1}}]},"1":{"type":"branch","line":3,"loc":{"start":{"line":3,"column":26},"end":{"line":3,"column":32}},"locations":[{"start":{"line":3,"column":26},"end":{"line":3,"column":32}}]},"2":{"type":"branch","line":4,"loc":{"start":{"line":4,"column":28},"end":{"line":4,"column":54}},"locations":[{"start":{"line":4,"column":28},"end":{"line":4,"column":54}}]}},"b":{"0":[6],"1":[1],"2":[4]},"fnMap":{"0":{"name":"isAdminOrGmUser","decl":{"start":{"line":2,"column":0},"end":{"line":5,"column":1}},"loc":{"start":{"line":2,"column":0},"end":{"line":5,"column":1}},"line":2}},"f":{"0":6}}
,"/Users/bahadirkarakus/Advanced-Messaging-App-clone/src/utils/weatherUtils.ts": {"path":"/Users/bahadirkarakus/Advanced-Messaging-App-clone/src/utils/weatherUtils.ts","all":false,"statementMap":{"0":{"start":{"line":1,"column":0},"end":{"line":1,"column":40}},"1":{"start":{"line":2,"column":0},"end":{"line":2,"column":46}},"2":{"start":{"line":3,"column":0},"end":{"line":3,"column":22}},"3":{"start":{"line":4,"column":0},"end":{"line":4,"column":1}},"4":{"start":{"line":5,"column":0},"end":{"line":5,"column":0}},"5":{"start":{"line":6,"column":0},"end":{"line":6,"column":66}},"6":{"start":{"line":7,"column":0},"end":{"line":7,"column":75}},"7":{"start":{"line":8,"column":0},"end":{"line":8,"column":88}},"8":{"start":{"line":9,"column":0},"end":{"line":9,"column":91}},"9":{"start":{"line":10,"column":0},"end":{"line":10,"column":92}},"10":{"start":{"line":11,"column":0},"end":{"line":11,"column":87}},"11":{"start":{"line":12,"column":0},"end":{"line":12,"column":96}},"12":{"start":{"line":13,"column":0},"end":{"line":13,"column":98}},"13":{"start":{"line":14,"column":0},"end":{"line":14,"column":95}},"14":{"start":{"line":15,"column":0},"end":{"line":15,"column":95}},"15":{"start":{"line":16,"column":0},"end":{"line":16,"column":102}},"16":{"start":{"line":17,"column":0},"end":{"line":17,"column":103}},"17":{"start":{"line":18,"column":0},"end":{"line":18,"column":103}},"18":{"start":{"line":19,"column":0},"end":{"line":19,"column":106}},"19":{"start":{"line":20,"column":0},"end":{"line":20,"column":111}},"20":{"start":{"line":21,"column":0},"end":{"line":21,"column":60}},"21":{"start":{"line":22,"column":0},"end":{"line":22,"column":1}}},"s":{"0":1,"1":1,"2":1,"3":1,"4":1,"5":1,"6":23,"7":23,"8":23,"9":23,"10":23,"11":23,"12":23,"13":23,"14":23,"15":23,"16":23,"17":23,"18":23,"19":23,"20":2,"21":2},"branchMap":{"0":{"type":"branch","line":7,"loc":{"start":{"line":7,"column":0},"end":{"line":22,"column":1}},"locations":[{"start":{"line":7,"column":0},"end":{"line":22,"column":1}}]},"1":{"type":"branch","line":8,"loc":{"start":{"line":8,"column":19},"end":{"line":8,"column":88}},"locations":[{"start":{"line":8,"column":19},"end":{"line":8,"column":88}}]},"2":{"type":"branch","line":9,"loc":{"start":{"line":9,"column":-1},"end":{"line":9,"column":26}},"locations":[{"start":{"line":9,"column":-1},"end":{"line":9,"column":26}}]},"3":{"type":"branch","line":9,"loc":{"start":{"line":9,"column":19},"end":{"line":9,"column":91}},"locations":[{"start":{"line":9,"column":19},"end":{"line":9,"column":91}}]},"4":{"type":"branch","line":10,"loc":{"start":{"line":10,"column":-1},"end":{"line":10,"column":26}},"locations":[{"start":{"line":10,"column":-1},"end":{"line":10,"column":26}}]},"5":{"type":"branch","line":10,"loc":{"start":{"line":10,"column":19},"end":{"line":10,"column":92}},"locations":[{"start":{"line":10,"column":19},"end":{"line":10,"column":92}}]},"6":{"type":"branch","line":11,"loc":{"start":{"line":11,"column":-1},"end":{"line":11,"column":26}},"locations":[{"start":{"line":11,"column":-1},"end":{"line":11,"column":26}}]},"7":{"type":"branch","line":11,"loc":{"start":{"line":11,"column":19},"end":{"line":11,"column":87}},"locations":[{"start":{"line":11,"column":19},"end":{"line":11,"column":87}}]},"8":{"type":"branch","line":12,"loc":{"start":{"line":12,"column":-1},"end":{"line":12,"column":21}},"locations":[{"start":{"line":12,"column":-1},"end":{"line":12,"column":21}}]},"9":{"type":"branch","line":12,"loc":{"start":{"line":12,"column":17},"end":{"line":12,"column":32}},"locations":[{"start":{"line":12,"column":17},"end":{"line":12,"column":32}}]},"10":{"type":"branch","line":12,"loc":{"start":{"line":12,"column":34},"end":{"line":12,"column":96}},"locations":[{"start":{"line":12,"column":34},"end":{"line":12,"column":96}}]},"11":{"type":"branch","line":13,"loc":{"start":{"line":13,"column":-1},"end":{"line":13,"column":20}},"locations":[{"start":{"line":13,"column":-1},"end":{"line":13,"column":20}}]},"12":{"type":"branch","line":13,"loc":{"start":{"line":13,"column":16},"end":{"line":13,"column":30}},"locations":[{"start":{"line":13,"column":16},"end":{"line":13,"column":30}}]},"13":{"type":"branch","line":13,"loc":{"start":{"line":13,"column":34},"end":{"line":13,"column":98}},"locations":[{"start":{"line":13,"column":34},"end":{"line":13,"column":98}}]},"14":{"type":"branch","line":14,"loc":{"start":{"line":14,"column":-1},"end":{"line":14,"column":20}},"locations":[{"start":{"line":14,"column":-1},"end":{"line":14,"column":20}}]},"15":{"type":"branch","line":14,"loc":{"start":{"line":14,"column":16},"end":{"line":14,"column":30}},"locations":[{"start":{"line":14,"column":16},"end":{"line":14,"column":30}}]},"16":{"type":"branch","line":14,"loc":{"start":{"line":14,"column":34},"end":{"line":14,"column":95}},"locations":[{"start":{"line":14,"column":34},"end":{"line":14,"column":95}}]},"17":{"type":"branch","line":15,"loc":{"start":{"line":15,"column":-1},"end":{"line":15,"column":20}},"locations":[{"start":{"line":15,"column":-1},"end":{"line":15,"column":20}}]},"18":{"type":"branch","line":15,"loc":{"start":{"line":15,"column":16},"end":{"line":15,"column":30}},"locations":[{"start":{"line":15,"column":16},"end":{"line":15,"column":30}}]},"19":{"type":"branch","line":15,"loc":{"start":{"line":15,"column":34},"end":{"line":15,"column":95}},"locations":[{"start":{"line":15,"column":34},"end":{"line":15,"column":95}}]},"20":{"type":"branch","line":16,"loc":{"start":{"line":16,"column":-1},"end":{"line":16,"column":41}},"locations":[{"start":{"line":16,"column":-1},"end":{"line":16,"column":41}}]},"21":{"type":"branch","line":16,"loc":{"start":{"line":16,"column":34},"end":{"line":16,"column":102}},"locations":[{"start":{"line":16,"column":34},"end":{"line":16,"column":102}}]},"22":{"type":"branch","line":17,"loc":{"start":{"line":17,"column":-1},"end":{"line":17,"column":20}},"locations":[{"start":{"line":17,"column":-1},"end":{"line":17,"column":20}}]},"23":{"type":"branch","line":17,"loc":{"start":{"line":17,"column":16},"end":{"line":17,"column":30}},"locations":[{"start":{"line":17,"column":16},"end":{"line":17,"column":30}}]},"24":{"type":"branch","line":17,"loc":{"start":{"line":17,"column":34},"end":{"line":17,"column":103}},"locations":[{"start":{"line":17,"column":34},"end":{"line":17,"column":103}}]},"25":{"type":"branch","line":18,"loc":{"start":{"line":18,"column":-1},"end":{"line":18,"column":20}},"locations":[{"start":{"line":18,"column":-1},"end":{"line":18,"column":20}}]},"26":{"type":"branch","line":18,"loc":{"start":{"line":18,"column":16},"end":{"line":18,"column":30}},"locations":[{"start":{"line":18,"column":16},"end":{"line":18,"column":30}}]},"27":{"type":"branch","line":18,"loc":{"start":{"line":18,"column":34},"end":{"line":18,"column":103}},"locations":[{"start":{"line":18,"column":34},"end":{"line":18,"column":103}}]},"28":{"type":"branch","line":19,"loc":{"start":{"line":19,"column":-1},"end":{"line":19,"column":41}},"locations":[{"start":{"line":19,"column":-1},"end":{"line":19,"column":41}}]},"29":{"type":"branch","line":19,"loc":{"start":{"line":19,"column":34},"end":{"line":19,"column":106}},"locations":[{"start":{"line":19,"column":34},"end":{"line":19,"column":106}}]},"30":{"type":"branch","line":20,"loc":{"start":{"line":20,"column":-1},"end":{"line":20,"column":20}},"locations":[{"start":{"line":20,"column":-1},"end":{"line":20,"column":20}}]},"31":{"type":"branch","line":20,"loc":{"start":{"line":20,"column":16},"end":{"line":20,"column":30}},"locations":[{"start":{"line":20,"column":16},"end":{"line":20,"column":30}}]},"32":{"type":"branch","line":20,"loc":{"start":{"line":20,"column":34},"end":{"line":22,"column":1}},"locations":[{"start":{"line":20,"column":34},"end":{"line":22,"column":1}}]}},"b":{"0":[23],"1":[2],"2":[21],"3":[1],"4":[20],"5":[2],"6":[18],"7":[2],"8":[16],"9":[14],"10":[3],"11":[13],"12":[12],"13":[1],"14":[12],"15":[11],"16":[3],"17":[9],"18":[8],"19":[2],"20":[7],"21":[0],"22":[7],"23":[6],"24":[1],"25":[6],"26":[5],"27":[1],"28":[5],"29":[1],"30":[4],"31":[3],"32":[2]},"fnMap":{"0":{"name":"interpretWeatherCode","decl":{"start":{"line":7,"column":0},"end":{"line":22,"column":1}},"loc":{"start":{"line":7,"column":0},"end":{"line":22,"column":1}},"line":7}},"f":{"0":23}}
}
