TN:
SF:src/hooks/useActiveChatRoom.ts
FN:6,useActiveChatRoom
FNF:1
FNH:0
FNDA:0,useActiveChatRoom
DA:1,1
DA:2,1
DA:3,1
DA:4,1
DA:5,1
DA:6,0
DA:7,0
DA:8,0
DA:9,0
DA:10,0
DA:11,0
DA:12,0
DA:13,0
DA:14,0
DA:15,0
DA:16,0
LF:16
LH:5
BRF:0
BRH:0
end_of_record
TN:
SF:src/hooks/useAiAssistant.ts
FN:5,useAiAssistant
FNF:1
FNH:0
FNDA:0,useAiAssistant
DA:1,1
DA:2,1
DA:3,1
DA:4,1
DA:5,0
DA:6,0
DA:7,0
DA:8,0
DA:9,0
DA:10,0
DA:11,0
DA:12,0
DA:13,0
DA:14,0
DA:15,0
DA:16,0
DA:17,0
DA:18,0
DA:19,0
DA:20,0
DA:21,0
DA:22,0
DA:23,0
DA:24,0
DA:25,0
DA:26,0
DA:27,0
DA:28,0
DA:29,0
DA:30,0
DA:31,0
DA:32,0
DA:33,0
DA:34,0
DA:35,0
DA:36,0
DA:37,0
DA:38,0
DA:39,0
DA:40,0
DA:41,0
DA:42,0
LF:42
LH:4
BRF:0
BRH:0
end_of_record
TN:
SF:src/hooks/useChatRooms.ts
FN:4,useChatRooms
FN:11,useGlobalRoom
FN:17,useDmRooms
FNF:3
FNH:2
FNDA:3,useChatRooms
FNDA:2,useGlobalRoom
FNDA:0,useDmRooms
DA:1,1
DA:2,1
DA:3,1
DA:4,1
DA:5,3
DA:6,3
DA:7,3
DA:8,3
DA:9,1
DA:10,1
DA:11,1
DA:12,2
DA:13,2
DA:14,2
DA:15,2
DA:16,1
DA:17,1
DA:18,0
DA:19,0
DA:20,0
DA:21,0
DA:22,0
DA:23,1
LF:23
LH:18
BRDA:4,0,0,3
BRDA:11,1,0,2
BRDA:13,2,0,1
BRDA:13,3,0,1
BRF:4
BRH:4
end_of_record
TN:
SF:src/hooks/useChatUserAvatars.ts
FN:1,(empty-report)
FNF:1
FNH:0
FNDA:0,(empty-report)
DA:1,0
DA:2,0
DA:3,0
DA:4,0
DA:5,0
DA:6,0
DA:7,0
DA:8,0
DA:9,0
DA:10,0
DA:11,0
DA:12,0
DA:13,0
DA:14,0
DA:15,0
DA:16,0
DA:17,0
DA:18,0
DA:19,0
DA:20,0
DA:21,0
DA:22,0
DA:23,0
DA:24,0
DA:25,0
DA:26,0
DA:27,0
DA:28,0
DA:29,0
DA:30,0
DA:31,0
DA:32,0
DA:33,0
DA:34,0
DA:35,0
DA:36,0
DA:37,0
DA:38,0
DA:39,0
DA:40,0
DA:41,0
DA:42,0
DA:43,0
DA:44,0
DA:45,0
DA:46,0
DA:47,0
DA:48,0
DA:49,0
DA:50,0
DA:51,0
DA:52,0
DA:53,0
DA:54,0
DA:55,0
DA:56,0
DA:57,0
DA:58,0
DA:59,0
DA:60,0
LF:60
LH:0
BRDA:1,0,0,0
BRF:1
BRH:0
end_of_record
TN:
SF:src/hooks/useEvents.ts
FN:4,useEvents
FNF:1
FNH:1
FNDA:2,useEvents
DA:1,1
DA:2,1
DA:3,1
DA:4,2
DA:5,2
DA:6,2
DA:7,2
DA:8,2
DA:9,2
DA:10,2
LF:10
LH:10
BRDA:4,0,0,2
BRF:1
BRH:1
end_of_record
TN:
SF:src/hooks/useFeaturedEvents.ts
FN:4,useFeaturedEvents
FN:7,queryFn
FNF:2
FNH:1
FNDA:1,useFeaturedEvents
FNDA:0,queryFn
DA:1,1
DA:2,1
DA:3,1
DA:4,1
DA:5,1
DA:6,1
DA:7,1
DA:8,1
DA:9,1
DA:10,1
LF:10
LH:10
BRDA:4,0,0,1
BRF:1
BRH:1
end_of_record
TN:
SF:src/hooks/useLatestNews.ts
FN:4,useLatestNews
FNF:1
FNH:1
FNDA:1,useLatestNews
DA:1,1
DA:2,1
DA:3,1
DA:4,1
DA:5,1
DA:6,1
DA:7,1
DA:8,1
DA:9,1
DA:10,1
LF:10
LH:10
BRDA:4,0,0,1
BRF:1
BRH:1
end_of_record
TN:
SF:src/hooks/useMyEvents.ts
FN:4,useMyEvents
FNF:1
FNH:1
FNDA:1,useMyEvents
DA:1,1
DA:2,1
DA:3,1
DA:4,1
DA:5,1
DA:6,1
DA:7,1
DA:8,1
DA:9,1
DA:10,1
LF:10
LH:10
BRDA:4,0,0,1
BRF:1
BRH:1
end_of_record
TN:
SF:src/hooks/useNewsSlides.ts
FN:4,useNewsSlides
FNF:1
FNH:1
FNDA:1,useNewsSlides
DA:1,1
DA:2,1
DA:3,1
DA:4,1
DA:5,1
DA:6,1
DA:7,1
DA:8,1
DA:9,1
DA:10,1
LF:10
LH:10
BRDA:4,0,0,1
BRF:1
BRH:1
end_of_record
TN:
SF:src/hooks/useNotifications.ts
FN:8,makeId
FN:12,normalizeNotification
FN:25,readStored
FN:43,writeStored
FN:48,useNotificationsState
FNF:5
FNH:0
FNDA:0,makeId
FNDA:0,normalizeNotification
FNDA:0,readStored
FNDA:0,writeStored
FNDA:0,useNotificationsState
DA:1,1
DA:2,1
DA:3,1
DA:4,1
DA:5,1
DA:6,1
DA:7,1
DA:8,0
DA:9,0
DA:10,0
DA:11,1
DA:12,0
DA:13,0
DA:14,0
DA:15,0
DA:16,0
DA:17,0
DA:18,0
DA:19,0
DA:20,0
DA:21,0
DA:22,0
DA:23,0
DA:24,1
DA:25,0
DA:26,0
DA:27,0
DA:28,0
DA:29,0
DA:30,0
DA:31,0
DA:32,0
DA:33,0
DA:34,0
DA:35,0
DA:36,0
DA:37,0
DA:38,0
DA:39,0
DA:40,0
DA:41,0
DA:42,1
DA:43,0
DA:44,0
DA:45,0
DA:46,1
DA:47,1
DA:48,0
DA:49,0
DA:50,0
DA:51,0
DA:52,0
DA:53,0
DA:54,0
DA:55,0
DA:56,0
DA:57,0
DA:58,0
DA:59,0
DA:60,0
DA:61,0
DA:62,0
DA:63,0
DA:64,0
DA:65,0
DA:66,0
DA:67,0
DA:68,0
DA:69,0
DA:70,0
DA:71,0
DA:72,0
DA:73,0
DA:74,0
DA:75,0
DA:76,0
DA:77,0
DA:78,0
DA:79,0
DA:80,0
DA:81,0
DA:82,0
DA:83,0
DA:84,0
DA:85,0
DA:86,0
DA:87,0
DA:88,0
DA:89,0
DA:90,0
DA:91,0
DA:92,0
DA:93,0
DA:94,0
DA:95,0
DA:96,0
DA:97,0
DA:98,0
DA:99,0
DA:100,0
DA:101,0
DA:102,0
DA:103,0
DA:104,0
DA:105,0
LF:105
LH:12
BRF:0
BRH:0
end_of_record
TN:
SF:src/hooks/useSponsors.ts
FN:4,useSponsors
FNF:1
FNH:1
FNDA:1,useSponsors
DA:1,1
DA:2,1
DA:3,1
DA:4,1
DA:5,1
DA:6,1
DA:7,1
DA:8,1
DA:9,1
DA:10,1
LF:10
LH:10
BRDA:4,0,0,1
BRF:1
BRH:1
end_of_record
TN:
SF:src/hooks/useUserProfile.ts
FN:12,useUserProfile
FNF:1
FNH:0
FNDA:0,useUserProfile
DA:1,1
DA:2,1
DA:3,1
DA:4,1
DA:5,1
DA:6,1
DA:7,1
DA:8,1
DA:9,1
DA:10,1
DA:11,1
DA:12,0
DA:13,0
DA:14,0
DA:15,0
DA:16,0
DA:17,0
DA:18,0
DA:19,0
DA:20,0
DA:21,0
DA:22,0
DA:23,0
DA:24,0
DA:25,0
DA:26,0
DA:27,0
DA:28,0
DA:29,0
DA:30,0
DA:31,0
DA:32,0
DA:33,0
DA:34,0
DA:35,0
LF:35
LH:11
BRF:0
BRH:0
end_of_record
TN:
SF:src/services/authService.ts
FN:19,normalizeUserFromMe
FN:59,login
FN:151,register
FN:160,logout
FN:165,getStoredUser
FN:195,isAuthenticated
FN:201,getMe
FN:214,buildProfilePhotoPayload
FN:224,mergeStoredUser
FN:235,updateMe
FN:291,saveProfilePhoto
FN:300,updateMyInterests
FNF:12
FNH:9
FNDA:1,normalizeUserFromMe
FNDA:0,login
FNDA:2,register
FNDA:1,logout
FNDA:4,getStoredUser
FNDA:1,isAuthenticated
FNDA:3,getMe
FNDA:1,buildProfilePhotoPayload
FNDA:1,mergeStoredUser
FNDA:0,updateMe
FNDA:0,saveProfilePhoto
FNDA:2,updateMyInterests
DA:1,1
DA:2,1
DA:3,1
DA:4,1
DA:5,1
DA:6,1
DA:7,1
DA:8,1
DA:9,1
DA:10,1
DA:11,1
DA:12,1
DA:13,1
DA:14,1
DA:15,1
DA:16,1
DA:17,1
DA:18,1
DA:19,1
DA:20,1
DA:21,0
DA:22,1
DA:23,1
DA:24,1
DA:25,1
DA:26,1
DA:27,1
DA:28,1
DA:29,1
DA:30,1
DA:31,1
DA:32,1
DA:33,1
DA:34,1
DA:35,1
DA:36,1
DA:37,1
DA:38,1
DA:39,1
DA:40,1
DA:41,1
DA:42,1
DA:43,1
DA:44,1
DA:45,1
DA:46,1
DA:47,1
DA:48,1
DA:49,1
DA:50,1
DA:51,1
DA:52,1
DA:53,1
DA:54,1
DA:55,1
DA:56,1
DA:57,1
DA:58,1
DA:59,1
DA:60,0
DA:61,0
DA:62,0
DA:63,0
DA:64,0
DA:65,0
DA:66,0
DA:67,0
DA:68,0
DA:69,0
DA:70,0
DA:71,0
DA:72,0
DA:73,0
DA:74,0
DA:75,0
DA:76,0
DA:77,0
DA:78,0
DA:79,0
DA:80,0
DA:81,0
DA:82,0
DA:83,0
DA:84,0
DA:85,0
DA:86,0
DA:87,0
DA:88,0
DA:89,0
DA:90,0
DA:91,0
DA:92,0
DA:93,0
DA:94,0
DA:95,0
DA:96,0
DA:97,0
DA:98,0
DA:99,0
DA:100,0
DA:101,0
DA:102,0
DA:103,0
DA:104,0
DA:105,0
DA:106,0
DA:107,0
DA:108,0
DA:109,0
DA:110,0
DA:111,0
DA:112,0
DA:113,0
DA:114,0
DA:115,0
DA:116,0
DA:117,0
DA:118,0
DA:119,0
DA:120,0
DA:121,0
DA:122,0
DA:123,0
DA:124,0
DA:125,0
DA:126,0
DA:127,0
DA:128,0
DA:129,0
DA:130,0
DA:131,0
DA:132,0
DA:133,0
DA:134,0
DA:135,0
DA:136,0
DA:137,0
DA:138,0
DA:139,0
DA:140,0
DA:141,0
DA:142,0
DA:143,0
DA:144,0
DA:145,0
DA:146,0
DA:147,0
DA:148,1
DA:149,1
DA:150,1
DA:151,1
DA:152,2
DA:153,2
DA:154,1
DA:155,1
DA:156,1
DA:157,1
DA:158,1
DA:159,1
DA:160,1
DA:161,1
DA:162,1
DA:163,1
DA:164,1
DA:165,1
DA:166,4
DA:167,4
DA:168,4
DA:169,3
DA:170,3
DA:171,3
DA:172,0
DA:173,0
DA:174,4
DA:175,0
DA:176,0
DA:177,0
DA:178,0
DA:179,0
DA:180,0
DA:181,0
DA:182,0
DA:183,0
DA:184,0
DA:185,0
DA:186,0
DA:187,0
DA:188,0
DA:189,0
DA:190,0
DA:191,0
DA:192,0
DA:193,1
DA:194,1
DA:195,1
DA:196,1
DA:197,1
DA:198,1
DA:199,1
DA:200,1
DA:201,1
DA:202,3
DA:203,3
DA:204,2
DA:205,2
DA:206,3
DA:207,0
DA:208,3
DA:209,2
DA:210,2
DA:211,1
DA:212,1
DA:213,1
DA:214,1
DA:215,1
DA:216,1
DA:217,1
DA:218,1
DA:219,1
DA:220,1
DA:221,1
DA:222,1
DA:223,1
DA:224,1
DA:225,1
DA:226,1
DA:227,0
DA:228,0
DA:229,0
DA:230,1
DA:231,1
DA:232,1
DA:233,1
DA:234,1
DA:235,1
DA:236,0
DA:237,0
DA:238,0
DA:239,0
DA:240,0
DA:241,0
DA:242,0
DA:243,0
DA:244,0
DA:245,0
DA:246,0
DA:247,0
DA:248,0
DA:249,0
DA:250,0
DA:251,0
DA:252,0
DA:253,0
DA:254,0
DA:255,0
DA:256,0
DA:257,0
DA:258,0
DA:259,0
DA:260,0
DA:261,0
DA:262,0
DA:263,0
DA:264,0
DA:265,0
DA:266,0
DA:267,0
DA:268,0
DA:269,0
DA:270,0
DA:271,0
DA:272,0
DA:273,0
DA:274,0
DA:275,0
DA:276,0
DA:277,0
DA:278,0
DA:279,0
DA:280,0
DA:281,0
DA:282,0
DA:283,0
DA:284,0
DA:285,0
DA:286,0
DA:287,0
DA:288,1
DA:289,1
DA:290,1
DA:291,1
DA:292,0
DA:293,0
DA:294,0
DA:295,0
DA:296,0
DA:297,1
DA:298,1
DA:299,1
DA:300,1
DA:301,2
DA:302,2
DA:303,2
DA:304,2
DA:305,1
DA:306,2
DA:307,0
DA:308,0
DA:309,2
DA:310,1
DA:311,1
DA:312,1
DA:313,1
LF:313
LH:141
BRDA:19,0,0,1
BRDA:20,1,0,0
BRDA:21,2,0,0
BRDA:22,3,0,0
BRDA:23,4,0,0
BRDA:25,5,0,0
BRDA:27,6,0,0
BRDA:27,7,0,0
BRDA:30,8,0,0
BRDA:30,9,0,0
BRDA:30,10,0,0
BRDA:30,11,0,0
BRDA:32,12,0,0
BRDA:33,13,0,0
BRDA:34,14,0,0
BRDA:39,15,0,0
BRDA:39,16,0,0
BRDA:40,17,0,0
BRDA:40,18,0,0
BRDA:41,19,0,0
BRDA:41,20,0,0
BRDA:43,21,0,0
BRDA:44,22,0,0
BRDA:151,23,0,2
BRDA:154,24,0,1
BRDA:160,25,0,1
BRDA:165,26,0,4
BRDA:168,27,0,1
BRDA:169,28,0,3
BRDA:172,29,0,0
BRDA:174,30,0,0
BRDA:195,31,0,1
BRDA:201,32,0,3
BRDA:204,33,0,2
BRDA:206,34,0,1
BRDA:207,35,0,0
BRDA:208,36,0,2
BRDA:214,37,0,1
BRDA:224,38,0,1
BRDA:227,39,0,0
BRDA:300,40,0,2
BRDA:301,41,0,0
BRDA:305,42,0,1
BRDA:306,43,0,0
BRDA:309,44,0,1
BRF:45
BRH:17
end_of_record
TN:
SF:src/services/businessService.ts
FN:5,submit
FNF:1
FNH:1
FNDA:2,submit
DA:1,1
DA:2,1
DA:3,1
DA:4,1
DA:5,1
DA:6,2
DA:7,2
DA:8,1
DA:9,1
DA:10,1
DA:11,1
DA:12,1
LF:12
LH:12
BRDA:5,0,0,2
BRDA:8,1,0,1
BRF:2
BRH:2
end_of_record
TN:
SF:src/services/chatAvatarService.ts
FN:7,peekChatUserAvatarUrl
FN:12,seedChatUserAvatar
FN:18,getChatUserAvatarUrl
FN:49,prefetchChatUserAvatars
FNF:4
FNH:4
FNDA:4,peekChatUserAvatarUrl
FNDA:4,seedChatUserAvatar
FNDA:5,getChatUserAvatarUrl
FNDA:3,prefetchChatUserAvatars
DA:1,1
DA:2,1
DA:3,1
DA:4,1
DA:5,1
DA:6,1
DA:7,4
DA:8,4
DA:9,2
DA:10,2
DA:11,1
DA:12,4
DA:13,4
DA:14,3
DA:15,3
DA:16,1
DA:17,1
DA:18,1
DA:19,5
DA:20,5
DA:21,3
DA:22,3
DA:23,5
DA:24,3
DA:25,3
DA:26,3
DA:27,3
DA:28,0
DA:29,0
DA:30,0
DA:31,3
DA:32,3
DA:33,3
DA:34,3
DA:35,3
DA:36,3
DA:37,3
DA:38,0
DA:39,0
DA:40,0
DA:41,3
DA:42,3
DA:43,3
DA:44,3
DA:45,3
DA:46,3
DA:47,3
DA:48,1
DA:49,1
DA:50,3
DA:51,3
DA:52,3
DA:53,3
DA:54,2
DA:55,2
LF:55
LH:49
BRDA:7,0,0,4
BRDA:8,1,0,2
BRDA:12,2,0,4
BRDA:13,3,0,1
BRDA:14,4,0,3
BRDA:18,5,0,5
BRDA:19,6,0,1
BRDA:20,7,0,4
BRDA:20,8,0,1
BRDA:21,9,0,3
BRDA:23,10,0,0
BRDA:24,11,0,3
BRDA:25,12,0,3
BRDA:27,13,0,0
BRDA:37,14,0,0
BRDA:49,15,0,3
BRDA:53,16,0,1
BRDA:54,17,0,2
BRDA:50,18,0,3
BRDA:51,19,0,2
BRDA:54,20,0,2
BRF:21
BRH:18
end_of_record
TN:
SF:src/services/chatService.ts
FN:27,getDmPeerName
FN:34,getRooms
FN:39,getDmRooms
FN:46,getOrCreateDmRoom
FN:54,getRoomMessages
FNF:5
FNH:3
FNDA:3,getDmPeerName
FNDA:2,getRooms
FNDA:0,getDmRooms
FNDA:0,getOrCreateDmRoom
FNDA:1,getRoomMessages
DA:1,1
DA:2,1
DA:3,1
DA:4,1
DA:5,1
DA:6,1
DA:7,1
DA:8,1
DA:9,1
DA:10,1
DA:11,1
DA:12,1
DA:13,1
DA:14,1
DA:15,1
DA:16,1
DA:17,1
DA:18,1
DA:19,1
DA:20,1
DA:21,1
DA:22,1
DA:23,1
DA:24,1
DA:25,1
DA:26,1
DA:27,3
DA:28,3
DA:29,3
DA:30,3
DA:31,3
DA:32,1
DA:33,1
DA:34,1
DA:35,2
DA:36,2
DA:37,1
DA:38,1
DA:39,1
DA:40,0
DA:41,0
DA:42,0
DA:43,0
DA:44,1
DA:45,1
DA:46,1
DA:47,0
DA:48,0
DA:49,0
DA:50,0
DA:51,0
DA:52,1
DA:53,1
DA:54,1
DA:55,1
DA:56,1
DA:57,1
DA:58,1
DA:59,1
DA:60,1
DA:61,1
DA:62,1
DA:63,1
DA:64,1
LF:64
LH:55
BRDA:27,0,0,3
BRDA:28,1,0,1
BRDA:29,2,0,2
BRDA:29,3,0,1
BRDA:30,4,0,1
BRDA:30,5,0,0
BRDA:30,6,0,1
BRDA:29,7,0,2
BRDA:34,8,0,2
BRDA:36,9,0,1
BRDA:36,10,0,0
BRDA:54,11,0,1
BRF:12
BRH:10
end_of_record
TN:
SF:src/services/contentNotificationService.ts
FN:25,readSeenIds
FN:37,writeSeenIds
FN:48,extractId
FN:72,diffAndRecordSeen
FN:119,resetContentTracking
FNF:5
FNH:4
FNDA:13,readSeenIds
FNDA:11,writeSeenIds
FNDA:19,extractId
FNDA:13,diffAndRecordSeen
FNDA:0,resetContentTracking
DA:1,1
DA:2,1
DA:3,1
DA:4,1
DA:5,1
DA:6,1
DA:7,1
DA:8,1
DA:9,1
DA:10,1
DA:11,1
DA:12,1
DA:13,1
DA:14,1
DA:15,1
DA:16,1
DA:17,1
DA:18,1
DA:19,1
DA:20,1
DA:21,1
DA:22,1
DA:23,1
DA:24,1
DA:25,13
DA:26,13
DA:27,13
DA:28,13
DA:29,5
DA:30,13
DA:31,5
DA:32,13
DA:33,0
DA:34,0
DA:35,13
DA:36,1
DA:37,11
DA:38,11
DA:39,11
DA:40,11
DA:41,11
DA:42,11
DA:43,11
DA:44,0
DA:45,0
DA:46,11
DA:47,1
DA:48,19
DA:49,19
DA:50,19
DA:51,19
DA:52,19
DA:53,19
DA:54,1
DA:55,1
DA:56,1
DA:57,1
DA:58,1
DA:59,1
DA:60,1
DA:61,1
DA:62,1
DA:63,1
DA:64,1
DA:65,1
DA:66,1
DA:67,1
DA:68,1
DA:69,1
DA:70,1
DA:71,1
DA:72,1
DA:73,13
DA:74,13
DA:75,13
DA:76,13
DA:77,13
DA:78,13
DA:79,13
DA:80,13
DA:81,19
DA:82,19
DA:83,19
DA:84,19
DA:85,19
DA:86,19
DA:87,13
DA:88,13
DA:89,13
DA:90,13
DA:91,13
DA:92,8
DA:93,8
DA:94,8
DA:95,5
DA:96,5
DA:97,5
DA:98,13
DA:99,10
DA:100,3
DA:101,3
DA:102,3
DA:103,10
DA:104,5
DA:105,13
DA:106,3
DA:107,3
DA:108,3
DA:109,3
DA:110,3
DA:111,5
DA:112,5
DA:113,13
DA:114,0
DA:115,0
DA:116,13
DA:117,1
DA:118,1
DA:119,1
DA:120,0
DA:121,0
DA:122,0
DA:123,0
DA:124,0
DA:125,0
LF:125
LH:113
BRDA:25,0,0,13
BRDA:28,1,0,8
BRDA:28,2,0,5
BRDA:30,3,0,0
BRDA:31,4,0,5
BRDA:32,5,0,0
BRDA:31,6,0,7
BRDA:37,7,0,11
BRDA:43,8,0,0
BRDA:48,9,0,19
BRDA:49,10,0,0
BRDA:51,11,0,3
BRDA:52,12,0,0
BRDA:72,13,0,13
BRDA:77,14,0,12
BRDA:77,15,0,1
BRDA:80,16,0,19
BRDA:91,17,0,8
BRDA:95,18,0,5
BRDA:98,19,0,10
BRDA:99,20,0,3
BRDA:104,21,0,5
BRDA:105,22,0,3
BRDA:111,23,0,5
BRDA:113,24,0,0
BRF:25
BRH:19
end_of_record
TN:
SF:src/services/eventService.ts
FN:8,getStoredRsvpIds
FN:19,persistRsvpIds
FN:26,getAll
FN:41,getAllForSync
FN:51,getFeatured
FN:61,getPinned
FN:71,getById
FN:85,create
FN:95,createFull
FN:105,update
FN:115,deleteById
FN:124,deleteImage
FN:133,rsvp
FN:147,cancelRsvp
FN:161,toggleRsvp
FN:178,hasLocalRsvp
FN:184,getMyRsvpEvents
FNF:17
FNH:13
FNDA:4,getStoredRsvpIds
FNDA:2,persistRsvpIds
FNDA:2,getAll
FNDA:0,getAllForSync
FNDA:2,getFeatured
FNDA:1,getPinned
FNDA:1,getById
FNDA:1,create
FNDA:0,createFull
FNDA:2,update
FNDA:1,deleteById
FNDA:0,deleteImage
FNDA:1,rsvp
FNDA:1,cancelRsvp
FNDA:0,toggleRsvp
FNDA:1,hasLocalRsvp
FNDA:1,getMyRsvpEvents
DA:1,1
DA:2,1
DA:3,1
DA:4,1
DA:5,1
DA:6,1
DA:7,1
DA:8,4
DA:9,4
DA:10,4
DA:11,4
DA:12,2
DA:13,4
DA:14,4
DA:15,0
DA:16,0
DA:17,4
DA:18,1
DA:19,2
DA:20,2
DA:21,2
DA:22,1
DA:23,1
DA:24,1
DA:25,1
DA:26,1
DA:27,2
DA:28,2
DA:29,1
DA:30,1
DA:31,1
DA:32,1
DA:33,1
DA:34,1
DA:35,1
DA:36,1
DA:37,1
DA:38,1
DA:39,1
DA:40,1
DA:41,1
DA:42,0
DA:43,0
DA:44,0
DA:45,0
DA:46,0
DA:47,0
DA:48,1
DA:49,1
DA:50,1
DA:51,1
DA:52,2
DA:53,2
DA:54,2
DA:55,2
DA:56,0
DA:57,0
DA:58,1
DA:59,1
DA:60,1
DA:61,1
DA:62,1
DA:63,1
DA:64,1
DA:65,1
DA:66,0
DA:67,0
DA:68,1
DA:69,1
DA:70,1
DA:71,1
DA:72,1
DA:73,1
DA:74,1
DA:75,1
DA:76,0
DA:77,0
DA:78,1
DA:79,1
DA:80,0
DA:81,0
DA:82,1
DA:83,1
DA:84,1
DA:85,1
DA:86,1
DA:87,1
DA:88,1
DA:89,1
DA:90,0
DA:91,0
DA:92,1
DA:93,1
DA:94,1
DA:95,1
DA:96,0
DA:97,0
DA:98,0
DA:99,0
DA:100,0
DA:101,0
DA:102,1
DA:103,1
DA:104,1
DA:105,1
DA:106,2
DA:107,2
DA:108,1
DA:109,1
DA:110,1
DA:111,1
DA:112,1
DA:113,1
DA:114,1
DA:115,1
DA:116,1
DA:117,1
DA:118,1
DA:119,0
DA:120,0
DA:121,1
DA:122,1
DA:123,1
DA:124,1
DA:125,0
DA:126,0
DA:127,0
DA:128,0
DA:129,0
DA:130,1
DA:131,1
DA:132,1
DA:133,1
DA:134,1
DA:135,1
DA:136,1
DA:137,1
DA:138,1
DA:139,1
DA:140,1
DA:141,1
DA:142,0
DA:143,0
DA:144,1
DA:145,1
DA:146,1
DA:147,1
DA:148,1
DA:149,1
DA:150,1
DA:151,1
DA:152,1
DA:153,0
DA:154,0
DA:155,1
DA:156,1
DA:157,1
DA:158,1
DA:159,1
DA:160,1
DA:161,1
DA:162,0
DA:163,0
DA:164,0
DA:165,0
DA:166,0
DA:167,0
DA:168,0
DA:169,0
DA:170,0
DA:171,0
DA:172,0
DA:173,0
DA:174,0
DA:175,0
DA:176,1
DA:177,1
DA:178,1
DA:179,1
DA:180,1
DA:181,1
DA:182,1
DA:183,1
DA:184,1
DA:185,1
DA:186,1
DA:187,0
DA:188,0
DA:189,0
DA:190,0
DA:191,1
DA:192,1
LF:192
LH:139
BRDA:8,0,0,4
BRDA:11,1,0,2
BRDA:13,2,0,0
BRDA:14,3,0,0
BRDA:19,4,0,2
BRDA:26,5,0,2
BRDA:29,6,0,1
BRDA:51,7,0,2
BRDA:55,8,0,0
BRDA:61,9,0,1
BRDA:65,10,0,0
BRDA:71,11,0,1
BRDA:75,12,0,0
BRDA:79,13,0,0
BRDA:85,14,0,1
BRDA:89,15,0,0
BRDA:105,16,0,2
BRDA:108,17,0,1
BRDA:115,18,0,1
BRDA:118,19,0,0
BRDA:133,20,0,1
BRDA:141,21,0,0
BRDA:147,22,0,1
BRDA:152,23,0,0
BRDA:178,24,0,1
BRDA:184,25,0,1
BRDA:187,26,0,0
BRF:27
BRH:16
end_of_record
TN:
SF:src/services/geocodeService.ts
FN:7,cacheKey
FN:11,waitForRateLimit
FN:20,geocodeAddressCached
FNF:3
FNH:3
FNDA:4,cacheKey
FNDA:3,waitForRateLimit
FNDA:5,geocodeAddressCached
DA:1,1
DA:2,1
DA:3,1
DA:4,1
DA:5,1
DA:6,1
DA:7,4
DA:8,4
DA:9,4
DA:10,1
DA:11,3
DA:12,3
DA:13,3
DA:14,2
DA:15,2
DA:16,3
DA:17,3
DA:18,1
DA:19,1
DA:20,1
DA:21,5
DA:22,5
DA:23,5
DA:24,5
DA:25,4
DA:26,4
DA:27,4
DA:28,4
DA:29,5
DA:30,1
DA:31,1
DA:32,1
DA:33,1
DA:34,1
DA:35,5
DA:36,0
DA:37,0
DA:38,3
DA:39,3
DA:40,3
DA:41,3
DA:42,3
DA:43,5
DA:44,5
DA:45,5
DA:46,5
DA:47,5
DA:48,5
DA:49,5
DA:50,2
DA:51,5
DA:52,1
DA:53,1
DA:54,1
DA:55,5
DA:56,1
DA:57,1
DA:58,1
DA:59,1
DA:60,1
DA:61,1
DA:62,5
LF:62
LH:60
BRDA:7,0,0,4
BRDA:11,1,0,3
BRDA:13,2,0,2
BRDA:14,3,0,2
BRDA:20,4,0,5
BRDA:24,5,0,1
BRDA:25,6,0,4
BRDA:29,7,0,1
BRDA:35,8,0,0
BRDA:38,9,0,3
BRDA:43,10,0,1
BRDA:44,11,0,2
BRDA:50,12,0,2
BRDA:51,13,0,1
BRDA:55,14,0,0
BRDA:56,15,0,1
BRF:16
BRH:14
end_of_record
TN:
SF:src/services/groqService.ts
FN:13,sendGeminiMessage
FN:50,moderateMessage
FNF:2
FNH:1
FNDA:3,sendGeminiMessage
FNDA:0,moderateMessage
DA:1,1
DA:2,1
DA:3,1
DA:4,1
DA:5,1
DA:6,1
DA:7,1
DA:8,1
DA:9,1
DA:10,1
DA:11,1
DA:12,1
DA:13,1
DA:14,3
DA:15,3
DA:16,3
DA:17,3
DA:18,3
DA:19,3
DA:20,0
DA:21,0
DA:22,3
DA:23,3
DA:24,3
DA:25,3
DA:26,3
DA:27,3
DA:28,3
DA:29,3
DA:30,3
DA:31,3
DA:32,3
DA:33,3
DA:34,3
DA:35,3
DA:36,3
DA:37,3
DA:38,3
DA:39,3
DA:40,1
DA:41,1
DA:42,1
DA:43,1
DA:44,2
DA:45,2
DA:46,3
DA:47,3
DA:48,1
DA:49,1
DA:50,1
DA:51,0
DA:52,0
DA:53,0
DA:54,0
DA:55,0
DA:56,0
DA:57,0
DA:58,0
DA:59,0
DA:60,0
DA:61,0
DA:62,0
DA:63,0
DA:64,0
DA:65,0
DA:66,0
DA:67,0
DA:68,0
DA:69,0
DA:70,0
DA:71,0
DA:72,0
DA:73,0
DA:74,0
DA:75,0
DA:76,0
DA:77,0
LF:77
LH:48
BRDA:13,0,0,3
BRDA:39,1,0,1
BRDA:44,2,0,2
BRDA:46,3,0,1
BRDA:46,4,0,1
BRF:5
BRH:5
end_of_record
TN:
SF:src/services/newsService.ts
FN:6,parseNewsArray
FN:21,getPage
FN:30,getSlides
FN:39,getLatest
FN:48,getAll
FN:57,getById
FN:68,create
FN:82,update
FN:96,delete
FN:108,deleteImage
FN:118,reorderImages
FNF:11
FNH:11
FNDA:5,parseNewsArray
FNDA:1,getPage
FNDA:2,getSlides
FNDA:1,getLatest
FNDA:3,getAll
FNDA:1,getById
FNDA:1,create
FNDA:1,update
FNDA:1,delete
FNDA:1,deleteImage
FNDA:1,reorderImages
DA:1,1
DA:2,1
DA:3,1
DA:4,1
DA:5,1
DA:6,5
DA:7,5
DA:8,3
DA:9,5
DA:10,0
DA:11,0
DA:12,0
DA:13,0
DA:14,0
DA:15,0
DA:16,0
DA:17,0
DA:18,0
DA:19,1
DA:20,1
DA:21,1
DA:22,1
DA:23,1
DA:24,1
DA:25,1
DA:26,0
DA:27,0
DA:28,1
DA:29,1
DA:30,1
DA:31,2
DA:32,2
DA:33,2
DA:34,2
DA:35,0
DA:36,0
DA:37,1
DA:38,1
DA:39,1
DA:40,1
DA:41,1
DA:42,1
DA:43,1
DA:44,0
DA:45,0
DA:46,1
DA:47,1
DA:48,1
DA:49,3
DA:50,3
DA:51,2
DA:52,3
DA:53,1
DA:54,1
DA:55,1
DA:56,1
DA:57,1
DA:58,1
DA:59,1
DA:60,1
DA:61,1
DA:62,1
DA:63,0
DA:64,0
DA:65,1
DA:66,1
DA:67,1
DA:68,1
DA:69,1
DA:70,1
DA:71,1
DA:72,1
DA:73,0
DA:74,0
DA:75,1
DA:76,1
DA:77,0
DA:78,0
DA:79,1
DA:80,1
DA:81,1
DA:82,1
DA:83,1
DA:84,1
DA:85,1
DA:86,1
DA:87,0
DA:88,0
DA:89,1
DA:90,1
DA:91,0
DA:92,0
DA:93,1
DA:94,1
DA:95,1
DA:96,1
DA:97,1
DA:98,1
DA:99,1
DA:100,0
DA:101,0
DA:102,1
DA:103,1
DA:104,1
DA:105,1
DA:106,1
DA:107,1
DA:108,1
DA:109,1
DA:110,1
DA:111,1
DA:112,1
DA:113,0
DA:114,0
DA:115,1
DA:116,1
DA:117,1
DA:118,1
DA:119,1
DA:120,1
DA:121,1
DA:122,0
DA:123,0
DA:124,1
DA:125,1
LF:125
LH:94
BRDA:6,0,0,5
BRDA:7,1,0,2
BRDA:8,2,0,3
BRDA:9,3,0,0
BRDA:9,4,0,0
BRDA:9,5,0,0
BRDA:21,6,0,1
BRDA:25,7,0,0
BRDA:30,8,0,2
BRDA:34,9,0,0
BRDA:39,10,0,1
BRDA:43,11,0,0
BRDA:48,12,0,3
BRDA:51,13,0,2
BRDA:52,14,0,1
BRDA:57,15,0,1
BRDA:62,16,0,0
BRDA:68,17,0,1
BRDA:72,18,0,0
BRDA:76,19,0,0
BRDA:82,20,0,1
BRDA:86,21,0,0
BRDA:90,22,0,0
BRDA:96,23,0,1
BRDA:99,24,0,0
BRDA:108,25,0,1
BRDA:112,26,0,0
BRDA:118,27,0,1
BRDA:121,28,0,0
BRF:29
BRH:15
end_of_record
TN:
SF:src/services/placeTypesService.ts
FN:18,getAll
FN:28,getWithPlaces
FN:38,getById
FN:52,create
FN:66,update
FN:80,delete
FNF:6
FNH:5
FNDA:2,getAll
FNDA:0,getWithPlaces
FNDA:1,getById
FNDA:1,create
FNDA:1,update
FNDA:1,delete
DA:1,1
DA:2,1
DA:3,1
DA:4,1
DA:5,1
DA:6,1
DA:7,1
DA:8,1
DA:9,1
DA:10,1
DA:11,1
DA:12,1
DA:13,1
DA:14,1
DA:15,1
DA:16,1
DA:17,1
DA:18,1
DA:19,2
DA:20,2
DA:21,1
DA:22,1
DA:23,1
DA:24,1
DA:25,1
DA:26,1
DA:27,1
DA:28,1
DA:29,0
DA:30,0
DA:31,0
DA:32,0
DA:33,0
DA:34,0
DA:35,1
DA:36,1
DA:37,1
DA:38,1
DA:39,1
DA:40,1
DA:41,1
DA:42,1
DA:43,0
DA:44,0
DA:45,1
DA:46,1
DA:47,0
DA:48,0
DA:49,1
DA:50,1
DA:51,1
DA:52,1
DA:53,1
DA:54,1
DA:55,1
DA:56,1
DA:57,0
DA:58,0
DA:59,1
DA:60,1
DA:61,0
DA:62,0
DA:63,1
DA:64,1
DA:65,1
DA:66,1
DA:67,1
DA:68,1
DA:69,1
DA:70,1
DA:71,0
DA:72,0
DA:73,1
DA:74,1
DA:75,0
DA:76,0
DA:77,1
DA:78,1
DA:79,1
DA:80,1
DA:81,1
DA:82,1
DA:83,1
DA:84,0
DA:85,0
DA:86,1
DA:87,1
LF:87
LH:67
BRDA:18,0,0,2
BRDA:21,1,0,1
BRDA:38,2,0,1
BRDA:42,3,0,0
BRDA:46,4,0,0
BRDA:52,5,0,1
BRDA:56,6,0,0
BRDA:60,7,0,0
BRDA:66,8,0,1
BRDA:70,9,0,0
BRDA:74,10,0,0
BRDA:80,11,0,1
BRDA:83,12,0,0
BRF:13
BRH:6
end_of_record
TN:
SF:src/services/placesService.ts
FN:25,getAll
FN:36,getFeatured
FN:47,getById
FN:57,getByType
FN:68,create
FN:82,submitGuest
FN:96,update
FN:110,delete
FN:122,deleteImage
FN:132,approve
FN:141,reorderImages
FN:150,addTag
FN:159,removeTag
FNF:13
FNH:12
FNDA:3,getAll
FNDA:1,getFeatured
FNDA:1,getById
FNDA:0,getByType
FNDA:1,create
FNDA:1,submitGuest
FNDA:1,update
FNDA:1,delete
FNDA:1,deleteImage
FNDA:1,approve
FNDA:1,reorderImages
FNDA:1,addTag
FNDA:1,removeTag
DA:1,1
DA:2,1
DA:3,1
DA:4,1
DA:5,1
DA:6,1
DA:7,1
DA:8,1
DA:9,1
DA:10,1
DA:11,1
DA:12,1
DA:13,1
DA:14,1
DA:15,1
DA:16,1
DA:17,1
DA:18,1
DA:19,1
DA:20,1
DA:21,1
DA:22,1
DA:23,1
DA:24,1
DA:25,1
DA:26,3
DA:27,3
DA:28,3
DA:29,3
DA:30,3
DA:31,1
DA:32,1
DA:33,1
DA:34,1
DA:35,1
DA:36,1
DA:37,1
DA:38,1
DA:39,1
DA:40,1
DA:41,1
DA:42,0
DA:43,0
DA:44,1
DA:45,1
DA:46,1
DA:47,1
DA:48,1
DA:49,1
DA:50,1
DA:51,1
DA:52,0
DA:53,0
DA:54,1
DA:55,1
DA:56,1
DA:57,1
DA:58,0
DA:59,0
DA:60,0
DA:61,0
DA:62,0
DA:63,0
DA:64,0
DA:65,1
DA:66,1
DA:67,1
DA:68,1
DA:69,1
DA:70,1
DA:71,1
DA:72,1
DA:73,0
DA:74,0
DA:75,1
DA:76,1
DA:77,0
DA:78,0
DA:79,1
DA:80,1
DA:81,1
DA:82,1
DA:83,1
DA:84,1
DA:85,1
DA:86,1
DA:87,0
DA:88,0
DA:89,1
DA:90,1
DA:91,0
DA:92,0
DA:93,1
DA:94,1
DA:95,1
DA:96,1
DA:97,1
DA:98,1
DA:99,1
DA:100,1
DA:101,0
DA:102,0
DA:103,1
DA:104,1
DA:105,0
DA:106,0
DA:107,1
DA:108,1
DA:109,1
DA:110,1
DA:111,1
DA:112,1
DA:113,1
DA:114,0
DA:115,0
DA:116,1
DA:117,1
DA:118,1
DA:119,1
DA:120,1
DA:121,1
DA:122,1
DA:123,1
DA:124,1
DA:125,1
DA:126,1
DA:127,0
DA:128,0
DA:129,1
DA:130,1
DA:131,1
DA:132,1
DA:133,1
DA:134,1
DA:135,1
DA:136,0
DA:137,0
DA:138,1
DA:139,1
DA:140,1
DA:141,1
DA:142,1
DA:143,1
DA:144,1
DA:145,0
DA:146,0
DA:147,1
DA:148,1
DA:149,1
DA:150,1
DA:151,1
DA:152,1
DA:153,1
DA:154,0
DA:155,0
DA:156,1
DA:157,1
DA:158,1
DA:159,1
DA:160,1
DA:161,1
DA:162,1
DA:163,1
DA:164,1
DA:165,0
DA:166,0
DA:167,1
DA:168,1
LF:168
LH:133
BRDA:25,0,0,3
BRDA:28,1,0,2
BRDA:28,2,0,1
BRDA:28,3,0,2
BRDA:29,4,0,1
BRDA:29,5,0,1
BRDA:30,6,0,1
BRDA:36,7,0,1
BRDA:40,8,0,0
BRDA:41,9,0,0
BRDA:47,10,0,1
BRDA:51,11,0,0
BRDA:68,12,0,1
BRDA:72,13,0,0
BRDA:76,14,0,0
BRDA:82,15,0,1
BRDA:86,16,0,0
BRDA:90,17,0,0
BRDA:96,18,0,1
BRDA:100,19,0,0
BRDA:104,20,0,0
BRDA:110,21,0,1
BRDA:113,22,0,0
BRDA:122,23,0,1
BRDA:126,24,0,0
BRDA:132,25,0,1
BRDA:135,26,0,0
BRDA:141,27,0,1
BRDA:144,28,0,0
BRDA:150,29,0,1
BRDA:153,30,0,0
BRDA:159,31,0,1
BRDA:164,32,0,0
BRF:33
BRH:18
end_of_record
TN:
SF:src/services/profilePhotoCache.ts
FN:6,getCachedProfilePhoto
FN:12,setCachedProfilePhoto
FN:18,enrichUserWithProfilePhoto
FNF:3
FNH:3
FNDA:2,getCachedProfilePhoto
FNDA:3,setCachedProfilePhoto
FNDA:1,enrichUserWithProfilePhoto
DA:1,1
DA:2,1
DA:3,1
DA:4,1
DA:5,1
DA:6,1
DA:7,2
DA:8,1
DA:9,2
DA:10,2
DA:11,1
DA:12,1
DA:13,3
DA:14,2
DA:15,2
DA:16,1
DA:17,1
DA:18,1
DA:19,1
DA:20,1
DA:21,1
DA:22,1
DA:23,1
DA:24,1
DA:25,0
DA:26,1
DA:27,1
LF:27
LH:26
BRDA:6,0,0,2
BRDA:7,1,0,1
BRDA:9,2,0,1
BRDA:9,3,0,0
BRDA:12,4,0,3
BRDA:13,5,0,2
BRDA:13,6,0,1
BRDA:14,7,0,2
BRDA:18,8,0,1
BRDA:20,9,0,0
BRDA:25,10,0,0
BRDA:26,11,0,0
BRF:12
BRH:8
end_of_record
TN:
SF:src/services/qaasService.ts
FN:15,getAll
FN:25,getById
FN:39,create
FN:53,update
FN:67,delete
FNF:5
FNH:5
FNDA:3,getAll
FNDA:1,getById
FNDA:1,create
FNDA:1,update
FNDA:1,delete
DA:1,1
DA:2,1
DA:3,1
DA:4,1
DA:5,1
DA:6,1
DA:7,1
DA:8,1
DA:9,1
DA:10,1
DA:11,1
DA:12,1
DA:13,1
DA:14,1
DA:15,1
DA:16,3
DA:17,3
DA:18,2
DA:19,3
DA:20,1
DA:21,1
DA:22,1
DA:23,1
DA:24,1
DA:25,1
DA:26,1
DA:27,1
DA:28,1
DA:29,1
DA:30,0
DA:31,0
DA:32,1
DA:33,1
DA:34,0
DA:35,0
DA:36,1
DA:37,1
DA:38,1
DA:39,1
DA:40,1
DA:41,1
DA:42,1
DA:43,1
DA:44,0
DA:45,0
DA:46,1
DA:47,1
DA:48,0
DA:49,0
DA:50,1
DA:51,1
DA:52,1
DA:53,1
DA:54,1
DA:55,1
DA:56,1
DA:57,1
DA:58,0
DA:59,0
DA:60,1
DA:61,1
DA:62,0
DA:63,0
DA:64,1
DA:65,1
DA:66,1
DA:67,1
DA:68,1
DA:69,1
DA:70,1
DA:71,0
DA:72,0
DA:73,1
DA:74,1
LF:74
LH:60
BRDA:15,0,0,3
BRDA:18,1,0,2
BRDA:19,2,0,1
BRDA:25,3,0,1
BRDA:29,4,0,0
BRDA:33,5,0,0
BRDA:39,6,0,1
BRDA:43,7,0,0
BRDA:47,8,0,0
BRDA:53,9,0,1
BRDA:57,10,0,0
BRDA:61,11,0,0
BRDA:67,12,0,1
BRDA:70,13,0,0
BRF:14
BRH:7
end_of_record
TN:
SF:src/services/realEstateService.ts
FN:32,getAll
FN:42,getFeatured
FN:52,getById
FN:68,getByType
FN:80,getByUserId
FN:92,submit
FN:106,update
FN:120,delete
FN:132,deleteImage
FN:142,reorderImages
FN:151,approve
FN:160,unapprove
FNF:12
FNH:11
FNDA:3,getAll
FNDA:1,getFeatured
FNDA:2,getById
FNDA:0,getByType
FNDA:1,getByUserId
FNDA:1,submit
FNDA:1,update
FNDA:1,delete
FNDA:1,deleteImage
FNDA:1,reorderImages
FNDA:1,approve
FNDA:1,unapprove
DA:1,1
DA:2,1
DA:3,1
DA:4,1
DA:5,1
DA:6,1
DA:7,1
DA:8,1
DA:9,1
DA:10,1
DA:11,1
DA:12,1
DA:13,1
DA:14,1
DA:15,1
DA:16,1
DA:17,1
DA:18,1
DA:19,1
DA:20,1
DA:21,1
DA:22,1
DA:23,1
DA:24,1
DA:25,1
DA:26,1
DA:27,1
DA:28,1
DA:29,1
DA:30,1
DA:31,1
DA:32,1
DA:33,3
DA:34,3
DA:35,2
DA:36,3
DA:37,1
DA:38,1
DA:39,1
DA:40,1
DA:41,1
DA:42,1
DA:43,1
DA:44,1
DA:45,1
DA:46,1
DA:47,0
DA:48,0
DA:49,1
DA:50,1
DA:51,1
DA:52,1
DA:53,2
DA:54,2
DA:55,2
DA:56,2
DA:57,1
DA:58,1
DA:59,1
DA:60,2
DA:61,1
DA:62,1
DA:63,1
DA:64,1
DA:65,1
DA:66,1
DA:67,1
DA:68,1
DA:69,0
DA:70,0
DA:71,0
DA:72,0
DA:73,0
DA:74,0
DA:75,0
DA:76,0
DA:77,1
DA:78,1
DA:79,1
DA:80,1
DA:81,1
DA:82,1
DA:83,1
DA:84,1
DA:85,1
DA:86,1
DA:87,0
DA:88,0
DA:89,1
DA:90,1
DA:91,1
DA:92,1
DA:93,1
DA:94,1
DA:95,1
DA:96,1
DA:97,0
DA:98,0
DA:99,1
DA:100,1
DA:101,0
DA:102,0
DA:103,1
DA:104,1
DA:105,1
DA:106,1
DA:107,1
DA:108,1
DA:109,1
DA:110,1
DA:111,0
DA:112,0
DA:113,1
DA:114,1
DA:115,0
DA:116,0
DA:117,1
DA:118,1
DA:119,1
DA:120,1
DA:121,1
DA:122,1
DA:123,1
DA:124,0
DA:125,0
DA:126,1
DA:127,1
DA:128,1
DA:129,1
DA:130,1
DA:131,1
DA:132,1
DA:133,1
DA:134,1
DA:135,1
DA:136,1
DA:137,0
DA:138,0
DA:139,1
DA:140,1
DA:141,1
DA:142,1
DA:143,1
DA:144,1
DA:145,1
DA:146,0
DA:147,0
DA:148,1
DA:149,1
DA:150,1
DA:151,1
DA:152,1
DA:153,1
DA:154,1
DA:155,0
DA:156,0
DA:157,1
DA:158,1
DA:159,1
DA:160,1
DA:161,1
DA:162,1
DA:163,1
DA:164,0
DA:165,0
DA:166,1
DA:167,1
LF:167
LH:137
BRDA:32,0,0,3
BRDA:35,1,0,2
BRDA:36,2,0,1
BRDA:42,3,0,1
BRDA:46,4,0,0
BRDA:52,5,0,2
BRDA:56,6,0,1
BRDA:56,7,0,1
BRDA:56,8,0,1
BRDA:60,9,0,0
BRDA:61,10,0,1
BRDA:80,11,0,1
BRDA:86,12,0,0
BRDA:92,13,0,1
BRDA:96,14,0,0
BRDA:100,15,0,0
BRDA:106,16,0,1
BRDA:110,17,0,0
BRDA:114,18,0,0
BRDA:120,19,0,1
BRDA:123,20,0,0
BRDA:132,21,0,1
BRDA:136,22,0,0
BRDA:142,23,0,1
BRDA:145,24,0,0
BRDA:151,25,0,1
BRDA:154,26,0,0
BRDA:160,27,0,1
BRDA:163,28,0,0
BRF:29
BRH:17
end_of_record
TN:
SF:src/services/rolesService.ts
FN:14,getPermissionsTemplate
FN:24,getAll
FN:33,getById
FN:46,create
FN:60,update
FN:74,delete
FNF:6
FNH:5
FNDA:0,getPermissionsTemplate
FNDA:2,getAll
FNDA:1,getById
FNDA:1,create
FNDA:1,update
FNDA:1,delete
DA:1,1
DA:2,1
DA:3,1
DA:4,1
DA:5,1
DA:6,1
DA:7,1
DA:8,1
DA:9,1
DA:10,1
DA:11,1
DA:12,1
DA:13,1
DA:14,1
DA:15,0
DA:16,0
DA:17,0
DA:18,0
DA:19,0
DA:20,0
DA:21,0
DA:22,1
DA:23,1
DA:24,1
DA:25,2
DA:26,2
DA:27,2
DA:28,2
DA:29,0
DA:30,0
DA:31,1
DA:32,1
DA:33,1
DA:34,1
DA:35,1
DA:36,1
DA:37,1
DA:38,0
DA:39,0
DA:40,1
DA:41,1
DA:42,0
DA:43,0
DA:44,1
DA:45,1
DA:46,1
DA:47,1
DA:48,1
DA:49,1
DA:50,1
DA:51,0
DA:52,0
DA:53,1
DA:54,1
DA:55,0
DA:56,0
DA:57,1
DA:58,1
DA:59,1
DA:60,1
DA:61,1
DA:62,1
DA:63,1
DA:64,1
DA:65,0
DA:66,0
DA:67,1
DA:68,1
DA:69,0
DA:70,0
DA:71,1
DA:72,1
DA:73,1
DA:74,1
DA:75,1
DA:76,1
DA:77,1
DA:78,0
DA:79,0
DA:80,1
DA:81,1
LF:81
LH:58
BRDA:24,0,0,2
BRDA:28,1,0,0
BRDA:33,2,0,1
BRDA:37,3,0,0
BRDA:41,4,0,0
BRDA:46,5,0,1
BRDA:50,6,0,0
BRDA:54,7,0,0
BRDA:60,8,0,1
BRDA:64,9,0,0
BRDA:68,10,0,0
BRDA:74,11,0,1
BRDA:77,12,0,0
BRF:13
BRH:5
end_of_record
TN:
SF:src/services/serviceTypesService.ts
FN:17,getAll
FN:26,getWithServices
FN:35,getById
FN:49,create
FN:63,update
FN:77,delete
FNF:6
FNH:5
FNDA:3,getAll
FNDA:0,getWithServices
FNDA:1,getById
FNDA:1,create
FNDA:1,update
FNDA:1,delete
DA:1,1
DA:2,1
DA:3,1
DA:4,1
DA:5,1
DA:6,1
DA:7,1
DA:8,1
DA:9,1
DA:10,1
DA:11,1
DA:12,1
DA:13,1
DA:14,1
DA:15,1
DA:16,1
DA:17,1
DA:18,3
DA:19,3
DA:20,2
DA:21,3
DA:22,1
DA:23,1
DA:24,1
DA:25,1
DA:26,1
DA:27,0
DA:28,0
DA:29,0
DA:30,0
DA:31,0
DA:32,0
DA:33,1
DA:34,1
DA:35,1
DA:36,1
DA:37,1
DA:38,1
DA:39,1
DA:40,0
DA:41,0
DA:42,1
DA:43,1
DA:44,0
DA:45,0
DA:46,1
DA:47,1
DA:48,1
DA:49,1
DA:50,1
DA:51,1
DA:52,1
DA:53,1
DA:54,0
DA:55,0
DA:56,1
DA:57,1
DA:58,0
DA:59,0
DA:60,1
DA:61,1
DA:62,1
DA:63,1
DA:64,1
DA:65,1
DA:66,1
DA:67,1
DA:68,0
DA:69,0
DA:70,1
DA:71,1
DA:72,0
DA:73,0
DA:74,1
DA:75,1
DA:76,1
DA:77,1
DA:78,1
DA:79,1
DA:80,1
DA:81,0
DA:82,0
DA:83,1
DA:84,1
LF:84
LH:64
BRDA:17,0,0,3
BRDA:20,1,0,2
BRDA:21,2,0,1
BRDA:35,3,0,1
BRDA:39,4,0,0
BRDA:43,5,0,0
BRDA:49,6,0,1
BRDA:53,7,0,0
BRDA:57,8,0,0
BRDA:63,9,0,1
BRDA:67,10,0,0
BRDA:71,11,0,0
BRDA:77,12,0,1
BRDA:80,13,0,0
BRF:14
BRH:7
end_of_record
TN:
SF:src/services/servicesService.ts
FN:26,getAll
FN:35,getPopular
FN:44,getById
FN:58,getByType
FN:69,create
FN:82,update
FN:95,delete
FN:104,deleteImage
FN:114,reorderImages
FNF:9
FNH:5
FNDA:3,getAll
FNDA:0,getPopular
FNDA:1,getById
FNDA:0,getByType
FNDA:1,create
FNDA:1,update
FNDA:1,delete
FNDA:0,deleteImage
FNDA:0,reorderImages
DA:1,1
DA:2,1
DA:3,1
DA:4,1
DA:5,1
DA:6,1
DA:7,1
DA:8,1
DA:9,1
DA:10,1
DA:11,1
DA:12,1
DA:13,1
DA:14,1
DA:15,1
DA:16,1
DA:17,1
DA:18,1
DA:19,1
DA:20,1
DA:21,1
DA:22,1
DA:23,1
DA:24,1
DA:25,1
DA:26,1
DA:27,3
DA:28,3
DA:29,2
DA:30,3
DA:31,1
DA:32,1
DA:33,1
DA:34,1
DA:35,1
DA:36,0
DA:37,0
DA:38,0
DA:39,0
DA:40,0
DA:41,0
DA:42,1
DA:43,1
DA:44,1
DA:45,1
DA:46,1
DA:47,1
DA:48,1
DA:49,1
DA:50,1
DA:51,0
DA:52,1
DA:53,1
DA:54,0
DA:55,0
DA:56,1
DA:57,1
DA:58,1
DA:59,0
DA:60,0
DA:61,0
DA:62,0
DA:63,0
DA:64,0
DA:65,0
DA:66,0
DA:67,1
DA:68,1
DA:69,1
DA:70,1
DA:71,1
DA:72,1
DA:73,1
DA:74,0
DA:75,0
DA:76,1
DA:77,1
DA:78,0
DA:79,0
DA:80,1
DA:81,1
DA:82,1
DA:83,1
DA:84,1
DA:85,1
DA:86,1
DA:87,0
DA:88,0
DA:89,1
DA:90,1
DA:91,0
DA:92,0
DA:93,1
DA:94,1
DA:95,1
DA:96,1
DA:97,1
DA:98,1
DA:99,0
DA:100,0
DA:101,1
DA:102,1
DA:103,1
DA:104,1
DA:105,0
DA:106,0
DA:107,0
DA:108,0
DA:109,0
DA:110,0
DA:111,1
DA:112,1
DA:113,1
DA:114,1
DA:115,0
DA:116,0
DA:117,0
DA:118,0
DA:119,0
DA:120,1
DA:121,1
LF:121
LH:83
BRDA:26,0,0,3
BRDA:29,1,0,2
BRDA:30,2,0,1
BRDA:44,3,0,1
BRDA:51,4,0,0
BRDA:52,5,0,0
BRDA:53,6,0,0
BRDA:69,7,0,1
BRDA:73,8,0,0
BRDA:77,9,0,0
BRDA:82,10,0,1
BRDA:86,11,0,0
BRDA:90,12,0,0
BRDA:95,13,0,1
BRDA:98,14,0,0
BRF:15
BRH:7
end_of_record
TN:
SF:src/services/sponsorsService.ts
FN:19,getAll
FN:28,getById
FN:41,create
FN:55,update
FN:69,delete
FNF:5
FNH:5
FNDA:3,getAll
FNDA:1,getById
FNDA:1,create
FNDA:1,update
FNDA:1,delete
DA:1,1
DA:2,1
DA:3,1
DA:4,1
DA:5,1
DA:6,1
DA:7,1
DA:8,1
DA:9,1
DA:10,1
DA:11,1
DA:12,1
DA:13,1
DA:14,1
DA:15,1
DA:16,1
DA:17,1
DA:18,1
DA:19,1
DA:20,3
DA:21,3
DA:22,2
DA:23,3
DA:24,1
DA:25,1
DA:26,1
DA:27,1
DA:28,1
DA:29,1
DA:30,1
DA:31,1
DA:32,1
DA:33,0
DA:34,0
DA:35,1
DA:36,1
DA:37,0
DA:38,0
DA:39,1
DA:40,1
DA:41,1
DA:42,1
DA:43,1
DA:44,1
DA:45,1
DA:46,0
DA:47,0
DA:48,1
DA:49,1
DA:50,0
DA:51,0
DA:52,1
DA:53,1
DA:54,1
DA:55,1
DA:56,1
DA:57,1
DA:58,1
DA:59,1
DA:60,0
DA:61,0
DA:62,1
DA:63,1
DA:64,0
DA:65,0
DA:66,1
DA:67,1
DA:68,1
DA:69,1
DA:70,1
DA:71,1
DA:72,1
DA:73,0
DA:74,0
DA:75,1
DA:76,1
LF:76
LH:62
BRDA:19,0,0,3
BRDA:22,1,0,2
BRDA:23,2,0,1
BRDA:28,3,0,1
BRDA:32,4,0,0
BRDA:36,5,0,0
BRDA:41,6,0,1
BRDA:45,7,0,0
BRDA:49,8,0,0
BRDA:55,9,0,1
BRDA:59,10,0,0
BRDA:63,11,0,0
BRDA:69,12,0,1
BRDA:72,13,0,0
BRF:14
BRH:7
end_of_record
TN:
SF:src/services/supabaseClient.ts
FN:1,(empty-report)
FNF:1
FNH:0
FNDA:0,(empty-report)
DA:1,0
DA:2,0
DA:3,0
DA:4,0
DA:5,0
DA:6,0
LF:6
LH:0
BRDA:1,0,0,0
BRF:1
BRH:0
end_of_record
TN:
SF:src/services/tripsService.ts
FN:33,getAll
FN:43,getWithApplications
FN:52,getById
FN:67,getApplications
FN:76,getAvailableDates
FN:88,apply
FN:96,create
FN:109,update
FN:122,delete
FNF:9
FNH:8
FNDA:3,getAll
FNDA:1,getWithApplications
FNDA:1,getById
FNDA:1,getApplications
FNDA:0,getAvailableDates
FNDA:2,apply
FNDA:1,create
FNDA:1,update
FNDA:1,delete
DA:1,1
DA:2,1
DA:3,1
DA:4,1
DA:5,1
DA:6,1
DA:7,1
DA:8,1
DA:9,1
DA:10,1
DA:11,1
DA:12,1
DA:13,1
DA:14,1
DA:15,1
DA:16,1
DA:17,1
DA:18,1
DA:19,1
DA:20,1
DA:21,1
DA:22,1
DA:23,1
DA:24,1
DA:25,1
DA:26,1
DA:27,1
DA:28,1
DA:29,1
DA:30,1
DA:31,1
DA:32,1
DA:33,1
DA:34,3
DA:35,3
DA:36,2
DA:37,3
DA:38,1
DA:39,1
DA:40,1
DA:41,1
DA:42,1
DA:43,1
DA:44,1
DA:45,1
DA:46,1
DA:47,1
DA:48,0
DA:49,0
DA:50,1
DA:51,1
DA:52,1
DA:53,1
DA:54,1
DA:55,1
DA:56,1
DA:57,1
DA:58,1
DA:59,0
DA:60,1
DA:61,1
DA:62,0
DA:63,0
DA:64,1
DA:65,1
DA:66,1
DA:67,1
DA:68,1
DA:69,1
DA:70,1
DA:71,1
DA:72,0
DA:73,0
DA:74,1
DA:75,1
DA:76,1
DA:77,0
DA:78,0
DA:79,0
DA:80,0
DA:81,0
DA:82,0
DA:83,0
DA:84,0
DA:85,0
DA:86,1
DA:87,1
DA:88,1
DA:89,2
DA:90,2
DA:91,1
DA:92,1
DA:93,1
DA:94,1
DA:95,1
DA:96,1
DA:97,1
DA:98,1
DA:99,1
DA:100,1
DA:101,0
DA:102,0
DA:103,1
DA:104,1
DA:105,0
DA:106,0
DA:107,1
DA:108,1
DA:109,1
DA:110,1
DA:111,1
DA:112,1
DA:113,1
DA:114,0
DA:115,0
DA:116,1
DA:117,1
DA:118,0
DA:119,0
DA:120,1
DA:121,1
DA:122,1
DA:123,1
DA:124,1
DA:125,1
DA:126,0
DA:127,0
DA:128,1
DA:129,1
LF:129
LH:103
BRDA:33,0,0,3
BRDA:36,1,0,2
BRDA:37,2,0,1
BRDA:43,3,0,1
BRDA:47,4,0,0
BRDA:52,5,0,1
BRDA:59,6,0,0
BRDA:60,7,0,0
BRDA:61,8,0,0
BRDA:67,9,0,1
BRDA:71,10,0,0
BRDA:88,11,0,2
BRDA:91,12,0,1
BRDA:96,13,0,1
BRDA:100,14,0,0
BRDA:104,15,0,0
BRDA:109,16,0,1
BRDA:113,17,0,0
BRDA:117,18,0,0
BRDA:122,19,0,1
BRDA:125,20,0,0
BRF:21
BRH:11
end_of_record
TN:
SF:src/services/usersService.ts
FN:9,normalizeUserRaw
FN:38,getAll
FN:56,getById
FN:75,update
FN:91,delete
FNF:5
FNH:5
FNDA:4,normalizeUserRaw
FNDA:3,getAll
FNDA:2,getById
FNDA:2,update
FNDA:1,delete
DA:1,1
DA:2,1
DA:3,1
DA:4,1
DA:5,1
DA:6,1
DA:7,1
DA:8,1
DA:9,4
DA:10,4
DA:11,4
DA:12,4
DA:13,4
DA:14,4
DA:15,4
DA:16,4
DA:17,4
DA:18,4
DA:19,4
DA:20,4
DA:21,4
DA:22,4
DA:23,4
DA:24,4
DA:25,4
DA:26,4
DA:27,4
DA:28,4
DA:29,4
DA:30,4
DA:31,4
DA:32,4
DA:33,4
DA:34,1
DA:35,1
DA:36,1
DA:37,1
DA:38,1
DA:39,3
DA:40,3
DA:41,3
DA:42,3
DA:43,2
DA:44,2
DA:45,2
DA:46,2
DA:47,2
DA:48,2
DA:49,2
DA:50,3
DA:51,1
DA:52,1
DA:53,1
DA:54,1
DA:55,1
DA:56,1
DA:57,2
DA:58,2
DA:59,2
DA:60,2
DA:61,2
DA:62,2
DA:63,2
DA:64,1
DA:65,1
DA:66,1
DA:67,2
DA:68,1
DA:69,1
DA:70,1
DA:71,1
DA:72,1
DA:73,1
DA:74,1
DA:75,1
DA:76,2
DA:77,2
DA:78,2
DA:79,2
DA:80,1
DA:81,1
DA:82,1
DA:83,2
DA:84,1
DA:85,1
DA:86,1
DA:87,1
DA:88,1
DA:89,1
DA:90,1
DA:91,1
DA:92,1
DA:93,1
DA:94,1
DA:95,0
DA:96,0
DA:97,1
DA:98,1
LF:98
LH:96
BRDA:9,0,0,4
BRDA:10,1,0,0
BRDA:10,2,0,0
BRDA:10,3,0,0
BRDA:11,4,0,0
BRDA:12,5,0,0
BRDA:13,6,0,0
BRDA:15,7,0,0
BRDA:15,8,0,0
BRDA:20,9,0,0
BRDA:21,10,0,0
BRDA:27,11,0,0
BRDA:27,12,0,0
BRDA:28,13,0,0
BRDA:29,14,0,0
BRDA:30,15,0,0
BRDA:38,16,0,3
BRDA:43,17,0,2
BRDA:50,18,0,1
BRDA:56,19,0,2
BRDA:63,20,0,1
BRDA:63,21,0,1
BRDA:67,22,0,0
BRDA:68,23,0,1
BRDA:75,24,0,2
BRDA:79,25,0,1
BRDA:79,26,0,1
BRDA:83,27,0,0
BRDA:84,28,0,1
BRDA:91,29,0,1
BRDA:94,30,0,0
BRF:31
BRH:13
end_of_record
TN:
SF:src/utils/apiUnwrap.ts
FN:5,unwrapApiEntity
FN:29,unwrapApiList
FNF:2
FNH:2
FNDA:46,unwrapApiEntity
FNDA:35,unwrapApiList
DA:1,1
DA:2,1
DA:3,1
DA:4,1
DA:5,46
DA:6,46
DA:7,46
DA:8,2
DA:9,2
DA:10,38
DA:11,38
DA:12,46
DA:13,1
DA:14,1
DA:15,37
DA:16,46
DA:17,3
DA:18,3
DA:19,1
DA:20,1
DA:21,1
DA:22,2
DA:23,2
DA:24,34
DA:25,34
DA:26,34
DA:27,1
DA:28,1
DA:29,35
DA:30,35
DA:31,26
DA:32,10
DA:33,5
DA:34,5
DA:35,5
DA:36,3
DA:37,3
LF:37
LH:37
BRDA:5,0,0,46
BRDA:6,1,0,44
BRDA:6,2,0,6
BRDA:7,3,0,40
BRDA:7,4,0,45
BRDA:7,5,0,2
BRDA:10,6,0,38
BRDA:12,7,0,2
BRDA:12,8,0,1
BRDA:12,9,0,45
BRDA:12,10,0,1
BRDA:15,11,0,37
BRDA:16,12,0,4
BRDA:16,13,0,45
BRDA:16,14,0,3
BRDA:18,15,0,1
BRDA:22,16,0,2
BRDA:24,17,0,34
BRDA:29,18,0,35
BRDA:30,19,0,30
BRDA:30,20,0,11
BRDA:31,21,0,26
BRDA:31,22,0,24
BRDA:31,23,0,18
BRDA:32,24,0,11
BRDA:32,25,0,10
BRDA:32,26,0,6
BRDA:32,27,0,5
BRDA:34,28,0,3
BRDA:36,29,0,3
BRF:30
BRH:30
end_of_record
TN:
SF:src/utils/eventPresentation.ts
FN:11,pickEventPlaceholderImage
FN:17,parseFlexibleEventDate
FN:26,contentToPlainLines
FN:37,eventInstagramUrl
FNF:4
FNH:4
FNDA:11,pickEventPlaceholderImage
FNDA:7,parseFlexibleEventDate
FNDA:6,contentToPlainLines
FNDA:6,eventInstagramUrl
DA:1,1
DA:2,1
DA:3,1
DA:4,1
DA:5,1
DA:6,1
DA:7,1
DA:8,1
DA:9,1
DA:10,1
DA:11,11
DA:12,11
DA:13,11
DA:14,11
DA:15,1
DA:16,1
DA:17,7
DA:18,7
DA:19,3
DA:20,7
DA:21,1
DA:22,7
DA:23,1
DA:24,1
DA:25,1
DA:26,6
DA:27,6
DA:28,6
DA:29,6
DA:30,6
DA:31,3
DA:32,6
DA:33,6
DA:34,6
DA:35,1
DA:36,1
DA:37,6
DA:38,6
DA:39,5
DA:40,5
DA:41,6
DA:42,6
DA:43,1
DA:44,6
DA:45,1
DA:46,1
DA:47,4
DA:48,4
LF:48
LH:48
BRDA:11,0,0,11
BRDA:12,1,0,67
BRDA:17,2,0,7
BRDA:18,3,0,4
BRDA:18,4,0,4
BRDA:19,5,0,3
BRDA:20,6,0,2
BRDA:21,7,0,1
BRDA:22,8,0,0
BRDA:23,9,0,1
BRDA:26,10,0,6
BRDA:29,11,0,3
BRDA:30,12,0,3
BRDA:31,13,0,1
BRDA:32,14,0,2
BRDA:33,15,0,12
BRDA:37,16,0,6
BRDA:38,17,0,2
BRDA:38,18,0,1
BRDA:39,19,0,5
BRDA:40,20,0,2
BRDA:41,21,0,1
BRDA:42,22,0,1
BRDA:44,23,0,1
BRDA:47,24,0,4
BRF:25
BRH:24
end_of_record
TN:
SF:src/utils/formatChatMessage.ts
FN:13,readSenderPhoto
FN:28,formatSocketChatMessage
FN:63,formatSocketChatMessages
FNF:3
FNH:3
FNDA:15,readSenderPhoto
FNDA:20,formatSocketChatMessage
FNDA:6,formatSocketChatMessages
DA:1,1
DA:2,1
DA:3,1
DA:4,1
DA:5,1
DA:6,1
DA:7,1
DA:8,1
DA:9,1
DA:10,1
DA:11,1
DA:12,1
DA:13,15
DA:14,15
DA:15,15
DA:16,15
DA:17,15
DA:18,15
DA:19,15
DA:20,15
DA:21,15
DA:22,15
DA:23,15
DA:24,15
DA:25,15
DA:26,15
DA:27,1
DA:28,20
DA:29,20
DA:30,20
DA:31,20
DA:32,20
DA:33,17
DA:34,20
DA:35,20
DA:36,15
DA:37,20
DA:38,20
DA:39,20
DA:40,20
DA:41,20
DA:42,20
DA:43,20
DA:44,20
DA:45,20
DA:46,20
DA:47,20
DA:48,20
DA:49,20
DA:50,20
DA:51,20
DA:52,20
DA:53,20
DA:54,20
DA:55,20
DA:56,20
DA:57,20
DA:58,20
DA:59,20
DA:60,20
DA:61,20
DA:62,1
DA:63,6
DA:64,6
DA:65,6
DA:66,6
DA:67,6
DA:68,6
DA:69,6
DA:70,3
DA:71,6
DA:72,6
DA:73,6
DA:74,6
DA:75,7
DA:76,7
DA:77,7
DA:78,6
DA:79,6
LF:79
LH:79
BRDA:13,0,0,15
BRDA:16,1,0,1
BRDA:16,2,0,1
BRDA:16,3,0,14
BRDA:18,4,0,14
BRDA:19,5,0,14
BRDA:20,6,0,14
BRDA:21,7,0,1
BRDA:21,8,0,14
BRDA:22,9,0,1
BRDA:22,10,0,14
BRDA:23,11,0,1
BRDA:23,12,0,14
BRDA:24,13,0,1
BRDA:25,14,0,1
BRDA:25,15,0,1
BRDA:25,16,0,14
BRDA:28,17,0,20
BRDA:32,18,0,18
BRDA:32,19,0,3
BRDA:33,20,0,17
BRDA:34,21,0,2
BRDA:34,22,0,2
BRDA:35,23,0,2
BRDA:36,24,0,15
BRDA:37,25,0,1
BRDA:37,26,0,0
BRDA:39,27,0,1
BRDA:40,28,0,0
BRDA:41,29,0,0
BRDA:44,30,0,2
BRDA:47,31,0,13
BRDA:48,32,0,2
BRDA:53,33,0,1
BRDA:54,34,0,1
BRDA:56,35,0,1
BRDA:56,36,0,0
BRDA:58,37,0,6
BRDA:59,38,0,15
BRDA:63,39,0,6
BRDA:68,40,0,3
BRDA:69,41,0,3
BRDA:69,42,0,2
BRDA:69,43,0,1
BRDA:70,44,0,1
BRDA:71,45,0,2
BRDA:72,46,0,0
BRDA:74,47,0,7
BRDA:76,48,0,6
BRF:49
BRH:44
end_of_record
TN:
SF:src/utils/mapCoordinates.ts
FN:12,normalizeCoordPair
FN:30,extractCoordinatesFromText
FN:55,extractAddressFromItem
FN:85,buildGeocodeQuery
FN:97,parseItemCoordinates
FN:153,parseCoordinateFields
FNF:6
FNH:4
FNDA:13,normalizeCoordPair
FNDA:27,extractCoordinatesFromText
FNDA:3,extractAddressFromItem
FNDA:0,buildGeocodeQuery
FNDA:17,parseItemCoordinates
FNDA:0,parseCoordinateFields
DA:1,1
DA:2,1
DA:3,1
DA:4,1
DA:5,1
DA:6,1
DA:7,1
DA:8,1
DA:9,1
DA:10,1
DA:11,1
DA:12,13
DA:13,13
DA:14,13
DA:15,13
DA:16,13
DA:17,13
DA:18,11
DA:19,11
DA:20,11
DA:21,13
DA:22,13
DA:23,1
DA:24,1
DA:25,10
DA:26,10
DA:27,10
DA:28,1
DA:29,1
DA:30,27
DA:31,27
DA:32,27
DA:33,27
DA:34,2
DA:35,2
DA:36,2
DA:37,2
DA:38,2
DA:39,2
DA:40,2
DA:41,2
DA:42,22
DA:43,3
DA:44,3
DA:45,2
DA:46,2
DA:47,2
DA:48,2
DA:49,3
DA:50,0
DA:51,0
DA:52,0
DA:53,1
DA:54,1
DA:55,3
DA:56,3
DA:57,3
DA:58,2
DA:59,3
DA:60,0
DA:61,0
DA:62,2
DA:63,3
DA:64,3
DA:65,3
DA:66,3
DA:67,3
DA:68,2
DA:69,2
DA:70,2
DA:71,2
DA:72,3
DA:73,2
DA:74,2
DA:75,2
DA:76,2
DA:77,3
DA:78,0
DA:79,0
DA:80,2
DA:81,3
DA:82,3
DA:83,1
DA:84,1
DA:85,0
DA:86,0
DA:87,0
DA:88,0
DA:89,0
DA:90,0
DA:91,0
DA:92,0
DA:93,0
DA:94,0
DA:95,1
DA:96,1
DA:97,17
DA:98,17
DA:99,17
DA:100,17
DA:101,17
DA:102,17
DA:103,17
DA:104,17
DA:105,17
DA:106,17
DA:107,17
DA:108,17
DA:109,17
DA:110,17
DA:111,17
DA:112,17
DA:113,17
DA:114,17
DA:115,6
DA:116,17
DA:117,17
DA:118,17
DA:119,17
DA:120,17
DA:121,6
DA:122,17
DA:123,17
DA:124,17
DA:125,11
DA:126,11
DA:127,6
DA:128,17
DA:129,17
DA:130,0
DA:131,0
DA:132,0
DA:133,0
DA:134,0
DA:135,0
DA:136,0
DA:137,0
DA:138,0
DA:139,0
DA:140,6
DA:141,17
DA:142,26
DA:143,26
DA:144,26
DA:145,5
DA:146,5
DA:147,5
DA:148,1
DA:149,1
DA:150,1
DA:151,1
DA:152,1
DA:153,0
DA:154,0
DA:155,0
DA:156,0
DA:157,0
DA:158,0
DA:159,0
DA:160,0
DA:161,0
LF:161
LH:125
BRDA:12,0,0,13
BRDA:16,1,0,0
BRDA:17,2,0,12
BRDA:17,3,0,12
BRDA:17,4,0,2
BRDA:18,5,0,11
BRDA:21,6,0,10
BRDA:21,7,0,1
BRDA:21,8,0,1
BRDA:22,9,0,1
BRDA:25,10,0,10
BRDA:30,11,0,27
BRDA:33,12,0,25
BRDA:34,13,0,22
BRDA:34,14,0,2
BRDA:42,15,0,3
BRDA:44,16,0,1
BRDA:45,17,0,2
BRDA:50,18,0,0
BRDA:55,19,0,3
BRDA:56,20,0,2
BRDA:57,21,0,1
BRDA:58,22,0,2
BRDA:59,23,0,0
BRDA:59,24,0,0
BRDA:62,25,0,2
BRDA:63,26,0,2
BRDA:67,27,0,0
BRDA:67,28,0,0
BRDA:68,29,0,2
BRDA:72,30,0,0
BRDA:72,31,0,0
BRDA:73,32,0,2
BRDA:77,33,0,0
BRDA:77,34,0,0
BRDA:80,35,0,2
BRDA:81,36,0,1
BRDA:81,37,0,0
BRDA:97,38,0,17
BRDA:101,39,0,6
BRDA:102,40,0,5
BRDA:103,41,0,1
BRDA:103,42,0,4
BRDA:104,43,0,0
BRDA:106,44,0,6
BRDA:107,45,0,5
BRDA:108,46,0,1
BRDA:108,47,0,4
BRDA:109,48,0,0
BRDA:113,49,0,11
BRDA:114,50,0,6
BRDA:115,51,0,2
BRDA:116,52,0,4
BRDA:119,53,0,11
BRDA:120,54,0,6
BRDA:121,55,0,2
BRDA:122,56,0,4
BRDA:124,57,0,12
BRDA:124,58,0,11
BRDA:127,59,0,6
BRDA:128,60,0,0
BRDA:128,61,0,6
BRDA:129,62,0,0
BRDA:129,63,0,0
BRDA:140,64,0,6
BRDA:141,65,0,26
BRDA:142,66,0,25
BRDA:143,67,0,1
BRDA:145,68,0,5
BRF:69
BRH:53
end_of_record
TN:
SF:src/utils/mapPins.ts
FN:17,fallbackLatLng
FN:26,buildPinFromItem
FNF:2
FNH:2
FNDA:4,fallbackLatLng
FNDA:3,buildPinFromItem
DA:1,1
DA:2,1
DA:3,1
DA:4,1
DA:5,1
DA:6,1
DA:7,1
DA:8,1
DA:9,1
DA:10,1
DA:11,1
DA:12,1
DA:13,1
DA:14,1
DA:15,1
DA:16,1
DA:17,4
DA:18,4
DA:19,4
DA:20,4
DA:21,4
DA:22,4
DA:23,4
DA:24,4
DA:25,1
DA:26,3
DA:27,3
DA:28,3
DA:29,3
DA:30,3
DA:31,3
DA:32,3
DA:33,3
DA:34,3
DA:35,3
DA:36,3
DA:37,2
DA:38,2
DA:39,2
DA:40,3
DA:41,3
DA:42,1
DA:43,1
DA:44,1
DA:45,3
DA:46,3
DA:47,3
DA:48,3
DA:49,3
DA:50,3
DA:51,3
DA:52,3
DA:53,3
DA:54,3
DA:55,3
DA:56,3
DA:57,3
DA:58,3
DA:59,3
DA:60,3
DA:61,3
DA:62,3
LF:62
LH:62
BRDA:17,0,0,4
BRDA:26,1,0,3
BRDA:31,2,0,1
BRDA:31,3,0,0
BRDA:33,4,0,0
BRDA:36,5,0,2
BRDA:38,6,0,0
BRDA:41,7,0,1
BRDA:43,8,0,0
BRDA:48,9,0,1
BRDA:49,10,0,0
BRDA:54,11,0,0
BRF:12
BRH:6
end_of_record
TN:
SF:src/utils/notificationTime.ts
FN:3,formatNotificationTime
FNF:1
FNH:1
FNDA:2,formatNotificationTime
DA:1,1
DA:2,1
DA:3,2
DA:4,2
DA:5,2
DA:6,1
DA:7,1
LF:7
LH:7
BRDA:3,0,0,2
BRDA:5,1,0,1
BRF:2
BRH:2
end_of_record
TN:
SF:src/utils/userRole.ts
FN:2,isAdminOrGmUser
FNF:1
FNH:1
FNDA:6,isAdminOrGmUser
DA:1,1
DA:2,6
DA:3,6
DA:4,6
DA:5,6
LF:5
LH:5
BRDA:2,0,0,6
BRDA:3,1,0,1
BRDA:4,2,0,4
BRF:3
BRH:3
end_of_record
TN:
SF:src/utils/weatherUtils.ts
FN:7,interpretWeatherCode
FNF:1
FNH:1
FNDA:23,interpretWeatherCode
DA:1,1
DA:2,1
DA:3,1
DA:4,1
DA:5,1
DA:6,1
DA:7,23
DA:8,23
DA:9,23
DA:10,23
DA:11,23
DA:12,23
DA:13,23
DA:14,23
DA:15,23
DA:16,23
DA:17,23
DA:18,23
DA:19,23
DA:20,23
DA:21,2
DA:22,2
LF:22
LH:22
BRDA:7,0,0,23
BRDA:8,1,0,2
BRDA:9,2,0,21
BRDA:9,3,0,1
BRDA:10,4,0,20
BRDA:10,5,0,2
BRDA:11,6,0,18
BRDA:11,7,0,2
BRDA:12,8,0,16
BRDA:12,9,0,14
BRDA:12,10,0,3
BRDA:13,11,0,13
BRDA:13,12,0,12
BRDA:13,13,0,1
BRDA:14,14,0,12
BRDA:14,15,0,11
BRDA:14,16,0,3
BRDA:15,17,0,9
BRDA:15,18,0,8
BRDA:15,19,0,2
BRDA:16,20,0,7
BRDA:16,21,0,0
BRDA:17,22,0,7
BRDA:17,23,0,6
BRDA:17,24,0,1
BRDA:18,25,0,6
BRDA:18,26,0,5
BRDA:18,27,0,1
BRDA:19,28,0,5
BRDA:19,29,0,1
BRDA:20,30,0,4
BRDA:20,31,0,3
BRDA:20,32,0,2
BRF:33
BRH:32
end_of_record
